#
# A fatal error has been detected by the Java Runtime Environment:
#
#  EXCEPTION_ACCESS_VIOLATION (0xc0000005) at pc=0x1516700d, pid=7472, tid=0x000017a8
#
# JRE version: Java(TM) SE Runtime Environment (8.0_102-b14) (build 1.8.0_102-b14)
# Java VM: Java HotSpot(TM) Client VM (25.102-b14 mixed mode windows-x86 )
# Problematic frame:
# C  [VsIj_Native.dll+0x1700d]
#
# Failed to write core dump. Minidumps are not enabled by default on client versions of Windows
#
# If you would like to submit a bug report, please visit:
#   http://bugreport.java.com/bugreport/crash.jsp
# The crash happened outside the Java Virtual Machine in native code.
# See problematic frame for where to report the bug.
#

---------------  T H R E A D  ---------------

Current thread (0x18702000):  JavaThread "Ext Image grabber" [_thread_in_native, id=6056, stack(0x19b00000,0x19b50000)]

siginfo: ExceptionCode=0xc0000005, reading address 0xdddddde1

Registers:
EAX=0x189b07f8, EBX=0x18d3e568, ECX=0xdddddddd, EDX=0x189b07f8
ESP=0x19b4f88c, EBP=0x19b4fa08, ESI=0x19b4f890, EDI=0x19b4fa08
EIP=0x1516700d, EFLAGS=0x00010246

Top of Stack: (sp=0x19b4f88c)
0x19b4f88c:   189b07f8 18702000 0a244ef8 18d3e568
0x19b4f89c:   18b3a8e8 cccccccc cccccccc cccccccc
0x19b4f8ac:   cccccccc cccccccc cccccccc cccccccc
0x19b4f8bc:   cccccccc cccccccc cccccccc cccccccc
0x19b4f8cc:   cccccccc cccccccc cccccccc cccccccc
0x19b4f8dc:   cccccccc cccccccc cccccccc cccccccc
0x19b4f8ec:   cccccccc cccccccc cccccccc cccccccc
0x19b4f8fc:   cccccccc cccccccc cccccccc cccccccc 

Instructions: (pc=0x1516700d)
0x15166fed:   f4 8b 85 94 fe ff ff 50 ff 52 10 3b f4 e8 ad d8
0x15166ffd:   ff ff 89 45 c8 8b 45 c8 8b 08 8b f4 8b 55 c8 52
0x1516700d:   ff 51 04 3b f4 e8 95 d8 ff ff 89 45 bc 83 7d bc
0x1516701d:   00 0f 84 41 01 00 00 8b f4 8d 45 e0 50 8d 4d ec 


Register to memory mapping:

EAX=0x189b07f8 is an unknown value
EBX={method} {0x18d3e56c} 'invoke' '(Ljava/lang/Object;[Ljava/lang/Object;)Ljava/lang/Object;' in 'sun/reflect/GeneratedMethodAccessor8'
ECX=0xdddddddd is an unknown value
EDX=0x189b07f8 is an unknown value
ESP=0x19b4f88c is pointing into the stack for thread: 0x18702000
EBP=0x19b4fa08 is pointing into the stack for thread: 0x18702000
ESI=0x19b4f890 is pointing into the stack for thread: 0x18702000
EDI=0x19b4fa08 is pointing into the stack for thread: 0x18702000


Stack: [0x19b00000,0x19b50000],  sp=0x19b4f88c,  free space=318k
Native frames: (J=compiled Java code, j=interpreted, Vv=VM code, C=native code)
C  [VsIj_Native.dll+0x1700d]
J 619  Camera.getFrame(I)LFrame; (0 bytes) @ 0x02bb1457 [0x02bb13d0+0x87]
J 620 C1 sun.reflect.GeneratedMethodAccessor8.invoke(Ljava/lang/Object;[Ljava/lang/Object;)Ljava/lang/Object; (139 bytes) @ 0x02bb18b0 [0x02bb16f0+0x1c0]
J 614 C1 sun.reflect.DelegatingMethodAccessorImpl.invoke(Ljava/lang/Object;[Ljava/lang/Object;)Ljava/lang/Object; (10 bytes) @ 0x02bb07c0 [0x02bb0790+0x30]
J 618 C1 java.lang.reflect.Method.invoke(Ljava/lang/Object;[Ljava/lang/Object;)Ljava/lang/Object; (62 bytes) @ 0x02bb1114 [0x02bb1040+0xd4]
J 621 C1 CameraWrapper.getFrame()LExtFrame; (146 bytes) @ 0x02bb24d8 [0x02bb23b0+0x128]
J 653% C1 ExtImagePanel.run()V (120 bytes) @ 0x02bd0ff8 [0x02bd0fb0+0x48]
j  java.lang.Thread.run()V+11
v  ~StubRoutines::call_stub
V  [jvm.dll+0x15a6e5]
V  [jvm.dll+0x2204fe]
V  [jvm.dll+0x15a77e]
V  [jvm.dll+0x15a906]
V  [jvm.dll+0x15a977]
V  [jvm.dll+0xfed1f]
V  [jvm.dll+0x17d210]
V  [jvm.dll+0x17da8a]
V  [jvm.dll+0x1c2506]
C  [msvcr100.dll+0x5c556]
C  [msvcr100.dll+0x5c600]
C  [kernel32.dll+0x1336a]
C  [ntdll.dll+0x39902]
C  [ntdll.dll+0x398d5]
C  0x00000000

Java frames: (J=compiled Java code, j=interpreted, Vv=VM code)
J 619  Camera.getFrame(I)LFrame; (0 bytes) @ 0x02bb1413 [0x02bb13d0+0x43]
J 620 C1 sun.reflect.GeneratedMethodAccessor8.invoke(Ljava/lang/Object;[Ljava/lang/Object;)Ljava/lang/Object; (139 bytes) @ 0x02bb18b0 [0x02bb16f0+0x1c0]
J 614 C1 sun.reflect.DelegatingMethodAccessorImpl.invoke(Ljava/lang/Object;[Ljava/lang/Object;)Ljava/lang/Object; (10 bytes) @ 0x02bb07c0 [0x02bb0790+0x30]
J 618 C1 java.lang.reflect.Method.invoke(Ljava/lang/Object;[Ljava/lang/Object;)Ljava/lang/Object; (62 bytes) @ 0x02bb1114 [0x02bb1040+0xd4]
J 621 C1 CameraWrapper.getFrame()LExtFrame; (146 bytes) @ 0x02bb24d8 [0x02bb23b0+0x128]
J 653% C1 ExtImagePanel.run()V (120 bytes) @ 0x02bd0ff8 [0x02bd0fb0+0x48]
j  java.lang.Thread.run()V+11
v  ~StubRoutines::call_stub

---------------  P R O C E S S  ---------------

Java Threads: ( => current thread )
  0x187be800 JavaThread "TimerQueue" daemon [_thread_blocked, id=8792, stack(0x178d0000,0x17920000)]
  0x187be400 JavaThread "DestroyJavaVM" [_thread_blocked, id=8752, stack(0x00fa0000,0x00ff0000)]
  0x187bdc00 JavaThread "WebsocketSelector23" [_thread_blocked, id=6276, stack(0x1a2c0000,0x1a310000)]
  0x1873b800 JavaThread "WebSocketWorker-22" [_thread_blocked, id=7700, stack(0x19b50000,0x19ba0000)]
  0x1873b000 JavaThread "WebSocketWorker-21" [_thread_blocked, id=3956, stack(0x1a170000,0x1a1c0000)]
  0x1879bc00 JavaThread "WebSocketWorker-19" [_thread_blocked, id=7448, stack(0x19f30000,0x19f80000)]
=>0x18702000 JavaThread "Ext Image grabber" [_thread_in_native, id=6056, stack(0x19b00000,0x19b50000)]
  0x184b8c00 JavaThread "AWT-EventQueue-0" [_thread_blocked, id=5368, stack(0x18830000,0x18880000)]
  0x184b8400 JavaThread "AWT-Shutdown" [_thread_blocked, id=8644, stack(0x18920000,0x18970000)]
  0x012c2c00 JavaThread "Java2D Disposer" daemon [_thread_blocked, id=8640, stack(0x159f0000,0x15a40000)]
  0x0118fc00 JavaThread "Service Thread" daemon [_thread_blocked, id=8448, stack(0x15550000,0x155a0000)]
  0x01168800 JavaThread "C1 CompilerThread0" daemon [_thread_blocked, id=7768, stack(0x151a0000,0x151f0000)]
  0x01167800 JavaThread "Attach Listener" daemon [_thread_blocked, id=8816, stack(0x15340000,0x15390000)]
  0x01164800 JavaThread "Signal Dispatcher" daemon [_thread_blocked, id=8236, stack(0x15260000,0x152b0000)]
  0x01156000 JavaThread "Finalizer" daemon [_thread_blocked, id=1448, stack(0x04b10000,0x04b60000)]
  0x01131000 JavaThread "Reference Handler" daemon [_thread_blocked, id=7252, stack(0x04b90000,0x04be0000)]

Other Threads:
  0x0112ac00 VMThread [stack: 0x00ee0000,0x00f30000] [id=8604]
  0x01193000 WatcherThread [stack: 0x155e0000,0x15630000] [id=7984]

VM state:not at safepoint (normal execution)

VM Mutex/Monitor currently owned by a thread: None

Heap:
 def new generation   total 78656K, used 77468K [0x04c00000, 0x0a150000, 0x0a150000)
  eden space 69952K,  98% used [0x04c00000, 0x08f5e768, 0x09050000)
  from space 8704K,  97% used [0x09050000, 0x09898a20, 0x098d0000)
  to   space 8704K,   0% used [0x098d0000, 0x098d0000, 0x0a150000)
 tenured generation   total 174784K, used 174479K [0x0a150000, 0x14c00000, 0x14c00000)
   the space 174784K,  99% used [0x0a150000, 0x14bb3ee8, 0x14bb4000, 0x14c00000)
 Metaspace       used 8157K, capacity 8414K, committed 8576K, reserved 8576K

Card table byte_map: [0x00e20000,0x00eb0000] byte_map_base: 0x00dfa000

Polling page: 0x00180000

CodeCache: size=32768Kb used=1802Kb max_used=1802Kb free=30965Kb
 bounds [0x02a30000, 0x02bf8000, 0x04a30000]
 total_blobs=958 nmethods=714 adapters=175
 compilation: enabled

Compilation events (10 events):
Event: 358632.544 Thread 0x01168800  715             org.java_websocket.drafts.Draft_10::translateSingleFrame (563 bytes)
Event: 358632.546 Thread 0x01168800 nmethod 715 0x02bef608 code [0x02bef950, 0x02bf0a5c]
Event: 358632.546 Thread 0x01168800  716             org.java_websocket.drafts.Draft_10::toOpcode (112 bytes)
Event: 358632.547 Thread 0x01168800 nmethod 716 0x02bf1e88 code [0x02bf1fd0, 0x02bf22e0]
Event: 358632.547 Thread 0x01168800  717             org.java_websocket.drafts.Draft::checkAlloc (19 bytes)
Event: 358632.547 Thread 0x01168800 nmethod 717 0x02bf24c8 code [0x02bf25d0, 0x02bf26dc]
Event: 358742.508 Thread 0x01168800  718             java.awt.image.SampleModel::getNumBands (5 bytes)
Event: 358742.508 Thread 0x01168800 nmethod 718 0x02bf2788 code [0x02bf2880, 0x02bf2900]
Event: 358766.917 Thread 0x01168800  719             java.awt.image.ComponentSampleModel::getNumDataElements (5 bytes)
Event: 358766.917 Thread 0x01168800 nmethod 719 0x02bf2948 code [0x02bf2a40, 0x02bf2ac0]

GC Heap History (10 events):
Event: 360509.650 GC heap before
{Heap before GC invocations=187660 (full 15386):
 def new generation   total 78656K, used 76752K [0x04c00000, 0x0a150000, 0x0a150000)
  eden space 69952K,  97% used [0x04c00000, 0x08eab900, 0x09050000)
  from space 8704K,  97% used [0x09050000, 0x09898a20, 0x098d0000)
  to   space 8704K,   0% used [0x098d0000, 0x098d0000, 0x0a150000)
 tenured generation   total 174784K, used 174479K [0x0a150000, 0x14c00000, 0x14c00000)
   the space 174784K,  99% used [0x0a150000, 0x14bb3f20, 0x14bb4000, 0x14c00000)
 Metaspace       used 8155K, capacity 8414K, committed 8576K, reserved 8576K
Event: 360509.670 GC heap after
Heap after GC invocations=187661 (full 15387):
 def new generation   total 78656K, used 56552K [0x04c00000, 0x0a150000, 0x0a150000)
  eden space 69952K,  80% used [0x04c00000, 0x0833a180, 0x09050000)
  from space 8704K,   0% used [0x09050000, 0x09050000, 0x098d0000)
  to   space 8704K,   0% used [0x098d0000, 0x098d0000, 0x0a150000)
 tenured generation   total 174784K, used 174479K [0x0a150000, 0x14c00000, 0x14c00000)
   the space 174784K,  99% used [0x0a150000, 0x14bb3f20, 0x14bb4000, 0x14c00000)
 Metaspace       used 8155K, capacity 8414K, committed 8576K, reserved 8576K
}
Event: 360509.923 GC heap before
{Heap before GC invocations=187661 (full 15387):
 def new generation   total 78656K, used 76776K [0x04c00000, 0x0a150000, 0x0a150000)
  eden space 69952K,  97% used [0x04c00000, 0x08eb1720, 0x09050000)
  from space 8704K,  97% used [0x09050000, 0x09898a20, 0x098d0000)
  to   space 8704K,   0% used [0x098d0000, 0x098d0000, 0x0a150000)
 tenured generation   total 174784K, used 174479K [0x0a150000, 0x14c00000, 0x14c00000)
   the space 174784K,  99% used [0x0a150000, 0x14bb3f20, 0x14bb4000, 0x14c00000)
 Metaspace       used 8155K, capacity 8414K, committed 8576K, reserved 8576K
Event: 360510.055 GC heap after
Heap after GC invocations=187662 (full 15388):
 def new generation   total 78656K, used 56552K [0x04c00000, 0x0a150000, 0x0a150000)
  eden space 69952K,  80% used [0x04c00000, 0x0833a1b8, 0x09050000)
  from space 8704K,   0% used [0x09050000, 0x09050000, 0x098d0000)
  to   space 8704K,   0% used [0x098d0000, 0x098d0000, 0x0a150000)
 tenured generation   total 174784K, used 174479K [0x0a150000, 0x14c00000, 0x14c00000)
   the space 174784K,  99% used [0x0a150000, 0x14bb3ee8, 0x14bb4000, 0x14c00000)
 Metaspace       used 8155K, capacity 8414K, committed 8576K, reserved 8576K
}
Event: 360510.298 GC heap before
{Heap before GC invocations=187662 (full 15388):
 def new generation   total 78656K, used 76752K [0x04c00000, 0x0a150000, 0x0a150000)
  eden space 69952K,  97% used [0x04c00000, 0x08eab908, 0x09050000)
  from space 8704K,  97% used [0x09050000, 0x09898a20, 0x098d0000)
  to   space 8704K,   0% used [0x098d0000, 0x098d0000, 0x0a150000)
 tenured generation   total 174784K, used 174479K [0x0a150000, 0x14c00000, 0x14c00000)
   the space 174784K,  99% used [0x0a150000, 0x14bb3ee8, 0x14bb4000, 0x14c00000)
 Metaspace       used 8155K, capacity 8414K, committed 8576K, reserved 8576K
Event: 360510.321 GC heap after
Heap after GC invocations=187663 (full 15389):
 def new generation   total 78656K, used 56552K [0x04c00000, 0x0a150000, 0x0a150000)
  eden space 69952K,  80% used [0x04c00000, 0x0833a1b8, 0x09050000)
  from space 8704K,   0% used [0x09050000, 0x09050000, 0x098d0000)
  to   space 8704K,   0% used [0x098d0000, 0x098d0000, 0x0a150000)
 tenured generation   total 174784K, used 174479K [0x0a150000, 0x14c00000, 0x14c00000)
   the space 174784K,  99% used [0x0a150000, 0x14bb3ee8, 0x14bb4000, 0x14c00000)
 Metaspace       used 8155K, capacity 8414K, committed 8576K, reserved 8576K
}
Event: 360510.569 GC heap before
{Heap before GC invocations=187663 (full 15389):
 def new generation   total 78656K, used 76752K [0x04c00000, 0x0a150000, 0x0a150000)
  eden space 69952K,  97% used [0x04c00000, 0x08eab918, 0x09050000)
  from space 8704K,  97% used [0x09050000, 0x09898a20, 0x098d0000)
  to   space 8704K,   0% used [0x098d0000, 0x098d0000, 0x0a150000)
 tenured generation   total 174784K, used 174479K [0x0a150000, 0x14c00000, 0x14c00000)
   the space 174784K,  99% used [0x0a150000, 0x14bb3ee8, 0x14bb4000, 0x14c00000)
 Metaspace       used 8155K, capacity 8414K, committed 8576K, reserved 8576K
Event: 360510.591 GC heap after
Heap after GC invocations=187664 (full 15390):
 def new generation   total 78656K, used 56552K [0x04c00000, 0x0a150000, 0x0a150000)
  eden space 69952K,  80% used [0x04c00000, 0x0833a1b8, 0x09050000)
  from space 8704K,   0% used [0x09050000, 0x09050000, 0x098d0000)
  to   space 8704K,   0% used [0x098d0000, 0x098d0000, 0x0a150000)
 tenured generation   total 174784K, used 174479K [0x0a150000, 0x14c00000, 0x14c00000)
   the space 174784K,  99% used [0x0a150000, 0x14bb3ee8, 0x14bb4000, 0x14c00000)
 Metaspace       used 8155K, capacity 8414K, committed 8576K, reserved 8576K
}
Event: 360510.833 GC heap before
{Heap before GC invocations=187664 (full 15390):
 def new generation   total 78656K, used 76752K [0x04c00000, 0x0a150000, 0x0a150000)
  eden space 69952K,  97% used [0x04c00000, 0x08eab928, 0x09050000)
  from space 8704K,  97% used [0x09050000, 0x09898a20, 0x098d0000)
  to   space 8704K,   0% used [0x098d0000, 0x098d0000, 0x0a150000)
 tenured generation   total 174784K, used 174479K [0x0a150000, 0x14c00000, 0x14c00000)
   the space 174784K,  99% used [0x0a150000, 0x14bb3ee8, 0x14bb4000, 0x14c00000)
 Metaspace       used 8155K, capacity 8414K, committed 8576K, reserved 8576K
Event: 360510.855 GC heap after
Heap after GC invocations=187665 (full 15391):
 def new generation   total 78656K, used 56552K [0x04c00000, 0x0a150000, 0x0a150000)
  eden space 69952K,  80% used [0x04c00000, 0x0833a1b8, 0x09050000)
  from space 8704K,   0% used [0x09050000, 0x09050000, 0x098d0000)
  to   space 8704K,   0% used [0x098d0000, 0x098d0000, 0x0a150000)
 tenured generation   total 174784K, used 174479K [0x0a150000, 0x14c00000, 0x14c00000)
   the space 174784K,  99% used [0x0a150000, 0x14bb3ee8, 0x14bb4000, 0x14c00000)
 Metaspace       used 8155K, capacity 8414K, committed 8576K, reserved 8576K
}

Deoptimization events (0 events):
No events

Internal exceptions (10 events):
Event: 358706.096 Thread 0x1879c000 Exception <a 'java/io/IOException'> (0x08b89650) thrown at [C:\re\workspace\8-2-build-windows-i586-cygwin\jdk8u102\7268\hotspot\src\share\vm\prims\jni.cpp, line 709]
Event: 358706.096 Thread 0x1879c000 Exception <a 'java/io/IOException'> (0x08b89d28) thrown at [C:\re\workspace\8-2-build-windows-i586-cygwin\jdk8u102\7268\hotspot\src\share\vm\prims\jni.cpp, line 709]
Event: 358706.096 Thread 0x1879c000 Exception <a 'java/io/IOException'> (0x08b89fc0) thrown at [C:\re\workspace\8-2-build-windows-i586-cygwin\jdk8u102\7268\hotspot\src\share\vm\prims\jni.cpp, line 709]
Event: 358706.096 Thread 0x1879c000 Exception <a 'java/io/IOException'> (0x08b8a228) thrown at [C:\re\workspace\8-2-build-windows-i586-cygwin\jdk8u102\7268\hotspot\src\share\vm\prims\jni.cpp, line 709]
Event: 358706.096 Thread 0x1879c000 Exception <a 'java/io/IOException'> (0x08b8a8e8) thrown at [C:\re\workspace\8-2-build-windows-i586-cygwin\jdk8u102\7268\hotspot\src\share\vm\prims\jni.cpp, line 709]
Event: 358706.096 Thread 0x1879c000 Exception <a 'java/io/IOException'> (0x08b8ab80) thrown at [C:\re\workspace\8-2-build-windows-i586-cygwin\jdk8u102\7268\hotspot\src\share\vm\prims\jni.cpp, line 709]
Event: 358706.096 Thread 0x1879c000 Exception <a 'java/io/IOException'> (0x08b8ade8) thrown at [C:\re\workspace\8-2-build-windows-i586-cygwin\jdk8u102\7268\hotspot\src\share\vm\prims\jni.cpp, line 709]
Event: 358706.096 Thread 0x1879c000 Exception <a 'java/io/IOException'> (0x08b8b5c8) thrown at [C:\re\workspace\8-2-build-windows-i586-cygwin\jdk8u102\7268\hotspot\src\share\vm\prims\jni.cpp, line 709]
Event: 358706.096 Thread 0x1879c000 Exception <a 'java/io/IOException'> (0x08b8b860) thrown at [C:\re\workspace\8-2-build-windows-i586-cygwin\jdk8u102\7268\hotspot\src\share\vm\prims\jni.cpp, line 709]
Event: 358706.096 Thread 0x1879c000 Exception <a 'java/io/IOException'> (0x08b8bac8) thrown at [C:\re\workspace\8-2-build-windows-i586-cygwin\jdk8u102\7268\hotspot\src\share\vm\prims\jni.cpp, line 709]

Events (10 events):
Event: 360510.591 Executing VM operation: GenCollectForAllocation done
Event: 360510.833 Executing VM operation: GenCollectForAllocation
Event: 360510.855 Executing VM operation: GenCollectForAllocation done
Event: 360511.005 Thread 0x187bf000 Thread added: 0x187bf000
Event: 360511.006 Thread 0x187bf400 Thread added: 0x187bf400
Event: 360511.006 Thread 0x187bf400 Thread exited: 0x187bf400
Event: 360511.006 Thread 0x18530000 Thread exited: 0x18530000
Event: 360511.008 loading class sun/java2d/pipe/hw/AccelDeviceEventNotifier
Event: 360511.008 loading class sun/java2d/pipe/hw/AccelDeviceEventNotifier done
Event: 360511.079 Thread 0x012c6400 Thread exited: 0x012c6400


Dynamic libraries:
0x01320000 - 0x01353000 	C:\Program Files (x86)\Java\jre1.8.0_102\bin\javaw.exe
0x77c30000 - 0x77db0000 	C:\Windows\SysWOW64\ntdll.dll
0x768a0000 - 0x769b0000 	C:\Windows\syswow64\kernel32.dll
0x762a0000 - 0x762e7000 	C:\Windows\syswow64\KERNELBASE.dll
0x75900000 - 0x759a1000 	C:\Windows\syswow64\ADVAPI32.dll
0x759b0000 - 0x75a5c000 	C:\Windows\syswow64\msvcrt.dll
0x76b30000 - 0x76b49000 	C:\Windows\SysWOW64\sechost.dll
0x76110000 - 0x76200000 	C:\Windows\syswow64\RPCRT4.dll
0x75520000 - 0x75580000 	C:\Windows\syswow64\SspiCli.dll
0x75510000 - 0x7551c000 	C:\Windows\syswow64\CRYPTBASE.dll
0x76000000 - 0x76100000 	C:\Windows\syswow64\USER32.dll
0x76210000 - 0x762a0000 	C:\Windows\syswow64\GDI32.dll
0x762f0000 - 0x762fa000 	C:\Windows\syswow64\LPK.dll
0x75d70000 - 0x75e0d000 	C:\Windows\syswow64\USP10.dll
0x72e60000 - 0x72ffe000 	C:\Windows\WinSxS\x86_microsoft.windows.common-controls_6595b64144ccf1df_6.0.7601.18837_none_41e855142bd5705d\COMCTL32.dll
0x758a0000 - 0x758f7000 	C:\Windows\syswow64\SHLWAPI.dll
0x75f70000 - 0x75fd0000 	C:\Windows\system32\IMM32.DLL
0x76570000 - 0x7663c000 	C:\Windows\syswow64\MSCTF.dll
0x6e570000 - 0x6e62f000 	C:\Program Files (x86)\Java\jre1.8.0_102\bin\msvcr100.dll
0x678b0000 - 0x67c7d000 	C:\Program Files (x86)\Java\jre1.8.0_102\bin\client\jvm.dll
0x6e2b0000 - 0x6e2b7000 	C:\Windows\system32\WSOCK32.dll
0x75f30000 - 0x75f65000 	C:\Windows\syswow64\WS2_32.dll
0x75ff0000 - 0x75ff6000 	C:\Windows\syswow64\NSI.dll
0x6dee0000 - 0x6df12000 	C:\Windows\system32\WINMM.dll
0x75440000 - 0x75449000 	C:\Windows\system32\VERSION.dll
0x75f00000 - 0x75f05000 	C:\Windows\syswow64\PSAPI.DLL
0x6e560000 - 0x6e56c000 	C:\Program Files (x86)\Java\jre1.8.0_102\bin\verify.dll
0x6e530000 - 0x6e551000 	C:\Program Files (x86)\Java\jre1.8.0_102\bin\java.dll
0x6e510000 - 0x6e523000 	C:\Program Files (x86)\Java\jre1.8.0_102\bin\zip.dll
0x76be0000 - 0x7782b000 	C:\Windows\syswow64\SHELL32.dll
0x769d0000 - 0x76b2d000 	C:\Windows\syswow64\ole32.dll
0x75e50000 - 0x75e5b000 	C:\Windows\syswow64\profapi.dll
0x74370000 - 0x74387000 	C:\Windows\system32\CRYPTSP.dll
0x74330000 - 0x7436b000 	C:\Windows\system32\rsaenh.dll
0x75fd0000 - 0x75fe7000 	C:\Windows\syswow64\USERENV.dll
0x6e4f0000 - 0x6e506000 	C:\Program Files (x86)\Java\jre1.8.0_102\bin\net.dll
0x6fab0000 - 0x6faec000 	C:\Windows\system32\mswsock.dll
0x6fa90000 - 0x6fa96000 	C:\Windows\System32\wship6.dll
0x6f920000 - 0x6f93c000 	C:\Windows\system32\IPHLPAPI.DLL
0x6f910000 - 0x6f917000 	C:\Windows\system32\WINNSI.DLL
0x6e030000 - 0x6e03d000 	C:\Windows\system32\dhcpcsvc6.DLL
0x6e010000 - 0x6e022000 	C:\Windows\system32\dhcpcsvc.DLL
0x6f620000 - 0x6f62f000 	C:\Program Files (x86)\Java\jre1.8.0_102\bin\nio.dll
0x15150000 - 0x1519c000 	C:\Users\mpdlab\Desktop\CameraSoftware\VideoScanCamera\JavaVS\VsIj_Native.dll
0x6ce50000 - 0x6cf95000 	C:\Program Files (x86)\Java\jre1.8.0_102\bin\awt.dll
0x76300000 - 0x76391000 	C:\Windows\syswow64\OLEAUT32.dll
0x74290000 - 0x742a3000 	C:\Windows\system32\DWMAPI.DLL
0x742b0000 - 0x74330000 	C:\Windows\system32\uxtheme.dll
0x75700000 - 0x7589d000 	C:\Windows\syswow64\SETUPAPI.dll
0x75580000 - 0x755a7000 	C:\Windows\syswow64\CFGMGR32.dll
0x75f10000 - 0x75f22000 	C:\Windows\syswow64\DEVOBJ.dll
0x6cfb0000 - 0x6d0ea000 	C:\Program Files (x86)\NVIDIA Corporation\3D Vision\nvSCPAPI.dll
0x6cb00000 - 0x6cdd5000 	C:\Windows\system32\nvapi.dll
0x764d0000 - 0x764ff000 	C:\Windows\syswow64\WINTRUST.dll
0x763a0000 - 0x764c1000 	C:\Windows\syswow64\CRYPT32.dll
0x76560000 - 0x7656c000 	C:\Windows\syswow64\MSASN1.dll
0x6ca10000 - 0x6caff000 	C:\Users\mpdlab\Desktop\CameraSoftware\VideoScanCamera\JavaVS\vscorelib_v4.dll
0x6e4b0000 - 0x6e4e9000 	C:\Program Files (x86)\Java\jre1.8.0_102\bin\fontmanager.dll
0x6ce10000 - 0x6ce42000 	C:\Program Files (x86)\Java\jre1.8.0_102\bin\t2k.dll
0x75e60000 - 0x75ee3000 	C:\Windows\syswow64\CLBCatQ.DLL
0x662c0000 - 0x663f1000 	C:\Windows\system32\WindowsCodecs.dll
0x734c0000 - 0x7350c000 	C:\Windows\system32\apphelp.dll
0x6c9d0000 - 0x6ca01000 	C:\Windows\system32\EhStorShell.dll
0x672e0000 - 0x673d5000 	C:\Windows\system32\PROPSYS.dll
0x5cf20000 - 0x5d326000 	C:\PROGRA~2\MICROS~2\Office14\GROOVEEX.DLL
0x6f940000 - 0x6f9e3000 	C:\Windows\WinSxS\x86_microsoft.vc90.crt_1fc8b3b9a1e18e3b_9.0.30729.6161_none_50934f2ebcb7eb57\MSVCR90.dll
0x6e1d0000 - 0x6e25e000 	C:\Windows\WinSxS\x86_microsoft.vc90.crt_1fc8b3b9a1e18e3b_9.0.30729.6161_none_50934f2ebcb7eb57\MSVCP90.dll
0x6e480000 - 0x6e4ab000 	C:\Windows\WinSxS\x86_microsoft.vc90.atl_1fc8b3b9a1e18e3b_9.0.30729.6161_none_51cd0a7abbe4e19b\ATL90.DLL
0x5cb00000 - 0x5cf1a000 	C:\PROGRA~2\COMMON~1\MICROS~1\OFFICE14\Cultures\office.odf
0x59ac0000 - 0x5a338000 	C:\PROGRA~2\MICROS~2\Office14\1049\GrooveIntlResource.dll
0x6c8f0000 - 0x6c960000 	C:\Windows\system32\ntshrui.dll
0x73dc0000 - 0x73dd9000 	C:\Windows\system32\srvcli.dll
0x6e470000 - 0x6e47b000 	C:\Windows\system32\cscapi.dll
0x6e460000 - 0x6e46a000 	C:\Windows\system32\slc.dll
0x6cfa0000 - 0x6cfa6000 	C:\Windows\system32\IconCodecService.dll
0x6df20000 - 0x6e00b000 	C:\Windows\system32\dbghelp.dll

VM Arguments:
java_command: C:\Users\mpdlab\Desktop\CameraSoftware\VideoScanCamera\JavaVS\VS.jar
java_class_path (initial): C:\Users\mpdlab\Desktop\CameraSoftware\VideoScanCamera\JavaVS\VS.jar
Launcher Type: SUN_STANDARD

Environment Variables:
PATH=C:\ProgramData\Oracle\Java\javapath;C:\Windows\system32;C:\Windows;C:\Windows\System32\Wbem;C:\Windows\System32\WindowsPowerShell\v1.0\;D:\Program Files (x86)\IVI Foundation\VISA\WinNT\Bin\;C:\Program Files\IVI Foundation\VISA\Win64\Bin\;D:\Program Files (x86)\IVI Foundation\VISA\WinNT\Bin;C:\Program Files (x86)\Windows Kits\8.1\Windows Performance Toolkit\;C:\Program Files\Microsoft SQL Server\110\Tools\Binn\;C:\Program Files (x86)\Microsoft SDKs\TypeScript\1.0\;C:\Program Files\Microsoft SQL Server\120\Tools\Binn\;C:\Program Files\Agilent\IO Libraries Suite\bin;C:\Program Files\IVI Foundation\VISA\Win64\agvisa;C:\Program Files (x86)\Agilent\IO Libraries Suite\bin;D:\Program Files (x86)\IVI Foundation\VISA\WinNT\agvisa;C:\Program Files (x86)\IVI Foundation\IVI\bin;C:\Program Files\IVI Foundation\IVI\bin;C:\Program Files (x86)\Common Files\Acronis\SnapAPI\
USERNAME=mpdlab
OS=Windows_NT
PROCESSOR_IDENTIFIER=Intel64 Family 6 Model 15 Stepping 11, GenuineIntel



---------------  S Y S T E M  ---------------

OS: Windows 7 , 64 bit Build 7601 (6.1.7601.23539)

CPU:total 4 (4 cores per cpu, 1 threads per core) family 6 model 15 stepping 11, cmov, cx8, fxsr, mmx, sse, sse2, sse3, ssse3, tsc

Memory: 4k page, physical 6289912k(3335296k free), swap 19233964k(16109404k free)

vm_info: Java HotSpot(TM) Client VM (25.102-b14) for windows-x86 JRE (1.8.0_102-b14), built on Jun 22 2016 13:13:29 by "java_re" with MS VC++ 10.0 (VS2010)

time: Mon Oct 10 16:07:46 2016
elapsed time: 360511 seconds (4d 4h 8m 31s)

