#
# A fatal error has been detected by the Java Runtime Environment:
#
#  EXCEPTION_ACCESS_VIOLATION (0xc0000005) at pc=0x15075a14, pid=5864, tid=0x00001470
#
# JRE version: Java(TM) SE Runtime Environment (8.0_102-b14) (build 1.8.0_102-b14)
# Java VM: Java HotSpot(TM) Client VM (25.102-b14 mixed mode windows-x86 )
# Problematic frame:
# C  [VsIj_Native.dll+0x15a14]
#
# Failed to write core dump. Minidumps are not enabled by default on client versions of Windows
#
# If you would like to submit a bug report, please visit:
#   http://bugreport.java.com/bugreport/crash.jsp
# The crash happened outside the Java Virtual Machine in native code.
# See problematic frame for where to report the bug.
#

---------------  T H R E A D  ---------------

Current thread (0x0248c400):  JavaThread "main" [_thread_in_native, id=5232, stack(0x007a0000,0x007f0000)]

siginfo: ExceptionCode=0xc0000005, reading address 0x00000000

Registers:
EAX=0x00000000, EBX=0x14c92698, ECX=0x7ace842e, EDX=0x0000001a
ESP=0x007eece0, EBP=0x007eedf8, ESI=0x14c92698, EDI=0x007eedf8
EIP=0x15075a14, EFLAGS=0x00010246

Top of Stack: (sp=0x007eece0)
0x007eece0:   0248c400 14c92698 14c92698 cccccccc
0x007eecf0:   cccccccc cccccccc cccccccc cccccccc
0x007eed00:   cccccccc cccccccc cccccccc cccccccc
0x007eed10:   cccccccc cccccccc cccccccc cccccccc
0x007eed20:   cccccccc cccccccc cccccccc cccccccc
0x007eed30:   cccccccc cccccccc cccccccc cccccccc
0x007eed40:   cccccccc cccccccc cccccccc cccccccc
0x007eed50:   cccccccc cccccccc cccccccc cccccccc 

Instructions: (pc=0x15075a14)
0x150759f4:   00 00 00 b8 cc cc cc cc f3 ab 8b 45 10 50 e8 c7
0x15075a04:   ef ff ff 8b c8 e8 16 ef ff ff 89 45 f8 8b 45 f8
0x15075a14:   8b 08 8b f4 8b 55 f8 52 ff 51 08 3b f4 e8 86 ee
0x15075a24:   ff ff 89 45 ec c7 45 e0 00 00 00 00 8b 45 ec 8b 


Register to memory mapping:

EAX=0x00000000 is an unknown value
EBX={method} {0x14c9269c} 'getSettingList' '(I)[I' in 'Camera'
ECX=0x7ace842e is an unknown value
EDX=0x0000001a is an unknown value
ESP=0x007eece0 is pointing into the stack for thread: 0x0248c400
EBP=0x007eedf8 is pointing into the stack for thread: 0x0248c400
ESI={method} {0x14c9269c} 'getSettingList' '(I)[I' in 'Camera'
EDI=0x007eedf8 is pointing into the stack for thread: 0x0248c400


Stack: [0x007a0000,0x007f0000],  sp=0x007eece0,  free space=315k
Native frames: (J=compiled Java code, j=interpreted, Vv=VM code, C=native code)
C  [VsIj_Native.dll+0x15a14]
j  Camera.getSettingList(I)[I+0
j  CameraSettingPanelContainer.<init>(LCamera;)V+20
j  CameraPanel.<init>()V+42
j  MainFrame.<init>()V+73
j  Videoscan_.<init>()V+14
v  ~StubRoutines::call_stub
V  [jvm.dll+0x15a6e5]
V  [jvm.dll+0x2204fe]
V  [jvm.dll+0x15a77e]
V  [jvm.dll+0x166e38]
V  [jvm.dll+0x1671e1]
V  [jvm.dll+0x103bb8]
C  [java.dll+0x3b3a]
j  sun.reflect.NativeConstructorAccessorImpl.newInstance([Ljava/lang/Object;)Ljava/lang/Object;+85
j  sun.reflect.DelegatingConstructorAccessorImpl.newInstance([Ljava/lang/Object;)Ljava/lang/Object;+5
j  java.lang.reflect.Constructor.newInstance([Ljava/lang/Object;)Ljava/lang/Object;+79
j  ExtJarVideoScan.initializeCamera()LCameraWrapper;+133
j  ExtJarVideoScan.main([Ljava/lang/String;)V+8
v  ~StubRoutines::call_stub
V  [jvm.dll+0x15a6e5]
V  [jvm.dll+0x2204fe]
V  [jvm.dll+0x15a77e]
V  [jvm.dll+0x166e38]
V  [jvm.dll+0x1670a3]
V  [jvm.dll+0x103a43]
C  [java.dll+0x3b26]
j  sun.reflect.NativeMethodAccessorImpl.invoke(Ljava/lang/Object;[Ljava/lang/Object;)Ljava/lang/Object;+100
j  sun.reflect.DelegatingMethodAccessorImpl.invoke(Ljava/lang/Object;[Ljava/lang/Object;)Ljava/lang/Object;+6
j  java.lang.reflect.Method.invoke(Ljava/lang/Object;[Ljava/lang/Object;)Ljava/lang/Object;+56
j  org.eclipse.jdt.internal.jarinjarloader.JarRsrcLoader.main([Ljava/lang/String;)V+195
v  ~StubRoutines::call_stub
V  [jvm.dll+0x15a6e5]
V  [jvm.dll+0x2204fe]
V  [jvm.dll+0x15a77e]
V  [jvm.dll+0xdc337]
V  [jvm.dll+0xe48cf]
C  [javaw.exe+0x22ab]
C  [javaw.exe+0xaecf]
C  [javaw.exe+0xaf59]
C  [kernel32.dll+0x1336a]
C  [ntdll.dll+0x39902]
C  [ntdll.dll+0x398d5]
C  0x00000000

Java frames: (J=compiled Java code, j=interpreted, Vv=VM code)
j  Camera.getSettingList(I)[I+0
j  CameraSettingPanelContainer.<init>(LCamera;)V+20
j  CameraPanel.<init>()V+42
j  MainFrame.<init>()V+73
j  Videoscan_.<init>()V+14
v  ~StubRoutines::call_stub
j  sun.reflect.NativeConstructorAccessorImpl.newInstance0(Ljava/lang/reflect/Constructor;[Ljava/lang/Object;)Ljava/lang/Object;+0
j  sun.reflect.NativeConstructorAccessorImpl.newInstance([Ljava/lang/Object;)Ljava/lang/Object;+85
j  sun.reflect.DelegatingConstructorAccessorImpl.newInstance([Ljava/lang/Object;)Ljava/lang/Object;+5
j  java.lang.reflect.Constructor.newInstance([Ljava/lang/Object;)Ljava/lang/Object;+79
j  ExtJarVideoScan.initializeCamera()LCameraWrapper;+133
j  ExtJarVideoScan.main([Ljava/lang/String;)V+8
v  ~StubRoutines::call_stub
j  sun.reflect.NativeMethodAccessorImpl.invoke0(Ljava/lang/reflect/Method;Ljava/lang/Object;[Ljava/lang/Object;)Ljava/lang/Object;+0
j  sun.reflect.NativeMethodAccessorImpl.invoke(Ljava/lang/Object;[Ljava/lang/Object;)Ljava/lang/Object;+100
j  sun.reflect.DelegatingMethodAccessorImpl.invoke(Ljava/lang/Object;[Ljava/lang/Object;)Ljava/lang/Object;+6
j  java.lang.reflect.Method.invoke(Ljava/lang/Object;[Ljava/lang/Object;)Ljava/lang/Object;+56
j  org.eclipse.jdt.internal.jarinjarloader.JarRsrcLoader.main([Ljava/lang/String;)V+195
v  ~StubRoutines::call_stub

---------------  P R O C E S S  ---------------

Java Threads: ( => current thread )
  0x1500e000 JavaThread "AWT-Windows" daemon [_thread_in_native, id=6896, stack(0x155d0000,0x15620000)]
  0x1500ac00 JavaThread "Java2D Disposer" daemon [_thread_blocked, id=5584, stack(0x15970000,0x159c0000)]
  0x14ed7c00 JavaThread "Service Thread" daemon [_thread_blocked, id=5572, stack(0x15440000,0x15490000)]
  0x14eb8c00 JavaThread "C1 CompilerThread0" daemon [_thread_blocked, id=7124, stack(0x153c0000,0x15410000)]
  0x14eb7800 JavaThread "Attach Listener" daemon [_thread_blocked, id=392, stack(0x152c0000,0x15310000)]
  0x14eb4800 JavaThread "Signal Dispatcher" daemon [_thread_blocked, id=1916, stack(0x04900000,0x04950000)]
  0x14ea6000 JavaThread "Finalizer" daemon [_thread_blocked, id=3820, stack(0x150c0000,0x15110000)]
  0x14e81000 JavaThread "Reference Handler" daemon [_thread_blocked, id=6304, stack(0x02570000,0x025c0000)]
=>0x0248c400 JavaThread "main" [_thread_in_native, id=5232, stack(0x007a0000,0x007f0000)]

Other Threads:
  0x14e7ac00 VMThread [stack: 0x04950000,0x049a0000] [id=5272]
  0x14ee3000 WatcherThread [stack: 0x15630000,0x15680000] [id=3296]

VM state:not at safepoint (normal execution)

VM Mutex/Monitor currently owned by a thread: None

Heap:
 def new generation   total 4928K, used 4260K [0x04a00000, 0x04f50000, 0x09f50000)
  eden space 4416K,  96% used [0x04a00000, 0x04e29248, 0x04e50000)
  from space 512K,   0% used [0x04e50000, 0x04e50000, 0x04ed0000)
  to   space 512K,   0% used [0x04ed0000, 0x04ed0000, 0x04f50000)
 tenured generation   total 10944K, used 0K [0x09f50000, 0x0aa00000, 0x14a00000)
   the space 10944K,   0% used [0x09f50000, 0x09f50000, 0x09f50200, 0x0aa00000)
 Metaspace       used 4923K, capacity 5141K, committed 5248K, reserved 5504K

Card table byte_map: [0x00380000,0x00410000] byte_map_base: 0x0035b000

Polling page: 0x00130000

CodeCache: size=32768Kb used=834Kb max_used=834Kb free=31933Kb
 bounds [0x02900000, 0x029d8000, 0x04900000]
 total_blobs=328 nmethods=132 adapters=128
 compilation: enabled

Compilation events (10 events):
Event: 0.458 Thread 0x14eb8c00  128             java.util.HashMap::put (13 bytes)
Event: 0.458 Thread 0x14eb8c00 nmethod 128 0x029cd848 code [0x029cd950, 0x029cda48]
Event: 0.459 Thread 0x14eb8c00  129   !         sun.net.www.ParseUtil::decode (316 bytes)
Event: 0.461 Thread 0x14eb8c00 nmethod 129 0x029cdac8 code [0x029cdd80, 0x029cec24]
Event: 0.461 Thread 0x14eb8c00  130             java.util.HashMap$Node::<init> (26 bytes)
Event: 0.461 Thread 0x14eb8c00 nmethod 130 0x029d00c8 code [0x029d01c0, 0x029d0270]
Event: 0.461 Thread 0x14eb8c00  131             java.lang.Object::equals (11 bytes)
Event: 0.461 Thread 0x14eb8c00 nmethod 131 0x029d02c8 code [0x029d03c0, 0x029d0450]
Event: 0.468 Thread 0x14eb8c00  132             java.lang.Class::getName (21 bytes)
Event: 0.468 Thread 0x14eb8c00 nmethod 132 0x029d08c8 code [0x029d09c0, 0x029d0a7c]

GC Heap History (0 events):
No events

Deoptimization events (0 events):
No events

Internal exceptions (10 events):
Event: 0.110 Thread 0x0248c400 Exception <a 'java/io/IOException'> (0x04aca710) thrown at [C:\re\workspace\8-2-build-windows-i586-cygwin\jdk8u102\7268\hotspot\src\share\vm\prims\jni.cpp, line 709]
Event: 0.110 Thread 0x0248c400 Exception <a 'java/io/IOException'> (0x04aca9a8) thrown at [C:\re\workspace\8-2-build-windows-i586-cygwin\jdk8u102\7268\hotspot\src\share\vm\prims\jni.cpp, line 709]
Event: 0.110 Thread 0x0248c400 Exception <a 'java/io/IOException'> (0x04acac10) thrown at [C:\re\workspace\8-2-build-windows-i586-cygwin\jdk8u102\7268\hotspot\src\share\vm\prims\jni.cpp, line 709]
Event: 0.223 Thread 0x0248c400 Exception <a 'java/io/IOException'> (0x04b48620) thrown at [C:\re\workspace\8-2-build-windows-i586-cygwin\jdk8u102\7268\hotspot\src\share\vm\prims\jni.cpp, line 709]
Event: 0.223 Thread 0x0248c400 Exception <a 'java/io/IOException'> (0x04b488b8) thrown at [C:\re\workspace\8-2-build-windows-i586-cygwin\jdk8u102\7268\hotspot\src\share\vm\prims\jni.cpp, line 709]
Event: 0.223 Thread 0x0248c400 Exception <a 'java/io/IOException'> (0x04b48b20) thrown at [C:\re\workspace\8-2-build-windows-i586-cygwin\jdk8u102\7268\hotspot\src\share\vm\prims\jni.cpp, line 709]
Event: 0.240 Thread 0x0248c400 Exception <a 'java/io/FileNotFoundException'> (0x04b61018) thrown at [C:\re\workspace\8-2-build-windows-i586-cygwin\jdk8u102\7268\hotspot\src\share\vm\prims\jni.cpp, line 709]
Event: 0.277 Thread 0x0248c400 Exception <a 'java/lang/NoSuchFieldError': method resolution failed> (0x04c1b9c8) thrown at [C:\re\workspace\8-2-build-windows-i586-cygwin\jdk8u102\7268\hotspot\src\share\vm\prims\methodHandles.cpp, line 1146]
Event: 0.279 Thread 0x0248c400 Exception <a 'java/lang/NoSuchFieldError': method resolution failed> (0x04c27eb8) thrown at [C:\re\workspace\8-2-build-windows-i586-cygwin\jdk8u102\7268\hotspot\src\share\vm\prims\methodHandles.cpp, line 1146]
Event: 0.318 Thread 0x0248c400 Exception <a 'java/io/FileNotFoundException'> (0x04cad0a0) thrown at [C:\re\workspace\8-2-build-windows-i586-cygwin\jdk8u102\7268\hotspot\src\share\vm\prims\jni.cpp, line 709]

Events (10 events):
Event: 42.115 Executing VM operation: RevokeBias done
Event: 42.115 Thread 0x1505e000 Thread exited: 0x1505e000
Event: 45.331 Thread 0x1505e000 Thread added: 0x1505e000
Event: 46.333 Executing VM operation: RevokeBias
Event: 46.333 Executing VM operation: RevokeBias done
Event: 46.333 Thread 0x1505e000 Thread exited: 0x1505e000
Event: 46.338 Thread 0x1505e000 Thread added: 0x1505e000
Event: 47.339 Executing VM operation: RevokeBias
Event: 47.339 Executing VM operation: RevokeBias done
Event: 47.339 Thread 0x1505e000 Thread exited: 0x1505e000


Dynamic libraries:
0x00340000 - 0x00373000 	C:\Program Files (x86)\Java\jre1.8.0_102\bin\javaw.exe
0x774d0000 - 0x77650000 	C:\Windows\SysWOW64\ntdll.dll
0x75020000 - 0x75130000 	C:\Windows\syswow64\kernel32.dll
0x76490000 - 0x764d7000 	C:\Windows\syswow64\KERNELBASE.dll
0x763e0000 - 0x76481000 	C:\Windows\syswow64\ADVAPI32.dll
0x768a0000 - 0x7694c000 	C:\Windows\syswow64\msvcrt.dll
0x764e0000 - 0x764f9000 	C:\Windows\SysWOW64\sechost.dll
0x751e0000 - 0x752d0000 	C:\Windows\syswow64\RPCRT4.dll
0x74dc0000 - 0x74e20000 	C:\Windows\syswow64\SspiCli.dll
0x74db0000 - 0x74dbc000 	C:\Windows\syswow64\CRYPTBASE.dll
0x76500000 - 0x76600000 	C:\Windows\syswow64\USER32.dll
0x74e60000 - 0x74ef0000 	C:\Windows\syswow64\GDI32.dll
0x76600000 - 0x7660a000 	C:\Windows\syswow64\LPK.dll
0x75140000 - 0x751dd000 	C:\Windows\syswow64\USP10.dll
0x70a00000 - 0x70b9e000 	C:\Windows\WinSxS\x86_microsoft.windows.common-controls_6595b64144ccf1df_6.0.7601.18837_none_41e855142bd5705d\COMCTL32.dll
0x76e60000 - 0x76eb7000 	C:\Windows\syswow64\SHLWAPI.dll
0x76950000 - 0x769b0000 	C:\Windows\system32\IMM32.DLL
0x76fa0000 - 0x7706c000 	C:\Windows\syswow64\MSCTF.dll
0x744a0000 - 0x7455f000 	C:\Program Files (x86)\Java\jre1.8.0_102\bin\msvcr100.dll
0x6c900000 - 0x6cccd000 	C:\Program Files (x86)\Java\jre1.8.0_102\bin\client\jvm.dll
0x6e710000 - 0x6e717000 	C:\Windows\system32\WSOCK32.dll
0x75360000 - 0x75395000 	C:\Windows\syswow64\WS2_32.dll
0x76ab0000 - 0x76ab6000 	C:\Windows\syswow64\NSI.dll
0x72b30000 - 0x72b62000 	C:\Windows\system32\WINMM.dll
0x74ce0000 - 0x74ce9000 	C:\Windows\system32\VERSION.dll
0x76a10000 - 0x76a15000 	C:\Windows\syswow64\PSAPI.DLL
0x74490000 - 0x7449c000 	C:\Program Files (x86)\Java\jre1.8.0_102\bin\verify.dll
0x74460000 - 0x74481000 	C:\Program Files (x86)\Java\jre1.8.0_102\bin\java.dll
0x74440000 - 0x74453000 	C:\Program Files (x86)\Java\jre1.8.0_102\bin\zip.dll
0x75600000 - 0x7624c000 	C:\Windows\syswow64\SHELL32.dll
0x76260000 - 0x763bd000 	C:\Windows\syswow64\ole32.dll
0x752d0000 - 0x752db000 	C:\Windows\syswow64\profapi.dll
0x72120000 - 0x72137000 	C:\Windows\system32\CRYPTSP.dll
0x720e0000 - 0x7211b000 	C:\Windows\system32\rsaenh.dll
0x76ec0000 - 0x76ed7000 	C:\Windows\syswow64\USERENV.dll
0x74420000 - 0x74436000 	C:\Program Files (x86)\Java\jre1.8.0_102\bin\net.dll
0x73ba0000 - 0x73bdc000 	C:\Windows\system32\mswsock.dll
0x73a40000 - 0x73a46000 	C:\Windows\System32\wship6.dll
0x70c20000 - 0x70c3c000 	C:\Windows\system32\IPHLPAPI.DLL
0x70c10000 - 0x70c17000 	C:\Windows\system32\WINNSI.DLL
0x6e470000 - 0x6e47d000 	C:\Windows\system32\dhcpcsvc6.DLL
0x6e430000 - 0x6e442000 	C:\Windows\system32\dhcpcsvc.DLL
0x74410000 - 0x7441f000 	C:\Program Files (x86)\Java\jre1.8.0_102\bin\nio.dll
0x15060000 - 0x150ac000 	C:\Users\mpdlab\Desktop\CameraSoftware\VideoScanCamera\JavaVS\VsIj_Native.dll
0x6e2d0000 - 0x6e415000 	C:\Program Files (x86)\Java\jre1.8.0_102\bin\awt.dll
0x76800000 - 0x76891000 	C:\Windows\syswow64\OLEAUT32.dll
0x71f40000 - 0x71f53000 	C:\Windows\system32\DWMAPI.DLL
0x72060000 - 0x720e0000 	C:\Windows\system32\uxtheme.dll
0x60580000 - 0x60743000 	C:\Windows\system32\d3d9.dll
0x60570000 - 0x60576000 	C:\Windows\system32\d3d8thk.dll
0x59490000 - 0x5a25e000 	C:\Windows\system32\nvd3dum.dll
0x70c40000 - 0x70c65000 	C:\Windows\system32\powrprof.dll
0x76660000 - 0x767fd000 	C:\Windows\syswow64\SETUPAPI.dll
0x769c0000 - 0x769e7000 	C:\Windows\syswow64\CFGMGR32.dll
0x769f0000 - 0x76a02000 	C:\Windows\syswow64\DEVOBJ.dll
0x6e0c0000 - 0x6e1fa000 	C:\Program Files (x86)\NVIDIA Corporation\3D Vision\nvSCPAPI.dll
0x6dde0000 - 0x6e0b5000 	C:\Windows\system32\nvapi.dll
0x74e20000 - 0x74e4f000 	C:\Windows\syswow64\WINTRUST.dll
0x74ef0000 - 0x75011000 	C:\Windows\syswow64\CRYPT32.dll
0x763d0000 - 0x763dc000 	C:\Windows\syswow64\MSASN1.dll
0x6d730000 - 0x6d81f000 	C:\Users\mpdlab\Desktop\CameraSoftware\VideoScanCamera\JavaVS\vscorelib_v4.dll
0x748f0000 - 0x749db000 	C:\Windows\system32\dbghelp.dll

VM Arguments:
java_command: C:\Users\mpdlab\Desktop\CameraSoftware\VideoScanCamera\JavaVS\VS.jar
java_class_path (initial): C:\Users\mpdlab\Desktop\CameraSoftware\VideoScanCamera\JavaVS\VS.jar
Launcher Type: SUN_STANDARD

Environment Variables:
PATH=C:\ProgramData\Oracle\Java\javapath;C:\Windows\system32;C:\Windows;C:\Windows\System32\Wbem;C:\Windows\System32\WindowsPowerShell\v1.0\;D:\Program Files (x86)\IVI Foundation\VISA\WinNT\Bin\;C:\Program Files\IVI Foundation\VISA\Win64\Bin\;D:\Program Files (x86)\IVI Foundation\VISA\WinNT\Bin;C:\Program Files (x86)\Windows Kits\8.1\Windows Performance Toolkit\;C:\Program Files\Microsoft SQL Server\110\Tools\Binn\;C:\Program Files (x86)\Microsoft SDKs\TypeScript\1.0\;C:\Program Files\Microsoft SQL Server\120\Tools\Binn\;C:\Program Files\Agilent\IO Libraries Suite\bin;C:\Program Files\IVI Foundation\VISA\Win64\agvisa;C:\Program Files (x86)\Agilent\IO Libraries Suite\bin;D:\Program Files (x86)\IVI Foundation\VISA\WinNT\agvisa;C:\Program Files (x86)\IVI Foundation\IVI\bin;C:\Program Files\IVI Foundation\IVI\bin;C:\Program Files (x86)\Common Files\Acronis\SnapAPI\
USERNAME=mpdlab
OS=Windows_NT
PROCESSOR_IDENTIFIER=Intel64 Family 6 Model 15 Stepping 11, GenuineIntel



---------------  S Y S T E M  ---------------

OS: Windows 7 , 64 bit Build 7601 (6.1.7601.23543)

CPU:total 4 (4 cores per cpu, 1 threads per core) family 6 model 15 stepping 11, cmov, cx8, fxsr, mmx, sse, sse2, sse3, ssse3, tsc

Memory: 4k page, physical 6289912k(3952644k free), swap 19233964k(16702416k free)

vm_info: Java HotSpot(TM) Client VM (25.102-b14) for windows-x86 JRE (1.8.0_102-b14), built on Jun 22 2016 13:13:29 by "java_re" with MS VC++ 10.0 (VS2010)

time: Tue Nov 01 11:31:03 2016
elapsed time: 55 seconds (0d 0h 0m 55s)

