#
# A fatal error has been detected by the Java Runtime Environment:
#
#  EXCEPTION_ACCESS_VIOLATION (0xc0000005) at pc=0x049b5a14, pid=648, tid=0x00000a98
#
# JRE version: Java(TM) SE Runtime Environment (8.0_102-b14) (build 1.8.0_102-b14)
# Java VM: Java HotSpot(TM) Client VM (25.102-b14 mixed mode windows-x86 )
# Problematic frame:
# C  [VsIj_Native.dll+0x15a14]
#
# Failed to write core dump. Minidumps are not enabled by default on client versions of Windows
#
# If you would like to submit a bug report, please visit:
#   http://bugreport.java.com/bugreport/crash.jsp
# The crash happened outside the Java Virtual Machine in native code.
# See problematic frame for where to report the bug.
#

---------------  T H R E A D  ---------------

Current thread (0x00ccc400):  JavaThread "main" [_thread_in_native, id=2712, stack(0x00cd0000,0x00d20000)]

siginfo: ExceptionCode=0xc0000005, reading address 0x00000000

Registers:
EAX=0x00000000, EBX=0x14c92698, ECX=0x0939693f, EDX=0x00000019
ESP=0x00d1f230, EBP=0x00d1f348, ESI=0x14c92698, EDI=0x00d1f348
EIP=0x049b5a14, EFLAGS=0x00010246

Top of Stack: (sp=0x00d1f230)
0x00d1f230:   00ccc400 14c92698 14c92698 cccccccc
0x00d1f240:   cccccccc cccccccc cccccccc cccccccc
0x00d1f250:   cccccccc cccccccc cccccccc cccccccc
0x00d1f260:   cccccccc cccccccc cccccccc cccccccc
0x00d1f270:   cccccccc cccccccc cccccccc cccccccc
0x00d1f280:   cccccccc cccccccc cccccccc cccccccc
0x00d1f290:   cccccccc cccccccc cccccccc cccccccc
0x00d1f2a0:   cccccccc cccccccc cccccccc cccccccc 

Instructions: (pc=0x049b5a14)
0x049b59f4:   00 00 00 b8 cc cc cc cc f3 ab 8b 45 10 50 e8 c7
0x049b5a04:   ef ff ff 8b c8 e8 16 ef ff ff 89 45 f8 8b 45 f8
0x049b5a14:   8b 08 8b f4 8b 55 f8 52 ff 51 08 3b f4 e8 86 ee
0x049b5a24:   ff ff 89 45 ec c7 45 e0 00 00 00 00 8b 45 ec 8b 


Register to memory mapping:

EAX=0x00000000 is an unknown value
EBX={method} {0x14c9269c} 'getSettingList' '(I)[I' in 'Camera'
ECX=0x0939693f is an unallocated location in the heap
EDX=0x00000019 is an unknown value
ESP=0x00d1f230 is pointing into the stack for thread: 0x00ccc400
EBP=0x00d1f348 is pointing into the stack for thread: 0x00ccc400
ESI={method} {0x14c9269c} 'getSettingList' '(I)[I' in 'Camera'
EDI=0x00d1f348 is pointing into the stack for thread: 0x00ccc400


Stack: [0x00cd0000,0x00d20000],  sp=0x00d1f230,  free space=316k
Native frames: (J=compiled Java code, j=interpreted, Vv=VM code, C=native code)
C  [VsIj_Native.dll+0x15a14]
j  Camera.getSettingList(I)[I+0
j  CameraSettingPanelContainer.<init>(LCamera;)V+20
j  CameraPanel.<init>()V+42
j  MainFrame.<init>()V+73
j  Videoscan_.<init>()V+14
v  ~StubRoutines::call_stub
V  [jvm.dll+0x15a6e5]
V  [jvm.dll+0x2204fe]
V  [jvm.dll+0x15a77e]
V  [jvm.dll+0x166e38]
V  [jvm.dll+0x1671e1]
V  [jvm.dll+0x103bb8]
C  [java.dll+0x3b3a]
j  sun.reflect.NativeConstructorAccessorImpl.newInstance([Ljava/lang/Object;)Ljava/lang/Object;+85
j  sun.reflect.DelegatingConstructorAccessorImpl.newInstance([Ljava/lang/Object;)Ljava/lang/Object;+5
j  java.lang.reflect.Constructor.newInstance([Ljava/lang/Object;)Ljava/lang/Object;+79
j  ExtJarVideoScan.initializeCamera()LCameraWrapper;+133
j  ExtJarVideoScan.main([Ljava/lang/String;)V+8
v  ~StubRoutines::call_stub
V  [jvm.dll+0x15a6e5]
V  [jvm.dll+0x2204fe]
V  [jvm.dll+0x15a77e]
V  [jvm.dll+0x166e38]
V  [jvm.dll+0x1670a3]
V  [jvm.dll+0x103a43]
C  [java.dll+0x3b26]
j  sun.reflect.NativeMethodAccessorImpl.invoke(Ljava/lang/Object;[Ljava/lang/Object;)Ljava/lang/Object;+100
j  sun.reflect.DelegatingMethodAccessorImpl.invoke(Ljava/lang/Object;[Ljava/lang/Object;)Ljava/lang/Object;+6
j  java.lang.reflect.Method.invoke(Ljava/lang/Object;[Ljava/lang/Object;)Ljava/lang/Object;+56
j  org.eclipse.jdt.internal.jarinjarloader.JarRsrcLoader.main([Ljava/lang/String;)V+195
v  ~StubRoutines::call_stub
V  [jvm.dll+0x15a6e5]
V  [jvm.dll+0x2204fe]
V  [jvm.dll+0x15a77e]
V  [jvm.dll+0xdc337]
V  [jvm.dll+0xe48cf]
C  [javaw.exe+0x22ab]
C  [javaw.exe+0xaecf]
C  [javaw.exe+0xaf59]
C  [kernel32.dll+0x1336a]
C  [ntdll.dll+0x39902]
C  [ntdll.dll+0x398d5]
C  0x00000000

Java frames: (J=compiled Java code, j=interpreted, Vv=VM code)
j  Camera.getSettingList(I)[I+0
j  CameraSettingPanelContainer.<init>(LCamera;)V+20
j  CameraPanel.<init>()V+42
j  MainFrame.<init>()V+73
j  Videoscan_.<init>()V+14
v  ~StubRoutines::call_stub
j  sun.reflect.NativeConstructorAccessorImpl.newInstance0(Ljava/lang/reflect/Constructor;[Ljava/lang/Object;)Ljava/lang/Object;+0
j  sun.reflect.NativeConstructorAccessorImpl.newInstance([Ljava/lang/Object;)Ljava/lang/Object;+85
j  sun.reflect.DelegatingConstructorAccessorImpl.newInstance([Ljava/lang/Object;)Ljava/lang/Object;+5
j  java.lang.reflect.Constructor.newInstance([Ljava/lang/Object;)Ljava/lang/Object;+79
j  ExtJarVideoScan.initializeCamera()LCameraWrapper;+133
j  ExtJarVideoScan.main([Ljava/lang/String;)V+8
v  ~StubRoutines::call_stub
j  sun.reflect.NativeMethodAccessorImpl.invoke0(Ljava/lang/reflect/Method;Ljava/lang/Object;[Ljava/lang/Object;)Ljava/lang/Object;+0
j  sun.reflect.NativeMethodAccessorImpl.invoke(Ljava/lang/Object;[Ljava/lang/Object;)Ljava/lang/Object;+100
j  sun.reflect.DelegatingMethodAccessorImpl.invoke(Ljava/lang/Object;[Ljava/lang/Object;)Ljava/lang/Object;+6
j  java.lang.reflect.Method.invoke(Ljava/lang/Object;[Ljava/lang/Object;)Ljava/lang/Object;+56
j  org.eclipse.jdt.internal.jarinjarloader.JarRsrcLoader.main([Ljava/lang/String;)V+195
v  ~StubRoutines::call_stub

---------------  P R O C E S S  ---------------

Java Threads: ( => current thread )
  0x1500d800 JavaThread "AWT-Windows" daemon [_thread_in_native, id=4428, stack(0x155b0000,0x15600000)]
  0x1500a000 JavaThread "Java2D Disposer" daemon [_thread_blocked, id=3468, stack(0x15810000,0x15860000)]
  0x14edfc00 JavaThread "Service Thread" daemon [_thread_blocked, id=3948, stack(0x15300000,0x15350000)]
  0x14eb8c00 JavaThread "C1 CompilerThread0" daemon [_thread_blocked, id=6892, stack(0x15070000,0x150c0000)]
  0x14eb7c00 JavaThread "Attach Listener" daemon [_thread_blocked, id=4316, stack(0x15290000,0x152e0000)]
  0x14eb4800 JavaThread "Signal Dispatcher" daemon [_thread_blocked, id=6008, stack(0x00fd0000,0x01020000)]
  0x14ea6000 JavaThread "Finalizer" daemon [_thread_blocked, id=6272, stack(0x00f40000,0x00f90000)]
  0x14e81000 JavaThread "Reference Handler" daemon [_thread_blocked, id=5352, stack(0x010a0000,0x010f0000)]
=>0x00ccc400 JavaThread "main" [_thread_in_native, id=2712, stack(0x00cd0000,0x00d20000)]

Other Threads:
  0x14e7ac00 VMThread [stack: 0x01020000,0x01070000] [id=1388]
  0x14ee3000 WatcherThread [stack: 0x15440000,0x15490000] [id=1452]

VM state:not at safepoint (normal execution)

VM Mutex/Monitor currently owned by a thread: None

Heap:
 def new generation   total 4928K, used 3729K [0x04a00000, 0x04f50000, 0x09f50000)
  eden space 4416K,  84% used [0x04a00000, 0x04da4598, 0x04e50000)
  from space 512K,   0% used [0x04e50000, 0x04e50000, 0x04ed0000)
  to   space 512K,   0% used [0x04ed0000, 0x04ed0000, 0x04f50000)
 tenured generation   total 10944K, used 0K [0x09f50000, 0x0aa00000, 0x14a00000)
   the space 10944K,   0% used [0x09f50000, 0x09f50000, 0x09f50200, 0x0aa00000)
 Metaspace       used 4923K, capacity 5141K, committed 5248K, reserved 5504K

Card table byte_map: [0x00eb0000,0x00f40000] byte_map_base: 0x00e8b000

Polling page: 0x00440000

CodeCache: size=32768Kb used=834Kb max_used=834Kb free=31933Kb
 bounds [0x02830000, 0x02908000, 0x04830000]
 total_blobs=328 nmethods=132 adapters=128
 compilation: enabled

Compilation events (10 events):
Event: 0.791 Thread 0x14eb8c00  128             java.util.HashMap::put (13 bytes)
Event: 0.791 Thread 0x14eb8c00 nmethod 128 0x028fd848 code [0x028fd950, 0x028fda48]
Event: 0.791 Thread 0x14eb8c00  129   !         sun.net.www.ParseUtil::decode (316 bytes)
Event: 0.793 Thread 0x14eb8c00 nmethod 129 0x028fdac8 code [0x028fdd80, 0x028fec24]
Event: 0.793 Thread 0x14eb8c00  130             java.util.HashMap$Node::<init> (26 bytes)
Event: 0.794 Thread 0x14eb8c00 nmethod 130 0x029000c8 code [0x029001c0, 0x02900270]
Event: 0.794 Thread 0x14eb8c00  131             java.lang.Object::equals (11 bytes)
Event: 0.794 Thread 0x14eb8c00 nmethod 131 0x029002c8 code [0x029003c0, 0x02900450]
Event: 0.801 Thread 0x14eb8c00  132             java.lang.Class::getName (21 bytes)
Event: 0.802 Thread 0x14eb8c00 nmethod 132 0x029008c8 code [0x029009c0, 0x02900a7c]

GC Heap History (0 events):
No events

Deoptimization events (0 events):
No events

Internal exceptions (10 events):
Event: 0.179 Thread 0x00ccc400 Exception <a 'java/io/IOException'> (0x04aca6c8) thrown at [C:\re\workspace\8-2-build-windows-i586-cygwin\jdk8u102\7268\hotspot\src\share\vm\prims\jni.cpp, line 709]
Event: 0.179 Thread 0x00ccc400 Exception <a 'java/io/IOException'> (0x04aca960) thrown at [C:\re\workspace\8-2-build-windows-i586-cygwin\jdk8u102\7268\hotspot\src\share\vm\prims\jni.cpp, line 709]
Event: 0.179 Thread 0x00ccc400 Exception <a 'java/io/IOException'> (0x04acabc8) thrown at [C:\re\workspace\8-2-build-windows-i586-cygwin\jdk8u102\7268\hotspot\src\share\vm\prims\jni.cpp, line 709]
Event: 0.434 Thread 0x00ccc400 Exception <a 'java/io/IOException'> (0x04b4ed00) thrown at [C:\re\workspace\8-2-build-windows-i586-cygwin\jdk8u102\7268\hotspot\src\share\vm\prims\jni.cpp, line 709]
Event: 0.434 Thread 0x00ccc400 Exception <a 'java/io/IOException'> (0x04b4ef98) thrown at [C:\re\workspace\8-2-build-windows-i586-cygwin\jdk8u102\7268\hotspot\src\share\vm\prims\jni.cpp, line 709]
Event: 0.434 Thread 0x00ccc400 Exception <a 'java/io/IOException'> (0x04b4f200) thrown at [C:\re\workspace\8-2-build-windows-i586-cygwin\jdk8u102\7268\hotspot\src\share\vm\prims\jni.cpp, line 709]
Event: 0.509 Thread 0x00ccc400 Exception <a 'java/io/FileNotFoundException'> (0x04b67678) thrown at [C:\re\workspace\8-2-build-windows-i586-cygwin\jdk8u102\7268\hotspot\src\share\vm\prims\jni.cpp, line 709]
Event: 0.556 Thread 0x00ccc400 Exception <a 'java/lang/NoSuchFieldError': method resolution failed> (0x04c21e48) thrown at [C:\re\workspace\8-2-build-windows-i586-cygwin\jdk8u102\7268\hotspot\src\share\vm\prims\methodHandles.cpp, line 1146]
Event: 0.558 Thread 0x00ccc400 Exception <a 'java/lang/NoSuchFieldError': method resolution failed> (0x04c2e358) thrown at [C:\re\workspace\8-2-build-windows-i586-cygwin\jdk8u102\7268\hotspot\src\share\vm\prims\methodHandles.cpp, line 1146]
Event: 0.605 Thread 0x00ccc400 Exception <a 'java/io/FileNotFoundException'> (0x04cb3400) thrown at [C:\re\workspace\8-2-build-windows-i586-cygwin\jdk8u102\7268\hotspot\src\share\vm\prims\jni.cpp, line 709]

Events (10 events):
Event: 1.812 loading class sun/awt/AWTAutoShutdown$1
Event: 1.812 loading class sun/awt/AWTAutoShutdown$1 done
Event: 1.812 Thread 0x1500cc00 Thread exited: 0x1500cc00
Event: 1.812 loading class java/awt/MenuComponent
Event: 1.812 loading class java/awt/MenuComponent done
Event: 1.812 loading class java/awt/TrayIcon
Event: 1.812 loading class java/awt/TrayIcon done
Event: 1.812 Thread 0x1505f000 Thread exited: 0x1505f000
Event: 4.273 Executing VM operation: EnableBiasedLocking
Event: 4.273 Executing VM operation: EnableBiasedLocking done


Dynamic libraries:
0x01120000 - 0x01153000 	C:\Program Files (x86)\Java\jre1.8.0_102\bin\javaw.exe
0x77080000 - 0x77200000 	C:\Windows\SysWOW64\ntdll.dll
0x749e0000 - 0x74af0000 	C:\Windows\syswow64\kernel32.dll
0x75ed0000 - 0x75f17000 	C:\Windows\syswow64\KERNELBASE.dll
0x75c30000 - 0x75cd1000 	C:\Windows\syswow64\ADVAPI32.dll
0x758e0000 - 0x7598c000 	C:\Windows\syswow64\msvcrt.dll
0x769b0000 - 0x769c9000 	C:\Windows\SysWOW64\sechost.dll
0x75d10000 - 0x75e00000 	C:\Windows\syswow64\RPCRT4.dll
0x74970000 - 0x749d0000 	C:\Windows\syswow64\SspiCli.dll
0x74960000 - 0x7496c000 	C:\Windows\syswow64\CRYPTBASE.dll
0x75760000 - 0x75860000 	C:\Windows\syswow64\USER32.dll
0x76710000 - 0x767a0000 	C:\Windows\syswow64\GDI32.dll
0x767a0000 - 0x767aa000 	C:\Windows\syswow64\LPK.dll
0x769d0000 - 0x76a6d000 	C:\Windows\syswow64\USP10.dll
0x716f0000 - 0x7188e000 	C:\Windows\WinSxS\x86_microsoft.windows.common-controls_6595b64144ccf1df_6.0.7601.18837_none_41e855142bd5705d\COMCTL32.dll
0x76460000 - 0x764b7000 	C:\Windows\syswow64\SHLWAPI.dll
0x76180000 - 0x761e0000 	C:\Windows\system32\IMM32.DLL
0x761e0000 - 0x762ac000 	C:\Windows\syswow64\MSCTF.dll
0x671f0000 - 0x672af000 	C:\Program Files (x86)\Java\jre1.8.0_102\bin\msvcr100.dll
0x66e20000 - 0x671ed000 	C:\Program Files (x86)\Java\jre1.8.0_102\bin\client\jvm.dll
0x6e760000 - 0x6e767000 	C:\Windows\system32\WSOCK32.dll
0x75bf0000 - 0x75c25000 	C:\Windows\syswow64\WS2_32.dll
0x769a0000 - 0x769a6000 	C:\Windows\syswow64\NSI.dll
0x6e480000 - 0x6e4b2000 	C:\Windows\system32\WINMM.dll
0x74890000 - 0x74899000 	C:\Windows\system32\VERSION.dll
0x77050000 - 0x77055000 	C:\Windows\syswow64\PSAPI.DLL
0x6d270000 - 0x6d27c000 	C:\Program Files (x86)\Java\jre1.8.0_102\bin\verify.dll
0x6b640000 - 0x6b661000 	C:\Program Files (x86)\Java\jre1.8.0_102\bin\java.dll
0x6b680000 - 0x6b693000 	C:\Program Files (x86)\Java\jre1.8.0_102\bin\zip.dll
0x74b10000 - 0x7575c000 	C:\Windows\syswow64\SHELL32.dll
0x76b20000 - 0x76c7d000 	C:\Windows\syswow64\ole32.dll
0x76900000 - 0x7690b000 	C:\Windows\syswow64\profapi.dll
0x71cc0000 - 0x71cd7000 	C:\Windows\system32\CRYPTSP.dll
0x71ab0000 - 0x71aeb000 	C:\Windows\system32\rsaenh.dll
0x75e00000 - 0x75e17000 	C:\Windows\syswow64\USERENV.dll
0x6c9b0000 - 0x6c9c6000 	C:\Program Files (x86)\Java\jre1.8.0_102\bin\net.dll
0x733f0000 - 0x7342c000 	C:\Windows\system32\mswsock.dll
0x733b0000 - 0x733b6000 	C:\Windows\System32\wship6.dll
0x71af0000 - 0x71b0c000 	C:\Windows\system32\IPHLPAPI.DLL
0x71aa0000 - 0x71aa7000 	C:\Windows\system32\WINNSI.DLL
0x6e4e0000 - 0x6e4ed000 	C:\Windows\system32\dhcpcsvc6.DLL
0x6e4c0000 - 0x6e4d2000 	C:\Windows\system32\dhcpcsvc.DLL
0x6d280000 - 0x6d28f000 	C:\Program Files (x86)\Java\jre1.8.0_102\bin\nio.dll
0x049a0000 - 0x049ec000 	C:\Users\mpdlab\Desktop\CameraSoftware\VideoScanCamera\JavaVS\VsIj_Native.dll
0x6b0b0000 - 0x6b1f5000 	C:\Program Files (x86)\Java\jre1.8.0_102\bin\awt.dll
0x76a70000 - 0x76b01000 	C:\Windows\syswow64\OLEAUT32.dll
0x718d0000 - 0x718e3000 	C:\Windows\system32\DWMAPI.DLL
0x71a20000 - 0x71aa0000 	C:\Windows\system32\uxtheme.dll
0x6ce50000 - 0x6d013000 	C:\Windows\system32\d3d9.dll
0x6d250000 - 0x6d256000 	C:\Windows\system32\d3d8thk.dll
0x599c0000 - 0x5a78e000 	C:\Windows\system32\nvd3dum.dll
0x6de20000 - 0x6de45000 	C:\Windows\system32\powrprof.dll
0x76570000 - 0x7670d000 	C:\Windows\syswow64\SETUPAPI.dll
0x762b0000 - 0x762d7000 	C:\Windows\syswow64\CFGMGR32.dll
0x74af0000 - 0x74b02000 	C:\Windows\syswow64\DEVOBJ.dll
0x62af0000 - 0x62c2a000 	C:\Program Files (x86)\NVIDIA Corporation\3D Vision\nvSCPAPI.dll
0x5fc70000 - 0x5fd5f000 	C:\Users\mpdlab\Desktop\CameraSoftware\VideoScanCamera\JavaVS\vscorelib_v4.dll
0x76430000 - 0x7645f000 	C:\Windows\syswow64\WINTRUST.dll
0x76300000 - 0x76421000 	C:\Windows\syswow64\CRYPT32.dll
0x75990000 - 0x7599c000 	C:\Windows\syswow64\MSASN1.dll
0x71290000 - 0x7137b000 	C:\Windows\system32\dbghelp.dll

VM Arguments:
java_command: C:\Users\mpdlab\Desktop\CameraSoftware\VideoScanCamera\JavaVS\VS.jar
java_class_path (initial): C:\Users\mpdlab\Desktop\CameraSoftware\VideoScanCamera\JavaVS\VS.jar
Launcher Type: SUN_STANDARD

Environment Variables:
PATH=C:\ProgramData\Oracle\Java\javapath;C:\Windows\system32;C:\Windows;C:\Windows\System32\Wbem;C:\Windows\System32\WindowsPowerShell\v1.0\;D:\Program Files (x86)\IVI Foundation\VISA\WinNT\Bin\;C:\Program Files\IVI Foundation\VISA\Win64\Bin\;D:\Program Files (x86)\IVI Foundation\VISA\WinNT\Bin;C:\Program Files (x86)\Windows Kits\8.1\Windows Performance Toolkit\;C:\Program Files\Microsoft SQL Server\110\Tools\Binn\;C:\Program Files (x86)\Microsoft SDKs\TypeScript\1.0\;C:\Program Files\Microsoft SQL Server\120\Tools\Binn\;C:\Program Files\Agilent\IO Libraries Suite\bin;C:\Program Files\IVI Foundation\VISA\Win64\agvisa;C:\Program Files (x86)\Agilent\IO Libraries Suite\bin;D:\Program Files (x86)\IVI Foundation\VISA\WinNT\agvisa;C:\Program Files (x86)\IVI Foundation\IVI\bin;C:\Program Files\IVI Foundation\IVI\bin;C:\Program Files (x86)\Common Files\Acronis\SnapAPI\
USERNAME=mpdlab
OS=Windows_NT
PROCESSOR_IDENTIFIER=Intel64 Family 6 Model 15 Stepping 11, GenuineIntel



---------------  S Y S T E M  ---------------

OS: Windows 7 , 64 bit Build 7601 (6.1.7601.23543)

CPU:total 4 (4 cores per cpu, 1 threads per core) family 6 model 15 stepping 11, cmov, cx8, fxsr, mmx, sse, sse2, sse3, ssse3, tsc

Memory: 4k page, physical 6289912k(3756296k free), swap 19233964k(16565044k free)

vm_info: Java HotSpot(TM) Client VM (25.102-b14) for windows-x86 JRE (1.8.0_102-b14), built on Jun 22 2016 13:13:29 by "java_re" with MS VC++ 10.0 (VS2010)

time: Thu Nov 03 14:28:55 2016
elapsed time: 5 seconds (0d 0h 0m 5s)

