#
# A fatal error has been detected by the Java Runtime Environment:
#
#  EXCEPTION_ACCESS_VIOLATION (0xc0000005) at pc=0x01285a14, pid=1552, tid=0x0000150c
#
# JRE version: Java(TM) SE Runtime Environment (8.0_102-b14) (build 1.8.0_102-b14)
# Java VM: Java HotSpot(TM) Client VM (25.102-b14 mixed mode windows-x86 )
# Problematic frame:
# C  [VsIj_Native.dll+0x15a14]
#
# Failed to write core dump. Minidumps are not enabled by default on client versions of Windows
#
# If you would like to submit a bug report, please visit:
#   http://bugreport.java.com/bugreport/crash.jsp
# The crash happened outside the Java Virtual Machine in native code.
# See problematic frame for where to report the bug.
#

---------------  T H R E A D  ---------------

Current thread (0x0049c400):  JavaThread "main" [_thread_in_native, id=5388, stack(0x004e0000,0x00530000)]

siginfo: ExceptionCode=0xc0000005, reading address 0x00000000

Registers:
EAX=0x00000000, EBX=0x14a92698, ECX=0xbdaa0678, EDX=0x0000001a
ESP=0x0052eb10, EBP=0x0052ec28, ESI=0x14a92698, EDI=0x0052ec28
EIP=0x01285a14, EFLAGS=0x00010246

Top of Stack: (sp=0x0052eb10)
0x0052eb10:   0049c400 14a92698 14a92698 cccccccc
0x0052eb20:   cccccccc cccccccc cccccccc cccccccc
0x0052eb30:   cccccccc cccccccc cccccccc cccccccc
0x0052eb40:   cccccccc cccccccc cccccccc cccccccc
0x0052eb50:   cccccccc cccccccc cccccccc cccccccc
0x0052eb60:   cccccccc cccccccc cccccccc cccccccc
0x0052eb70:   cccccccc cccccccc cccccccc cccccccc
0x0052eb80:   cccccccc cccccccc cccccccc cccccccc 

Instructions: (pc=0x01285a14)
0x012859f4:   00 00 00 b8 cc cc cc cc f3 ab 8b 45 10 50 e8 c7
0x01285a04:   ef ff ff 8b c8 e8 16 ef ff ff 89 45 f8 8b 45 f8
0x01285a14:   8b 08 8b f4 8b 55 f8 52 ff 51 08 3b f4 e8 86 ee
0x01285a24:   ff ff 89 45 ec c7 45 e0 00 00 00 00 8b 45 ec 8b 


Register to memory mapping:

EAX=0x00000000 is an unknown value
EBX={method} {0x14a9269c} 'getSettingList' '(I)[I' in 'Camera'
ECX=0xbdaa0678 is an unknown value
EDX=0x0000001a is an unknown value
ESP=0x0052eb10 is pointing into the stack for thread: 0x0049c400
EBP=0x0052ec28 is pointing into the stack for thread: 0x0049c400
ESI={method} {0x14a9269c} 'getSettingList' '(I)[I' in 'Camera'
EDI=0x0052ec28 is pointing into the stack for thread: 0x0049c400


Stack: [0x004e0000,0x00530000],  sp=0x0052eb10,  free space=314k
Native frames: (J=compiled Java code, j=interpreted, Vv=VM code, C=native code)
C  [VsIj_Native.dll+0x15a14]
j  Camera.getSettingList(I)[I+0
j  CameraSettingPanelContainer.<init>(LCamera;)V+20
j  CameraPanel.<init>()V+42
j  MainFrame.<init>()V+73
j  Videoscan_.<init>()V+14
v  ~StubRoutines::call_stub
V  [jvm.dll+0x15a6e5]
V  [jvm.dll+0x2204fe]
V  [jvm.dll+0x15a77e]
V  [jvm.dll+0x166e38]
V  [jvm.dll+0x1671e1]
V  [jvm.dll+0x103bb8]
C  [java.dll+0x3b3a]
j  sun.reflect.NativeConstructorAccessorImpl.newInstance([Ljava/lang/Object;)Ljava/lang/Object;+85
j  sun.reflect.DelegatingConstructorAccessorImpl.newInstance([Ljava/lang/Object;)Ljava/lang/Object;+5
j  java.lang.reflect.Constructor.newInstance([Ljava/lang/Object;)Ljava/lang/Object;+79
j  ExtJarVideoScan.initializeCamera()LCameraWrapper;+133
j  ExtJarVideoScan.main([Ljava/lang/String;)V+8
v  ~StubRoutines::call_stub
V  [jvm.dll+0x15a6e5]
V  [jvm.dll+0x2204fe]
V  [jvm.dll+0x15a77e]
V  [jvm.dll+0x166e38]
V  [jvm.dll+0x1670a3]
V  [jvm.dll+0x103a43]
C  [java.dll+0x3b26]
j  sun.reflect.NativeMethodAccessorImpl.invoke(Ljava/lang/Object;[Ljava/lang/Object;)Ljava/lang/Object;+100
j  sun.reflect.DelegatingMethodAccessorImpl.invoke(Ljava/lang/Object;[Ljava/lang/Object;)Ljava/lang/Object;+6
j  java.lang.reflect.Method.invoke(Ljava/lang/Object;[Ljava/lang/Object;)Ljava/lang/Object;+56
j  org.eclipse.jdt.internal.jarinjarloader.JarRsrcLoader.main([Ljava/lang/String;)V+195
v  ~StubRoutines::call_stub
V  [jvm.dll+0x15a6e5]
V  [jvm.dll+0x2204fe]
V  [jvm.dll+0x15a77e]
V  [jvm.dll+0xdc337]
V  [jvm.dll+0xe48cf]
C  [javaw.exe+0x22ab]
C  [javaw.exe+0xaecf]
C  [javaw.exe+0xaf59]
C  [kernel32.dll+0x1336a]
C  [ntdll.dll+0x39902]
C  [ntdll.dll+0x398d5]
C  0x00000000

Java frames: (J=compiled Java code, j=interpreted, Vv=VM code)
j  Camera.getSettingList(I)[I+0
j  CameraSettingPanelContainer.<init>(LCamera;)V+20
j  CameraPanel.<init>()V+42
j  MainFrame.<init>()V+73
j  Videoscan_.<init>()V+14
v  ~StubRoutines::call_stub
j  sun.reflect.NativeConstructorAccessorImpl.newInstance0(Ljava/lang/reflect/Constructor;[Ljava/lang/Object;)Ljava/lang/Object;+0
j  sun.reflect.NativeConstructorAccessorImpl.newInstance([Ljava/lang/Object;)Ljava/lang/Object;+85
j  sun.reflect.DelegatingConstructorAccessorImpl.newInstance([Ljava/lang/Object;)Ljava/lang/Object;+5
j  java.lang.reflect.Constructor.newInstance([Ljava/lang/Object;)Ljava/lang/Object;+79
j  ExtJarVideoScan.initializeCamera()LCameraWrapper;+133
j  ExtJarVideoScan.main([Ljava/lang/String;)V+8
v  ~StubRoutines::call_stub
j  sun.reflect.NativeMethodAccessorImpl.invoke0(Ljava/lang/reflect/Method;Ljava/lang/Object;[Ljava/lang/Object;)Ljava/lang/Object;+0
j  sun.reflect.NativeMethodAccessorImpl.invoke(Ljava/lang/Object;[Ljava/lang/Object;)Ljava/lang/Object;+100
j  sun.reflect.DelegatingMethodAccessorImpl.invoke(Ljava/lang/Object;[Ljava/lang/Object;)Ljava/lang/Object;+6
j  java.lang.reflect.Method.invoke(Ljava/lang/Object;[Ljava/lang/Object;)Ljava/lang/Object;+56
j  org.eclipse.jdt.internal.jarinjarloader.JarRsrcLoader.main([Ljava/lang/String;)V+195
v  ~StubRoutines::call_stub

---------------  P R O C E S S  ---------------

Java Threads: ( => current thread )
  0x14e0e000 JavaThread "AWT-Windows" daemon [_thread_in_native, id=4812, stack(0x15990000,0x159e0000)]
  0x14e0a800 JavaThread "Java2D Disposer" daemon [_thread_blocked, id=6496, stack(0x15420000,0x15470000)]
  0x14cdfc00 JavaThread "Service Thread" daemon [_thread_blocked, id=5776, stack(0x01220000,0x01270000)]
  0x14cb8c00 JavaThread "C1 CompilerThread0" daemon [_thread_blocked, id=5924, stack(0x15480000,0x154d0000)]
  0x14cb7800 JavaThread "Attach Listener" daemon [_thread_blocked, id=5316, stack(0x14f50000,0x14fa0000)]
  0x14cb4800 JavaThread "Signal Dispatcher" daemon [_thread_blocked, id=2192, stack(0x152b0000,0x15300000)]
  0x14ca6000 JavaThread "Finalizer" daemon [_thread_blocked, id=708, stack(0x150a0000,0x150f0000)]
  0x14c81000 JavaThread "Reference Handler" daemon [_thread_blocked, id=6044, stack(0x012c0000,0x01310000)]
=>0x0049c400 JavaThread "main" [_thread_in_native, id=5388, stack(0x004e0000,0x00530000)]

Other Threads:
  0x14c7ac00 VMThread [stack: 0x14e80000,0x14ed0000] [id=6048]
  0x14ce3000 WatcherThread [stack: 0x156f0000,0x15740000] [id=4580]

VM state:not at safepoint (normal execution)

VM Mutex/Monitor currently owned by a thread: None

Heap:
 def new generation   total 4928K, used 3641K [0x04800000, 0x04d50000, 0x09d50000)
  eden space 4416K,  82% used [0x04800000, 0x04b8e418, 0x04c50000)
  from space 512K,   0% used [0x04c50000, 0x04c50000, 0x04cd0000)
  to   space 512K,   0% used [0x04cd0000, 0x04cd0000, 0x04d50000)
 tenured generation   total 10944K, used 0K [0x09d50000, 0x0a800000, 0x14800000)
   the space 10944K,   0% used [0x09d50000, 0x09d50000, 0x09d50200, 0x0a800000)
 Metaspace       used 4923K, capacity 5141K, committed 5248K, reserved 5504K

Card table byte_map: [0x01190000,0x01220000] byte_map_base: 0x0116c000

Polling page: 0x00180000

CodeCache: size=32768Kb used=834Kb max_used=834Kb free=31933Kb
 bounds [0x027d0000, 0x028a8000, 0x047d0000]
 total_blobs=328 nmethods=132 adapters=128
 compilation: enabled

Compilation events (10 events):
Event: 0.863 Thread 0x14cb8c00  128             java.util.HashMap::put (13 bytes)
Event: 0.863 Thread 0x14cb8c00 nmethod 128 0x0289d848 code [0x0289d950, 0x0289da48]
Event: 0.863 Thread 0x14cb8c00  129   !         sun.net.www.ParseUtil::decode (316 bytes)
Event: 0.866 Thread 0x14cb8c00 nmethod 129 0x0289dac8 code [0x0289dd80, 0x0289ec24]
Event: 0.866 Thread 0x14cb8c00  130             java.util.HashMap$Node::<init> (26 bytes)
Event: 0.866 Thread 0x14cb8c00 nmethod 130 0x028a00c8 code [0x028a01c0, 0x028a0270]
Event: 0.866 Thread 0x14cb8c00  131             java.lang.Object::equals (11 bytes)
Event: 0.866 Thread 0x14cb8c00 nmethod 131 0x028a02c8 code [0x028a03c0, 0x028a0450]
Event: 0.873 Thread 0x14cb8c00  132             java.lang.Class::getName (21 bytes)
Event: 0.873 Thread 0x14cb8c00 nmethod 132 0x028a08c8 code [0x028a09c0, 0x028a0a7c]

GC Heap History (0 events):
No events

Deoptimization events (0 events):
No events

Internal exceptions (10 events):
Event: 0.222 Thread 0x0049c400 Exception <a 'java/io/IOException'> (0x048ca710) thrown at [C:\re\workspace\8-2-build-windows-i586-cygwin\jdk8u102\7268\hotspot\src\share\vm\prims\jni.cpp, line 709]
Event: 0.222 Thread 0x0049c400 Exception <a 'java/io/IOException'> (0x048ca9a8) thrown at [C:\re\workspace\8-2-build-windows-i586-cygwin\jdk8u102\7268\hotspot\src\share\vm\prims\jni.cpp, line 709]
Event: 0.222 Thread 0x0049c400 Exception <a 'java/io/IOException'> (0x048cac10) thrown at [C:\re\workspace\8-2-build-windows-i586-cygwin\jdk8u102\7268\hotspot\src\share\vm\prims\jni.cpp, line 709]
Event: 0.519 Thread 0x0049c400 Exception <a 'java/io/IOException'> (0x049482c0) thrown at [C:\re\workspace\8-2-build-windows-i586-cygwin\jdk8u102\7268\hotspot\src\share\vm\prims\jni.cpp, line 709]
Event: 0.519 Thread 0x0049c400 Exception <a 'java/io/IOException'> (0x04948558) thrown at [C:\re\workspace\8-2-build-windows-i586-cygwin\jdk8u102\7268\hotspot\src\share\vm\prims\jni.cpp, line 709]
Event: 0.519 Thread 0x0049c400 Exception <a 'java/io/IOException'> (0x049487c0) thrown at [C:\re\workspace\8-2-build-windows-i586-cygwin\jdk8u102\7268\hotspot\src\share\vm\prims\jni.cpp, line 709]
Event: 0.630 Thread 0x0049c400 Exception <a 'java/io/FileNotFoundException'> (0x04960c80) thrown at [C:\re\workspace\8-2-build-windows-i586-cygwin\jdk8u102\7268\hotspot\src\share\vm\prims\jni.cpp, line 709]
Event: 0.672 Thread 0x0049c400 Exception <a 'java/lang/NoSuchFieldError': method resolution failed> (0x04a1b230) thrown at [C:\re\workspace\8-2-build-windows-i586-cygwin\jdk8u102\7268\hotspot\src\share\vm\prims\methodHandles.cpp, line 1146]
Event: 0.674 Thread 0x0049c400 Exception <a 'java/lang/NoSuchFieldError': method resolution failed> (0x04a27720) thrown at [C:\re\workspace\8-2-build-windows-i586-cygwin\jdk8u102\7268\hotspot\src\share\vm\prims\methodHandles.cpp, line 1146]
Event: 0.714 Thread 0x0049c400 Exception <a 'java/io/FileNotFoundException'> (0x04aac928) thrown at [C:\re\workspace\8-2-build-windows-i586-cygwin\jdk8u102\7268\hotspot\src\share\vm\prims\jni.cpp, line 709]

Events (10 events):
Event: 1.881 loading class sun/awt/AWTAutoShutdown$1
Event: 1.881 loading class sun/awt/AWTAutoShutdown$1 done
Event: 1.882 Thread 0x14e0d800 Thread exited: 0x14e0d800
Event: 1.882 loading class java/awt/MenuComponent
Event: 1.882 loading class java/awt/MenuComponent done
Event: 1.882 loading class java/awt/TrayIcon
Event: 1.882 loading class java/awt/TrayIcon done
Event: 1.882 Thread 0x14e5e000 Thread exited: 0x14e5e000
Event: 4.333 Executing VM operation: EnableBiasedLocking
Event: 4.333 Executing VM operation: EnableBiasedLocking done


Dynamic libraries:
0x01390000 - 0x013c3000 	C:\Program Files (x86)\Java\jre1.8.0_102\bin\javaw.exe
0x774d0000 - 0x77650000 	C:\Windows\SysWOW64\ntdll.dll
0x75020000 - 0x75130000 	C:\Windows\syswow64\kernel32.dll
0x76490000 - 0x764d7000 	C:\Windows\syswow64\KERNELBASE.dll
0x763e0000 - 0x76481000 	C:\Windows\syswow64\ADVAPI32.dll
0x768a0000 - 0x7694c000 	C:\Windows\syswow64\msvcrt.dll
0x764e0000 - 0x764f9000 	C:\Windows\SysWOW64\sechost.dll
0x751e0000 - 0x752d0000 	C:\Windows\syswow64\RPCRT4.dll
0x74dc0000 - 0x74e20000 	C:\Windows\syswow64\SspiCli.dll
0x74db0000 - 0x74dbc000 	C:\Windows\syswow64\CRYPTBASE.dll
0x76500000 - 0x76600000 	C:\Windows\syswow64\USER32.dll
0x74e60000 - 0x74ef0000 	C:\Windows\syswow64\GDI32.dll
0x76600000 - 0x7660a000 	C:\Windows\syswow64\LPK.dll
0x75140000 - 0x751dd000 	C:\Windows\syswow64\USP10.dll
0x70a00000 - 0x70b9e000 	C:\Windows\WinSxS\x86_microsoft.windows.common-controls_6595b64144ccf1df_6.0.7601.18837_none_41e855142bd5705d\COMCTL32.dll
0x76e60000 - 0x76eb7000 	C:\Windows\syswow64\SHLWAPI.dll
0x76950000 - 0x769b0000 	C:\Windows\system32\IMM32.DLL
0x76fa0000 - 0x7706c000 	C:\Windows\syswow64\MSCTF.dll
0x744a0000 - 0x7455f000 	C:\Program Files (x86)\Java\jre1.8.0_102\bin\msvcr100.dll
0x6c900000 - 0x6cccd000 	C:\Program Files (x86)\Java\jre1.8.0_102\bin\client\jvm.dll
0x6e710000 - 0x6e717000 	C:\Windows\system32\WSOCK32.dll
0x75360000 - 0x75395000 	C:\Windows\syswow64\WS2_32.dll
0x76ab0000 - 0x76ab6000 	C:\Windows\syswow64\NSI.dll
0x72b30000 - 0x72b62000 	C:\Windows\system32\WINMM.dll
0x74ce0000 - 0x74ce9000 	C:\Windows\system32\VERSION.dll
0x76a10000 - 0x76a15000 	C:\Windows\syswow64\PSAPI.DLL
0x74490000 - 0x7449c000 	C:\Program Files (x86)\Java\jre1.8.0_102\bin\verify.dll
0x74460000 - 0x74481000 	C:\Program Files (x86)\Java\jre1.8.0_102\bin\java.dll
0x74440000 - 0x74453000 	C:\Program Files (x86)\Java\jre1.8.0_102\bin\zip.dll
0x75600000 - 0x7624c000 	C:\Windows\syswow64\SHELL32.dll
0x76260000 - 0x763bd000 	C:\Windows\syswow64\ole32.dll
0x752d0000 - 0x752db000 	C:\Windows\syswow64\profapi.dll
0x72120000 - 0x72137000 	C:\Windows\system32\CRYPTSP.dll
0x720e0000 - 0x7211b000 	C:\Windows\system32\rsaenh.dll
0x76ec0000 - 0x76ed7000 	C:\Windows\syswow64\USERENV.dll
0x74420000 - 0x74436000 	C:\Program Files (x86)\Java\jre1.8.0_102\bin\net.dll
0x73ba0000 - 0x73bdc000 	C:\Windows\system32\mswsock.dll
0x73a40000 - 0x73a46000 	C:\Windows\System32\wship6.dll
0x70c20000 - 0x70c3c000 	C:\Windows\system32\IPHLPAPI.DLL
0x70c10000 - 0x70c17000 	C:\Windows\system32\WINNSI.DLL
0x6e470000 - 0x6e47d000 	C:\Windows\system32\dhcpcsvc6.DLL
0x6e430000 - 0x6e442000 	C:\Windows\system32\dhcpcsvc.DLL
0x74410000 - 0x7441f000 	C:\Program Files (x86)\Java\jre1.8.0_102\bin\nio.dll
0x01270000 - 0x012bc000 	C:\Users\mpdlab\Desktop\CameraSoftware\VideoScanCamera\JavaVS\VsIj_Native.dll
0x6e2d0000 - 0x6e415000 	C:\Program Files (x86)\Java\jre1.8.0_102\bin\awt.dll
0x76800000 - 0x76891000 	C:\Windows\syswow64\OLEAUT32.dll
0x71f40000 - 0x71f53000 	C:\Windows\system32\DWMAPI.DLL
0x72060000 - 0x720e0000 	C:\Windows\system32\uxtheme.dll
0x60580000 - 0x60743000 	C:\Windows\system32\d3d9.dll
0x60570000 - 0x60576000 	C:\Windows\system32\d3d8thk.dll
0x59490000 - 0x5a25e000 	C:\Windows\system32\nvd3dum.dll
0x70c40000 - 0x70c65000 	C:\Windows\system32\powrprof.dll
0x76660000 - 0x767fd000 	C:\Windows\syswow64\SETUPAPI.dll
0x769c0000 - 0x769e7000 	C:\Windows\syswow64\CFGMGR32.dll
0x769f0000 - 0x76a02000 	C:\Windows\syswow64\DEVOBJ.dll
0x6e0c0000 - 0x6e1fa000 	C:\Program Files (x86)\NVIDIA Corporation\3D Vision\nvSCPAPI.dll
0x6dde0000 - 0x6e0b5000 	C:\Windows\system32\nvapi.dll
0x74e20000 - 0x74e4f000 	C:\Windows\syswow64\WINTRUST.dll
0x74ef0000 - 0x75011000 	C:\Windows\syswow64\CRYPT32.dll
0x763d0000 - 0x763dc000 	C:\Windows\syswow64\MSASN1.dll
0x6d730000 - 0x6d81f000 	C:\Users\mpdlab\Desktop\CameraSoftware\VideoScanCamera\JavaVS\vscorelib_v4.dll
0x748f0000 - 0x749db000 	C:\Windows\system32\dbghelp.dll

VM Arguments:
java_command: C:\Users\mpdlab\Desktop\CameraSoftware\VideoScanCamera\JavaVS\VS.jar
java_class_path (initial): C:\Users\mpdlab\Desktop\CameraSoftware\VideoScanCamera\JavaVS\VS.jar
Launcher Type: SUN_STANDARD

Environment Variables:
PATH=C:\ProgramData\Oracle\Java\javapath;C:\Windows\system32;C:\Windows;C:\Windows\System32\Wbem;C:\Windows\System32\WindowsPowerShell\v1.0\;D:\Program Files (x86)\IVI Foundation\VISA\WinNT\Bin\;C:\Program Files\IVI Foundation\VISA\Win64\Bin\;D:\Program Files (x86)\IVI Foundation\VISA\WinNT\Bin;C:\Program Files (x86)\Windows Kits\8.1\Windows Performance Toolkit\;C:\Program Files\Microsoft SQL Server\110\Tools\Binn\;C:\Program Files (x86)\Microsoft SDKs\TypeScript\1.0\;C:\Program Files\Microsoft SQL Server\120\Tools\Binn\;C:\Program Files\Agilent\IO Libraries Suite\bin;C:\Program Files\IVI Foundation\VISA\Win64\agvisa;C:\Program Files (x86)\Agilent\IO Libraries Suite\bin;D:\Program Files (x86)\IVI Foundation\VISA\WinNT\agvisa;C:\Program Files (x86)\IVI Foundation\IVI\bin;C:\Program Files\IVI Foundation\IVI\bin;C:\Program Files (x86)\Common Files\Acronis\SnapAPI\
USERNAME=mpdlab
OS=Windows_NT
PROCESSOR_IDENTIFIER=Intel64 Family 6 Model 15 Stepping 11, GenuineIntel



---------------  S Y S T E M  ---------------

OS: Windows 7 , 64 bit Build 7601 (6.1.7601.23543)

CPU:total 4 (4 cores per cpu, 1 threads per core) family 6 model 15 stepping 11, cmov, cx8, fxsr, mmx, sse, sse2, sse3, ssse3, tsc

Memory: 4k page, physical 6289912k(4009248k free), swap 19233964k(16824412k free)

vm_info: Java HotSpot(TM) Client VM (25.102-b14) for windows-x86 JRE (1.8.0_102-b14), built on Jun 22 2016 13:13:29 by "java_re" with MS VC++ 10.0 (VS2010)

time: Tue Nov 01 11:28:52 2016
elapsed time: 14 seconds (0d 0h 0m 14s)

