#
# A fatal error has been detected by the Java Runtime Environment:
#
#  EXCEPTION_ACCESS_VIOLATION (0xc0000005) at pc=0x021f700d, pid=4188, tid=0x00001b64
#
# JRE version: Java(TM) SE Runtime Environment (8.0_102-b14) (build 1.8.0_102-b14)
# Java VM: Java HotSpot(TM) Client VM (25.102-b14 mixed mode windows-x86 )
# Problematic frame:
# C  [VsIj_Native.dll+0x1700d]
#
# Failed to write core dump. Minidumps are not enabled by default on client versions of Windows
#
# If you would like to submit a bug report, please visit:
#   http://bugreport.java.com/bugreport/crash.jsp
# The crash happened outside the Java Virtual Machine in native code.
# See problematic frame for where to report the bug.
#

---------------  T H R E A D  ---------------

Current thread (0x1799c400):  JavaThread "Ext Image grabber" [_thread_in_native, id=7012, stack(0x18d10000,0x18d60000)]

siginfo: ExceptionCode=0xc0000005, reading address 0xdddddde1

Registers:
EAX=0x17d007f8, EBX=0x14a92bd8, ECX=0xdddddddd, EDX=0x17d007f8
ESP=0x18d5f62c, EBP=0x18d5f7a8, ESI=0x18d5f630, EDI=0x18d5f7a8
EIP=0x021f700d, EFLAGS=0x00010246

Top of Stack: (sp=0x18d5f62c)
0x18d5f62c:   17d007f8 1799c400 14a92bd8 14a92bd8
0x18d5f63c:   17eba8d8 cccccccc cccccccc cccccccc
0x18d5f64c:   cccccccc cccccccc cccccccc cccccccc
0x18d5f65c:   cccccccc cccccccc cccccccc cccccccc
0x18d5f66c:   cccccccc cccccccc cccccccc cccccccc
0x18d5f67c:   cccccccc cccccccc cccccccc cccccccc
0x18d5f68c:   cccccccc cccccccc cccccccc cccccccc
0x18d5f69c:   cccccccc cccccccc cccccccc cccccccc 

Instructions: (pc=0x021f700d)
0x021f6fed:   f4 8b 85 94 fe ff ff 50 ff 52 10 3b f4 e8 ad d8
0x021f6ffd:   ff ff 89 45 c8 8b 45 c8 8b 08 8b f4 8b 55 c8 52
0x021f700d:   ff 51 04 3b f4 e8 95 d8 ff ff 89 45 bc 83 7d bc
0x021f701d:   00 0f 84 41 01 00 00 8b f4 8d 45 e0 50 8d 4d ec 


Register to memory mapping:

EAX=0x17d007f8 is an unknown value
EBX={method} {0x14a92bdc} 'getFrame' '(I)LFrame;' in 'Camera'
ECX=0xdddddddd is an unknown value
EDX=0x17d007f8 is an unknown value
ESP=0x18d5f62c is pointing into the stack for thread: 0x1799c400
EBP=0x18d5f7a8 is pointing into the stack for thread: 0x1799c400
ESI=0x18d5f630 is pointing into the stack for thread: 0x1799c400
EDI=0x18d5f7a8 is pointing into the stack for thread: 0x1799c400


Stack: [0x18d10000,0x18d60000],  sp=0x18d5f62c,  free space=317k
Native frames: (J=compiled Java code, j=interpreted, Vv=VM code, C=native code)
C  [VsIj_Native.dll+0x1700d]
j  Camera.getFrame(I)LFrame;+0
j  sun.reflect.GeneratedMethodAccessor8.invoke(Ljava/lang/Object;[Ljava/lang/Object;)Ljava/lang/Object;+114
j  sun.reflect.DelegatingMethodAccessorImpl.invoke(Ljava/lang/Object;[Ljava/lang/Object;)Ljava/lang/Object;+6
j  java.lang.reflect.Method.invoke(Ljava/lang/Object;[Ljava/lang/Object;)Ljava/lang/Object;+56
j  CameraWrapper.getFrame()LExtFrame;+31
j  ExtImagePanel.run()V+7
j  java.lang.Thread.run()V+11
v  ~StubRoutines::call_stub
V  [jvm.dll+0x15a6e5]
V  [jvm.dll+0x2204fe]
V  [jvm.dll+0x15a77e]
V  [jvm.dll+0x15a906]
V  [jvm.dll+0x15a977]
V  [jvm.dll+0xfed1f]
V  [jvm.dll+0x17d210]
V  [jvm.dll+0x17da8a]
V  [jvm.dll+0x1c2506]
C  [msvcr100.dll+0x5c556]
C  [msvcr100.dll+0x5c600]
C  [kernel32.dll+0x1336a]
C  [ntdll.dll+0x39902]
C  [ntdll.dll+0x398d5]
C  0x00000000

Java frames: (J=compiled Java code, j=interpreted, Vv=VM code)
j  Camera.getFrame(I)LFrame;+0
j  sun.reflect.GeneratedMethodAccessor8.invoke(Ljava/lang/Object;[Ljava/lang/Object;)Ljava/lang/Object;+114
j  sun.reflect.DelegatingMethodAccessorImpl.invoke(Ljava/lang/Object;[Ljava/lang/Object;)Ljava/lang/Object;+6
j  java.lang.reflect.Method.invoke(Ljava/lang/Object;[Ljava/lang/Object;)Ljava/lang/Object;+56
j  CameraWrapper.getFrame()LExtFrame;+31
j  ExtImagePanel.run()V+7
j  java.lang.Thread.run()V+11
v  ~StubRoutines::call_stub

---------------  P R O C E S S  ---------------

Java Threads: ( => current thread )
  0x17c52800 JavaThread "Thread-0" daemon [_thread_in_native, id=1676, stack(0x17ef0000,0x17f40000)]
  0x17c52000 JavaThread "TimerQueue" daemon [_thread_blocked, id=4532, stack(0x1a0d0000,0x1a120000)]
  0x17c51c00 JavaThread "DestroyJavaVM" [_thread_blocked, id=2016, stack(0x00860000,0x008b0000)]
  0x17c2fc00 JavaThread "WebSocketWorker-22" [_thread_blocked, id=7136, stack(0x19380000,0x193d0000)]
  0x17c2f800 JavaThread "WebSocketWorker-21" [_thread_blocked, id=5648, stack(0x18ea0000,0x18ef0000)]
  0x17b32000 JavaThread "WebSocketWorker-20" [_thread_blocked, id=1412, stack(0x18e50000,0x18ea0000)]
  0x17ba4000 JavaThread "WebSocketWorker-19" [_thread_blocked, id=1912, stack(0x19330000,0x19380000)]
=>0x1799c400 JavaThread "Ext Image grabber" [_thread_in_native, id=7012, stack(0x18d10000,0x18d60000)]
  0x17909800 JavaThread "AWT-EventQueue-0" [_thread_blocked, id=7840, stack(0x173e0000,0x17430000)]
  0x17909000 JavaThread "AWT-Shutdown" [_thread_blocked, id=7836, stack(0x17500000,0x17550000)]
  0x14e09400 JavaThread "Java2D Disposer" daemon [_thread_blocked, id=7712, stack(0x159f0000,0x15a40000)]
  0x14ce1800 JavaThread "Service Thread" daemon [_thread_blocked, id=5744, stack(0x15550000,0x155a0000)]
  0x14cba800 JavaThread "C1 CompilerThread0" daemon [_thread_blocked, id=7684, stack(0x15410000,0x15460000)]
  0x14cb9800 JavaThread "Attach Listener" daemon [_thread_blocked, id=7936, stack(0x15200000,0x15250000)]
  0x14cb6800 JavaThread "Signal Dispatcher" daemon [_thread_blocked, id=6440, stack(0x15320000,0x15370000)]
  0x14ca6000 JavaThread "Finalizer" daemon [_thread_blocked, id=5776, stack(0x02350000,0x023a0000)]
  0x14c81000 JavaThread "Reference Handler" daemon [_thread_blocked, id=7700, stack(0x15060000,0x150b0000)]

Other Threads:
  0x14c7ac00 VMThread [stack: 0x14fe0000,0x15030000] [id=6460]
  0x14ce4c00 WatcherThread [stack: 0x15680000,0x156d0000] [id=3884]

VM state:not at safepoint (normal execution)

VM Mutex/Monitor currently owned by a thread: None

Heap:
 def new generation   total 18560K, used 11771K [0x04800000, 0x05c20000, 0x09d50000)
  eden space 16512K,  71% used [0x04800000, 0x0537ef28, 0x05820000)
  from space 2048K,   0% used [0x05820000, 0x05820000, 0x05a20000)
  to   space 2048K,   0% used [0x05a20000, 0x05a20000, 0x05c20000)
 tenured generation   total 41140K, used 18762K [0x09d50000, 0x0c57d000, 0x14800000)
   the space 41140K,  45% used [0x09d50000, 0x0afa2b78, 0x0afa2c00, 0x0c57d000)
 Metaspace       used 7830K, capacity 8084K, committed 8192K, reserved 8576K

Card table byte_map: [0x046b0000,0x04740000] byte_map_base: 0x0468c000

Polling page: 0x001c0000

CodeCache: size=32768Kb used=1475Kb max_used=1475Kb free=31292Kb
 bounds [0x026b0000, 0x02828000, 0x046b0000]
 total_blobs=824 nmethods=581 adapters=174
 compilation: enabled

Compilation events (10 events):
Event: 54.897 Thread 0x14cba800  580   !         java.util.WeakHashMap::expungeStaleEntries (139 bytes)
Event: 54.897 Thread 0x14cba800 nmethod 580 0x0281f1c8 code [0x0281f300, 0x0281f7fc]
Event: 60.452 Thread 0x14cba800  581             sun.java2d.SunGraphics2D::dispose (12 bytes)
Event: 60.452 Thread 0x14cba800 nmethod 581 0x0281fcc8 code [0x0281fdd0, 0x0281fe6c]
Event: 67.732 Thread 0x14cba800  582             java.awt.image.ComponentSampleModel::getNumDataElements (5 bytes)
Event: 67.732 Thread 0x14cba800 nmethod 582 0x0281fec8 code [0x0281ffc0, 0x02820040]
Event: 68.079 Thread 0x14cba800  583             sun.awt.image.IntegerComponentRaster::<init> (271 bytes)
Event: 68.081 Thread 0x14cba800 nmethod 583 0x02820088 code [0x02820220, 0x02820748]
Event: 69.350 Thread 0x14cba800  584             sun.java2d.d3d.D3DSurfaceData$D3DWindowSurfaceData::isDirty (18 bytes)
Event: 69.350 Thread 0x14cba800 nmethod 584 0x02820f08 code [0x02821010, 0x028210bc]

GC Heap History (10 events):
Event: 70.362 GC heap before
{Heap before GC invocations=506 (full 144):
 def new generation   total 18560K, used 14530K [0x04800000, 0x05c20000, 0x09d50000)
  eden space 16512K,  87% used [0x04800000, 0x05630700, 0x05820000)
  from space 2048K,   0% used [0x05a20000, 0x05a203e8, 0x05c20000)
  to   space 2048K,   0% used [0x05820000, 0x05820000, 0x05a20000)
 tenured generation   total 41140K, used 35727K [0x09d50000, 0x0c57d000, 0x14800000)
   the space 41140K,  86% used [0x09d50000, 0x0c033ef8, 0x0c034000, 0x0c57d000)
 Metaspace       used 7828K, capacity 8084K, committed 8192K, reserved 8576K
Event: 70.363 GC heap after
Heap after GC invocations=507 (full 144):
 def new generation   total 18560K, used 1K [0x04800000, 0x05c20000, 0x09d50000)
  eden space 16512K,   0% used [0x04800000, 0x04800000, 0x05820000)
  from space 2048K,   0% used [0x05820000, 0x058207c8, 0x05a20000)
  to   space 2048K,   0% used [0x05a20000, 0x05a20000, 0x05c20000)
 tenured generation   total 41140K, used 35727K [0x09d50000, 0x0c57d000, 0x14800000)
   the space 41140K,  86% used [0x09d50000, 0x0c033ef8, 0x0c034000, 0x0c57d000)
 Metaspace       used 7828K, capacity 8084K, committed 8192K, reserved 8576K
}
Event: 70.389 GC heap before
{Heap before GC invocations=507 (full 144):
 def new generation   total 18560K, used 14312K [0x04800000, 0x05c20000, 0x09d50000)
  eden space 16512K,  86% used [0x04800000, 0x055f98b8, 0x05820000)
  from space 2048K,   0% used [0x05820000, 0x058207c8, 0x05a20000)
  to   space 2048K,   0% used [0x05a20000, 0x05a20000, 0x05c20000)
 tenured generation   total 41140K, used 35727K [0x09d50000, 0x0c57d000, 0x14800000)
   the space 41140K,  86% used [0x09d50000, 0x0c033ef8, 0x0c034000, 0x0c57d000)
 Metaspace       used 7828K, capacity 8084K, committed 8192K, reserved 8576K
Event: 70.413 GC heap after
Heap after GC invocations=508 (full 145):
 def new generation   total 18560K, used 0K [0x04800000, 0x05c20000, 0x09d50000)
  eden space 16512K,   0% used [0x04800000, 0x04800000, 0x05820000)
  from space 2048K,   0% used [0x05a20000, 0x05a20000, 0x05c20000)
  to   space 2048K,   0% used [0x05820000, 0x05820000, 0x05a20000)
 tenured generation   total 41140K, used 24416K [0x09d50000, 0x0c57d000, 0x14800000)
   the space 41140K,  59% used [0x09d50000, 0x0b528020, 0x0b528200, 0x0c57d000)
 Metaspace       used 7828K, capacity 8084K, committed 8192K, reserved 8576K
}
Event: 70.520 GC heap before
{Heap before GC invocations=508 (full 145):
 def new generation   total 18560K, used 11731K [0x04800000, 0x05c20000, 0x09d50000)
  eden space 16512K,  71% used [0x04800000, 0x05374fb8, 0x05820000)
  from space 2048K,   0% used [0x05a20000, 0x05a20000, 0x05c20000)
  to   space 2048K,   0% used [0x05820000, 0x05820000, 0x05a20000)
 tenured generation   total 41140K, used 24416K [0x09d50000, 0x0c57d000, 0x14800000)
   the space 41140K,  59% used [0x09d50000, 0x0b528020, 0x0b528200, 0x0c57d000)
 Metaspace       used 7828K, capacity 8084K, committed 8192K, reserved 8576K
Event: 70.526 GC heap after
Heap after GC invocations=509 (full 145):
 def new generation   total 18560K, used 3K [0x04800000, 0x05c20000, 0x09d50000)
  eden space 16512K,   0% used [0x04800000, 0x04800000, 0x05820000)
  from space 2048K,   0% used [0x05820000, 0x05820dc8, 0x05a20000)
  to   space 2048K,   0% used [0x05a20000, 0x05a20000, 0x05c20000)
 tenured generation   total 41140K, used 32898K [0x09d50000, 0x0c57d000, 0x14800000)
   the space 41140K,  79% used [0x09d50000, 0x0bd70a40, 0x0bd70c00, 0x0c57d000)
 Metaspace       used 7828K, capacity 8084K, committed 8192K, reserved 8576K
}
Event: 70.635 GC heap before
{Heap before GC invocations=509 (full 145):
 def new generation   total 18560K, used 14527K [0x04800000, 0x05c20000, 0x09d50000)
  eden space 16512K,  87% used [0x04800000, 0x0562efc0, 0x05820000)
  from space 2048K,   0% used [0x05820000, 0x05820dc8, 0x05a20000)
  to   space 2048K,   0% used [0x05a20000, 0x05a20000, 0x05c20000)
 tenured generation   total 41140K, used 32898K [0x09d50000, 0x0c57d000, 0x14800000)
   the space 41140K,  79% used [0x09d50000, 0x0bd70a40, 0x0bd70c00, 0x0c57d000)
 Metaspace       used 7828K, capacity 8084K, committed 8192K, reserved 8576K
Event: 70.639 GC heap after
Heap after GC invocations=510 (full 145):
 def new generation   total 18560K, used 1K [0x04800000, 0x05c20000, 0x09d50000)
  eden space 16512K,   0% used [0x04800000, 0x04800000, 0x05820000)
  from space 2048K,   0% used [0x05a20000, 0x05a205a0, 0x05c20000)
  to   space 2048K,   0% used [0x05820000, 0x05820000, 0x05a20000)
 tenured generation   total 41140K, used 38553K [0x09d50000, 0x0c57d000, 0x14800000)
   the space 41140K,  93% used [0x09d50000, 0x0c2f6650, 0x0c2f6800, 0x0c57d000)
 Metaspace       used 7828K, capacity 8084K, committed 8192K, reserved 8576K
}
Event: 70.751 GC heap before
{Heap before GC invocations=510 (full 145):
 def new generation   total 18560K, used 11678K [0x04800000, 0x05c20000, 0x09d50000)
  eden space 16512K,  70% used [0x04800000, 0x05367298, 0x05820000)
  from space 2048K,   0% used [0x05a20000, 0x05a205a0, 0x05c20000)
  to   space 2048K,   0% used [0x05820000, 0x05820000, 0x05a20000)
 tenured generation   total 41140K, used 38553K [0x09d50000, 0x0c57d000, 0x14800000)
   the space 41140K,  93% used [0x09d50000, 0x0c2f6650, 0x0c2f6800, 0x0c57d000)
 Metaspace       used 7828K, capacity 8084K, committed 8192K, reserved 8576K
Event: 70.776 GC heap after
Heap after GC invocations=511 (full 146):
 def new generation   total 18560K, used 0K [0x04800000, 0x05c20000, 0x09d50000)
  eden space 16512K,   0% used [0x04800000, 0x04800000, 0x05820000)
  from space 2048K,   0% used [0x05820000, 0x05820000, 0x05a20000)
  to   space 2048K,   0% used [0x05a20000, 0x05a20000, 0x05c20000)
 tenured generation   total 41140K, used 18762K [0x09d50000, 0x0c57d000, 0x14800000)
   the space 41140K,  45% used [0x09d50000, 0x0afa2b78, 0x0afa2c00, 0x0c57d000)
 Metaspace       used 7828K, capacity 8084K, committed 8192K, reserved 8576K
}

Deoptimization events (0 events):
No events

Internal exceptions (10 events):
Event: 0.272 Thread 0x0223c400 Exception <a 'java/lang/NoSuchFieldError': method resolution failed> (0x04a13440) thrown at [C:\re\workspace\8-2-build-windows-i586-cygwin\jdk8u102\7268\hotspot\src\share\vm\prims\methodHandles.cpp, line 1146]
Event: 0.274 Thread 0x0223c400 Exception <a 'java/lang/NoSuchFieldError': method resolution failed> (0x04a1f980) thrown at [C:\re\workspace\8-2-build-windows-i586-cygwin\jdk8u102\7268\hotspot\src\share\vm\prims\methodHandles.cpp, line 1146]
Event: 0.313 Thread 0x0223c400 Exception <a 'java/io/FileNotFoundException'> (0x04aa4a78) thrown at [C:\re\workspace\8-2-build-windows-i586-cygwin\jdk8u102\7268\hotspot\src\share\vm\prims\jni.cpp, line 709]
Event: 8.835 Thread 0x0223c400 Exception <a 'java/io/IOException'> (0x04aebdc0) thrown at [C:\re\workspace\8-2-build-windows-i586-cygwin\jdk8u102\7268\hotspot\src\share\vm\prims\jni.cpp, line 709]
Event: 8.835 Thread 0x0223c400 Exception <a 'java/io/IOException'> (0x04aec058) thrown at [C:\re\workspace\8-2-build-windows-i586-cygwin\jdk8u102\7268\hotspot\src\share\vm\prims\jni.cpp, line 709]
Event: 8.835 Thread 0x0223c400 Exception <a 'java/io/IOException'> (0x04aec2c0) thrown at [C:\re\workspace\8-2-build-windows-i586-cygwin\jdk8u102\7268\hotspot\src\share\vm\prims\jni.cpp, line 709]
Event: 8.860 Thread 0x0223c400 Exception <a 'java/io/IOException'> (0x04b5d4e0) thrown at [C:\re\workspace\8-2-build-windows-i586-cygwin\jdk8u102\7268\hotspot\src\share\vm\prims\jni.cpp, line 709]
Event: 8.860 Thread 0x0223c400 Exception <a 'java/io/IOException'> (0x04b5d778) thrown at [C:\re\workspace\8-2-build-windows-i586-cygwin\jdk8u102\7268\hotspot\src\share\vm\prims\jni.cpp, line 709]
Event: 8.860 Thread 0x0223c400 Exception <a 'java/io/IOException'> (0x04b5d9e0) thrown at [C:\re\workspace\8-2-build-windows-i586-cygwin\jdk8u102\7268\hotspot\src\share\vm\prims\jni.cpp, line 709]
Event: 8.892 Thread 0x17c51c00 Exception <a 'java/net/BindException': Address already in use: bind> (0x04bf4040) thrown at [C:\re\workspace\8-2-build-windows-i586-cygwin\jdk8u102\7268\hotspot\src\share\vm\prims\jni.cpp, line 735]

Events (10 events):
Event: 70.635 Executing VM operation: GenCollectForAllocation
Event: 70.640 Executing VM operation: GenCollectForAllocation done
Event: 70.751 Executing VM operation: GenCollectForAllocation
Event: 70.776 Executing VM operation: GenCollectForAllocation done
Event: 70.833 Thread 0x17c52800 Thread added: 0x17c52800
Event: 70.834 Thread 0x17c52c00 Thread added: 0x17c52c00
Event: 70.834 Thread 0x17c52c00 Thread exited: 0x17c52c00
Event: 70.835 Thread 0x179e1800 Thread exited: 0x179e1800
Event: 70.835 loading class sun/java2d/pipe/hw/AccelDeviceEventNotifier
Event: 70.835 loading class sun/java2d/pipe/hw/AccelDeviceEventNotifier done


Dynamic libraries:
0x00060000 - 0x00093000 	C:\Program Files (x86)\Java\jre1.8.0_102\bin\javaw.exe
0x77760000 - 0x778e0000 	C:\Windows\SysWOW64\ntdll.dll
0x75e90000 - 0x75fa0000 	C:\Windows\syswow64\kernel32.dll
0x76e40000 - 0x76e87000 	C:\Windows\syswow64\KERNELBASE.dll
0x766b0000 - 0x76751000 	C:\Windows\syswow64\ADVAPI32.dll
0x750c0000 - 0x7516c000 	C:\Windows\syswow64\msvcrt.dll
0x76ea0000 - 0x76eb9000 	C:\Windows\SysWOW64\sechost.dll
0x76d30000 - 0x76e20000 	C:\Windows\syswow64\RPCRT4.dll
0x75050000 - 0x750b0000 	C:\Windows\syswow64\SspiCli.dll
0x75040000 - 0x7504c000 	C:\Windows\syswow64\CRYPTBASE.dll
0x76f80000 - 0x77080000 	C:\Windows\syswow64\USER32.dll
0x76ef0000 - 0x76f80000 	C:\Windows\syswow64\GDI32.dll
0x77730000 - 0x7773a000 	C:\Windows\syswow64\LPK.dll
0x76c00000 - 0x76c9d000 	C:\Windows\syswow64\USP10.dll
0x71f10000 - 0x720ae000 	C:\Windows\WinSxS\x86_microsoft.windows.common-controls_6595b64144ccf1df_6.0.7601.18837_none_41e855142bd5705d\COMCTL32.dll
0x75180000 - 0x751d7000 	C:\Windows\syswow64\SHLWAPI.dll
0x75e30000 - 0x75e90000 	C:\Windows\system32\IMM32.DLL
0x765e0000 - 0x766ac000 	C:\Windows\syswow64\MSCTF.dll
0x72230000 - 0x722ef000 	C:\Program Files (x86)\Java\jre1.8.0_102\bin\msvcr100.dll
0x5e8f0000 - 0x5ecbd000 	C:\Program Files (x86)\Java\jre1.8.0_102\bin\client\jvm.dll
0x6ed20000 - 0x6ed27000 	C:\Windows\system32\WSOCK32.dll
0x77320000 - 0x77355000 	C:\Windows\syswow64\WS2_32.dll
0x77310000 - 0x77316000 	C:\Windows\syswow64\NSI.dll
0x6e610000 - 0x6e642000 	C:\Windows\system32\WINMM.dll
0x74f70000 - 0x74f79000 	C:\Windows\system32\VERSION.dll
0x769a0000 - 0x769a5000 	C:\Windows\syswow64\PSAPI.DLL
0x72220000 - 0x7222c000 	C:\Program Files (x86)\Java\jre1.8.0_102\bin\verify.dll
0x721f0000 - 0x72211000 	C:\Program Files (x86)\Java\jre1.8.0_102\bin\java.dll
0x721d0000 - 0x721e3000 	C:\Program Files (x86)\Java\jre1.8.0_102\bin\zip.dll
0x751e0000 - 0x75e2b000 	C:\Windows\syswow64\SHELL32.dll
0x76a90000 - 0x76bed000 	C:\Windows\syswow64\ole32.dll
0x750b0000 - 0x750bb000 	C:\Windows\syswow64\profapi.dll
0x71c90000 - 0x71ca7000 	C:\Windows\system32\CRYPTSP.dll
0x71bd0000 - 0x71c0b000 	C:\Windows\system32\rsaenh.dll
0x76e20000 - 0x76e37000 	C:\Windows\syswow64\USERENV.dll
0x721b0000 - 0x721c6000 	C:\Program Files (x86)\Java\jre1.8.0_102\bin\net.dll
0x73d00000 - 0x73d3c000 	C:\Windows\system32\mswsock.dll
0x73ce0000 - 0x73ce6000 	C:\Windows\System32\wship6.dll
0x72120000 - 0x7213c000 	C:\Windows\system32\IPHLPAPI.DLL
0x71500000 - 0x71507000 	C:\Windows\system32\WINNSI.DLL
0x6ec90000 - 0x6ec9d000 	C:\Windows\system32\dhcpcsvc6.DLL
0x6eaf0000 - 0x6eb02000 	C:\Windows\system32\dhcpcsvc.DLL
0x721a0000 - 0x721af000 	C:\Program Files (x86)\Java\jre1.8.0_102\bin\nio.dll
0x021e0000 - 0x0222c000 	C:\Users\mpdlab\Desktop\CameraSoftware\VideoScanCamera\JavaVS\VsIj_Native.dll
0x71dc0000 - 0x71f05000 	C:\Program Files (x86)\Java\jre1.8.0_102\bin\awt.dll
0x76540000 - 0x765d1000 	C:\Windows\syswow64\OLEAUT32.dll
0x6e0d0000 - 0x6e0e3000 	C:\Windows\system32\DWMAPI.DLL
0x71c10000 - 0x71c90000 	C:\Windows\system32\uxtheme.dll
0x76760000 - 0x768fd000 	C:\Windows\syswow64\SETUPAPI.dll
0x76ec0000 - 0x76ee7000 	C:\Windows\syswow64\CFGMGR32.dll
0x76cb0000 - 0x76cc2000 	C:\Windows\syswow64\DEVOBJ.dll
0x5d560000 - 0x5d69a000 	C:\Program Files (x86)\NVIDIA Corporation\3D Vision\nvSCPAPI.dll
0x71cd0000 - 0x71dbf000 	C:\Users\mpdlab\Desktop\CameraSoftware\VideoScanCamera\JavaVS\vscorelib_v4.dll
0x769b0000 - 0x769df000 	C:\Windows\syswow64\WINTRUST.dll
0x76170000 - 0x76291000 	C:\Windows\syswow64\CRYPT32.dll
0x76e90000 - 0x76e9c000 	C:\Windows\syswow64\MSASN1.dll
0x60030000 - 0x60069000 	C:\Program Files (x86)\Java\jre1.8.0_102\bin\fontmanager.dll
0x72150000 - 0x72182000 	C:\Program Files (x86)\Java\jre1.8.0_102\bin\t2k.dll
0x769f0000 - 0x76a73000 	C:\Windows\syswow64\CLBCatQ.DLL
0x62e60000 - 0x62f91000 	C:\Windows\system32\WindowsCodecs.dll
0x67ff0000 - 0x6803c000 	C:\Windows\system32\apphelp.dll
0x5e5c0000 - 0x5e5f1000 	C:\Windows\system32\EhStorShell.dll
0x6def0000 - 0x6dfe5000 	C:\Windows\system32\PROPSYS.dll
0x5d150000 - 0x5d556000 	C:\PROGRA~2\MICROS~2\Office14\GROOVEEX.DLL
0x73b80000 - 0x73c23000 	C:\Windows\WinSxS\x86_microsoft.vc90.crt_1fc8b3b9a1e18e3b_9.0.30729.6161_none_50934f2ebcb7eb57\MSVCR90.dll
0x6ee00000 - 0x6ee8e000 	C:\Windows\WinSxS\x86_microsoft.vc90.crt_1fc8b3b9a1e18e3b_9.0.30729.6161_none_50934f2ebcb7eb57\MSVCP90.dll
0x5d120000 - 0x5d14b000 	C:\Windows\WinSxS\x86_microsoft.vc90.atl_1fc8b3b9a1e18e3b_9.0.30729.6161_none_51cd0a7abbe4e19b\ATL90.DLL
0x5b590000 - 0x5b9aa000 	C:\PROGRA~2\COMMON~1\MICROS~1\OFFICE14\Cultures\office.odf
0x590d0000 - 0x59948000 	C:\PROGRA~2\MICROS~2\Office14\1049\GrooveIntlResource.dll
0x5cb10000 - 0x5cb80000 	C:\Windows\system32\ntshrui.dll
0x720d0000 - 0x720e9000 	C:\Windows\system32\srvcli.dll
0x71cc0000 - 0x71ccb000 	C:\Windows\system32\cscapi.dll
0x72140000 - 0x7214a000 	C:\Windows\system32\slc.dll
0x5e710000 - 0x5e716000 	C:\Windows\system32\IconCodecService.dll
0x719d0000 - 0x71abb000 	C:\Windows\system32\dbghelp.dll

VM Arguments:
java_command: C:\Users\mpdlab\Desktop\CameraSoftware\VideoScanCamera\JavaVS\VS.jar
java_class_path (initial): C:\Users\mpdlab\Desktop\CameraSoftware\VideoScanCamera\JavaVS\VS.jar
Launcher Type: SUN_STANDARD

Environment Variables:
PATH=C:\ProgramData\Oracle\Java\javapath;C:\Windows\system32;C:\Windows;C:\Windows\System32\Wbem;C:\Windows\System32\WindowsPowerShell\v1.0\;D:\Program Files (x86)\IVI Foundation\VISA\WinNT\Bin\;C:\Program Files\IVI Foundation\VISA\Win64\Bin\;D:\Program Files (x86)\IVI Foundation\VISA\WinNT\Bin;C:\Program Files (x86)\Windows Kits\8.1\Windows Performance Toolkit\;C:\Program Files\Microsoft SQL Server\110\Tools\Binn\;C:\Program Files (x86)\Microsoft SDKs\TypeScript\1.0\;C:\Program Files\Microsoft SQL Server\120\Tools\Binn\;C:\Program Files\Agilent\IO Libraries Suite\bin;C:\Program Files\IVI Foundation\VISA\Win64\agvisa;C:\Program Files (x86)\Agilent\IO Libraries Suite\bin;D:\Program Files (x86)\IVI Foundation\VISA\WinNT\agvisa;C:\Program Files (x86)\IVI Foundation\IVI\bin;C:\Program Files\IVI Foundation\IVI\bin
USERNAME=mpdlab
OS=Windows_NT
PROCESSOR_IDENTIFIER=Intel64 Family 6 Model 15 Stepping 11, GenuineIntel



---------------  S Y S T E M  ---------------

OS: Windows 7 , 64 bit Build 7601 (6.1.7601.23539)

CPU:total 4 (4 cores per cpu, 1 threads per core) family 6 model 15 stepping 11, cmov, cx8, fxsr, mmx, sse, sse2, sse3, ssse3, tsc

Memory: 4k page, physical 6289912k(3426712k free), swap 19233964k(16419092k free)

vm_info: Java HotSpot(TM) Client VM (25.102-b14) for windows-x86 JRE (1.8.0_102-b14), built on Jun 22 2016 13:13:29 by "java_re" with MS VC++ 10.0 (VS2010)

time: Fri Sep 30 14:02:40 2016
elapsed time: 70 seconds (0d 0h 1m 10s)

