#
# A fatal error has been detected by the Java Runtime Environment:
#
#  EXCEPTION_ACCESS_VIOLATION (0xc0000005) at pc=0x150f700d, pid=4352, tid=0x00001460
#
# JRE version: Java(TM) SE Runtime Environment (8.0_102-b14) (build 1.8.0_102-b14)
# Java VM: Java HotSpot(TM) Client VM (25.102-b14 mixed mode windows-x86 )
# Problematic frame:
# C  [VsIj_Native.dll+0x1700d]
#
# Failed to write core dump. Minidumps are not enabled by default on client versions of Windows
#
# If you would like to submit a bug report, please visit:
#   http://bugreport.java.com/bugreport/crash.jsp
# The crash happened outside the Java Virtual Machine in native code.
# See problematic frame for where to report the bug.
#

---------------  T H R E A D  ---------------

Current thread (0x184ff400):  JavaThread "Ext Image grabber" [_thread_in_native, id=5216, stack(0x18010000,0x18060000)]

siginfo: ExceptionCode=0xc0000005, reading address 0xdddddde1

Registers:
EAX=0x187e07f8, EBX=0x18deed68, ECX=0xdddddddd, EDX=0x187e07f8
ESP=0x1805f4ec, EBP=0x1805f668, ESI=0x1805f4f0, EDI=0x1805f668
EIP=0x150f700d, EFLAGS=0x00010246

Top of Stack: (sp=0x1805f4ec)
0x1805f4ec:   187e07f8 184ff400 09e3a370 18deed68
0x1805f4fc:   188ca8e8 cccccccc cccccccc cccccccc
0x1805f50c:   cccccccc cccccccc cccccccc cccccccc
0x1805f51c:   cccccccc cccccccc cccccccc cccccccc
0x1805f52c:   cccccccc cccccccc cccccccc cccccccc
0x1805f53c:   cccccccc cccccccc cccccccc cccccccc
0x1805f54c:   cccccccc cccccccc cccccccc cccccccc
0x1805f55c:   cccccccc cccccccc cccccccc cccccccc 

Instructions: (pc=0x150f700d)
0x150f6fed:   f4 8b 85 94 fe ff ff 50 ff 52 10 3b f4 e8 ad d8
0x150f6ffd:   ff ff 89 45 c8 8b 45 c8 8b 08 8b f4 8b 55 c8 52
0x150f700d:   ff 51 04 3b f4 e8 95 d8 ff ff 89 45 bc 83 7d bc
0x150f701d:   00 0f 84 41 01 00 00 8b f4 8d 45 e0 50 8d 4d ec 


Register to memory mapping:

EAX=0x187e07f8 is an unknown value
EBX={method} {0x18deed6c} 'invoke' '(Ljava/lang/Object;[Ljava/lang/Object;)Ljava/lang/Object;' in 'sun/reflect/GeneratedMethodAccessor8'
ECX=0xdddddddd is an unknown value
EDX=0x187e07f8 is an unknown value
ESP=0x1805f4ec is pointing into the stack for thread: 0x184ff400
EBP=0x1805f668 is pointing into the stack for thread: 0x184ff400
ESI=0x1805f4f0 is pointing into the stack for thread: 0x184ff400
EDI=0x1805f668 is pointing into the stack for thread: 0x184ff400


Stack: [0x18010000,0x18060000],  sp=0x1805f4ec,  free space=317k
Native frames: (J=compiled Java code, j=interpreted, Vv=VM code, C=native code)
C  [VsIj_Native.dll+0x1700d]
J 421  Camera.getFrame(I)LFrame; (0 bytes) @ 0x02741617 [0x02741590+0x87]
J 423 C1 sun.reflect.GeneratedMethodAccessor8.invoke(Ljava/lang/Object;[Ljava/lang/Object;)Ljava/lang/Object; (139 bytes) @ 0x02742270 [0x027420b0+0x1c0]
J 409 C1 sun.reflect.DelegatingMethodAccessorImpl.invoke(Ljava/lang/Object;[Ljava/lang/Object;)Ljava/lang/Object; (10 bytes) @ 0x0273f900 [0x0273f8d0+0x30]
j  java.lang.reflect.Method.invoke(Ljava/lang/Object;[Ljava/lang/Object;)Ljava/lang/Object;+56
J 425 C1 CameraWrapper.getFrame()LExtFrame; (146 bytes) @ 0x02743048 [0x02742f20+0x128]
j  ExtImagePanel.run()V+7
j  java.lang.Thread.run()V+11
v  ~StubRoutines::call_stub
V  [jvm.dll+0x15a6e5]
V  [jvm.dll+0x2204fe]
V  [jvm.dll+0x15a77e]
V  [jvm.dll+0x15a906]
V  [jvm.dll+0x15a977]
V  [jvm.dll+0xfed1f]
V  [jvm.dll+0x17d210]
V  [jvm.dll+0x17da8a]
V  [jvm.dll+0x1c2506]
C  [msvcr100.dll+0x5c556]
C  [msvcr100.dll+0x5c600]
C  [kernel32.dll+0x1336a]
C  [ntdll.dll+0x39902]
C  [ntdll.dll+0x398d5]
C  0x00000000

Java frames: (J=compiled Java code, j=interpreted, Vv=VM code)
J 421  Camera.getFrame(I)LFrame; (0 bytes) @ 0x027415d3 [0x02741590+0x43]
J 423 C1 sun.reflect.GeneratedMethodAccessor8.invoke(Ljava/lang/Object;[Ljava/lang/Object;)Ljava/lang/Object; (139 bytes) @ 0x02742270 [0x027420b0+0x1c0]
J 409 C1 sun.reflect.DelegatingMethodAccessorImpl.invoke(Ljava/lang/Object;[Ljava/lang/Object;)Ljava/lang/Object; (10 bytes) @ 0x0273f900 [0x0273f8d0+0x30]
j  java.lang.reflect.Method.invoke(Ljava/lang/Object;[Ljava/lang/Object;)Ljava/lang/Object;+56
J 425 C1 CameraWrapper.getFrame()LExtFrame; (146 bytes) @ 0x02743048 [0x02742f20+0x128]
j  ExtImagePanel.run()V+7
j  java.lang.Thread.run()V+11
v  ~StubRoutines::call_stub

---------------  P R O C E S S  ---------------

Java Threads: ( => current thread )
  0x187ae000 JavaThread "DestroyJavaVM" [_thread_blocked, id=8256, stack(0x02290000,0x022e0000)]
  0x1878c400 JavaThread "WebSocketWorker-22" [_thread_blocked, id=8764, stack(0x19090000,0x190e0000)]
  0x186e2000 JavaThread "WebSocketWorker-21" [_thread_blocked, id=8936, stack(0x188e0000,0x18930000)]
  0x18703c00 JavaThread "WebSocketWorker-20" [_thread_blocked, id=3432, stack(0x18e00000,0x18e50000)]
  0x18755000 JavaThread "WebSocketWorker-19" [_thread_blocked, id=3184, stack(0x18110000,0x18160000)]
=>0x184ff400 JavaThread "Ext Image grabber" [_thread_in_native, id=5216, stack(0x18010000,0x18060000)]
  0x18492c00 JavaThread "AWT-EventQueue-0" [_thread_blocked, id=8260, stack(0x18ca0000,0x18cf0000)]
  0x18491c00 JavaThread "AWT-Shutdown" [_thread_blocked, id=6688, stack(0x18bb0000,0x18c00000)]
  0x14e0a400 JavaThread "Java2D Disposer" daemon [_thread_blocked, id=6220, stack(0x157d0000,0x15820000)]
  0x14cdfc00 JavaThread "Service Thread" daemon [_thread_blocked, id=7240, stack(0x15340000,0x15390000)]
  0x14cb8800 JavaThread "C1 CompilerThread0" daemon [_thread_blocked, id=6336, stack(0x14fa0000,0x14ff0000)]
  0x14cb7800 JavaThread "Attach Listener" daemon [_thread_blocked, id=5432, stack(0x15090000,0x150e0000)]
  0x14cb4800 JavaThread "Signal Dispatcher" daemon [_thread_blocked, id=4244, stack(0x14e70000,0x14ec0000)]
  0x14ca6000 JavaThread "Finalizer" daemon [_thread_blocked, id=7084, stack(0x15140000,0x15190000)]
  0x14c81000 JavaThread "Reference Handler" daemon [_thread_blocked, id=8324, stack(0x14f50000,0x14fa0000)]

Other Threads:
  0x14c7ac00 VMThread [stack: 0x14f00000,0x14f50000] [id=1304]
  0x14ce3000 WatcherThread [stack: 0x15510000,0x15560000] [id=6316]

VM state:not at safepoint (normal execution)

VM Mutex/Monitor currently owned by a thread: None

Heap:
 def new generation   total 20544K, used 17513K [0x04800000, 0x05e40000, 0x09d50000)
  eden space 18304K,  95% used [0x04800000, 0x05919d90, 0x059e0000)
  from space 2240K,   0% used [0x059e0000, 0x059e0838, 0x05c10000)
  to   space 2240K,   0% used [0x05c10000, 0x05c10000, 0x05e40000)
 tenured generation   total 45400K, used 21578K [0x09d50000, 0x0c9a6000, 0x14800000)
   the space 45400K,  47% used [0x09d50000, 0x0b2629a8, 0x0b262a00, 0x0c9a6000)
 Metaspace       used 7703K, capacity 7956K, committed 8064K, reserved 8576K

Card table byte_map: [0x021f0000,0x02280000] byte_map_base: 0x021cc000

Polling page: 0x00340000

CodeCache: size=32768Kb used=1293Kb max_used=1293Kb free=31474Kb
 bounds [0x02610000, 0x02758000, 0x04610000]
 total_blobs=674 nmethods=432 adapters=174
 compilation: enabled

Compilation events (10 events):
Event: 422.252 Thread 0x14cb8800  431             sun.awt.image.IntegerComponentRaster::<init> (271 bytes)
Event: 422.259 Thread 0x14cb8800 nmethod 431 0x0274a988 code [0x0274ab20, 0x0274b048]
Event: 452.848 Thread 0x14cb8800  432             java.awt.image.SampleModel::getNumBands (5 bytes)
Event: 452.881 Thread 0x14cb8800 nmethod 432 0x0274b808 code [0x0274b900, 0x0274b980]
Event: 496.277 Thread 0x14cb8800  433             sun.awt.image.IntegerComponentRaster::verify (540 bytes)
Event: 496.288 Thread 0x14cb8800 nmethod 433 0x0274b9c8 code [0x0274bd60, 0x0274cf34]
Event: 532.271 Thread 0x14cb8800  434   !         javax.swing.JComponent::_paintImmediately (891 bytes)
Event: 532.276 Thread 0x14cb8800 nmethod 434 0x0274e208 code [0x0274e600, 0x027500cc]
Event: 536.127 Thread 0x14cb8800  435   !         sun.awt.AWTAutoShutdown::setToolkitBusy (124 bytes)
Event: 536.128 Thread 0x14cb8800 nmethod 435 0x02752ec8 code [0x02753010, 0x0275348c]

GC Heap History (10 events):
Event: 541.507 GC heap before
{Heap before GC invocations=1161 (full 579):
 def new generation   total 12096K, used 8771K [0x04800000, 0x05520000, 0x09d50000)
  eden space 10752K,  81% used [0x04800000, 0x05090ac0, 0x05280000)
  from space 1344K,   0% used [0x053d0000, 0x053d0230, 0x05520000)
  to   space 1344K,   0% used [0x05280000, 0x05280000, 0x053d0000)
 tenured generation   total 26788K, used 24406K [0x09d50000, 0x0b779000, 0x14800000)
   the space 26788K,  91% used [0x09d50000, 0x0b525b30, 0x0b525c00, 0x0b779000)
 Metaspace       used 7700K, capacity 7956K, committed 8064K, reserved 8576K
Event: 541.540 GC heap after
Heap after GC invocations=1162 (full 580):
 def new generation   total 20544K, used 0K [0x04800000, 0x05e40000, 0x09d50000)
  eden space 18304K,   0% used [0x04800000, 0x04800000, 0x059e0000)
  from space 2240K,   0% used [0x059e0000, 0x059e0000, 0x05c10000)
  to   space 2240K,   0% used [0x05c10000, 0x05c10000, 0x05e40000)
 tenured generation   total 45400K, used 27238K [0x09d50000, 0x0c9a6000, 0x14800000)
   the space 45400K,  59% used [0x09d50000, 0x0b7e9a60, 0x0b7e9c00, 0x0c9a6000)
 Metaspace       used 7700K, capacity 7956K, committed 8064K, reserved 8576K
}
Event: 541.849 GC heap before
{Heap before GC invocations=1162 (full 580):
 def new generation   total 20544K, used 14582K [0x04800000, 0x05e40000, 0x09d50000)
  eden space 18304K,  79% used [0x04800000, 0x0563d808, 0x059e0000)
  from space 2240K,   0% used [0x059e0000, 0x059e0000, 0x05c10000)
  to   space 2240K,   0% used [0x05c10000, 0x05c10000, 0x05e40000)
 tenured generation   total 45400K, used 27238K [0x09d50000, 0x0c9a6000, 0x14800000)
   the space 45400K,  59% used [0x09d50000, 0x0b7e9a60, 0x0b7e9c00, 0x0c9a6000)
 Metaspace       used 7700K, capacity 7956K, committed 8064K, reserved 8576K
Event: 541.859 GC heap after
Heap after GC invocations=1163 (full 580):
 def new generation   total 20544K, used 1K [0x04800000, 0x05e40000, 0x09d50000)
  eden space 18304K,   0% used [0x04800000, 0x04800000, 0x059e0000)
  from space 2240K,   0% used [0x05c10000, 0x05c105a8, 0x05e40000)
  to   space 2240K,   0% used [0x059e0000, 0x059e0000, 0x05c10000)
 tenured generation   total 45400K, used 38548K [0x09d50000, 0x0c9a6000, 0x14800000)
   the space 45400K,  84% used [0x09d50000, 0x0c2f5280, 0x0c2f5400, 0x0c9a6000)
 Metaspace       used 7700K, capacity 7956K, committed 8064K, reserved 8576K
}
Event: 542.198 GC heap before
{Heap before GC invocations=1163 (full 580):
 def new generation   total 20544K, used 17388K [0x04800000, 0x05e40000, 0x09d50000)
  eden space 18304K,  94% used [0x04800000, 0x058fada0, 0x059e0000)
  from space 2240K,   0% used [0x05c10000, 0x05c105a8, 0x05e40000)
  to   space 2240K,   0% used [0x059e0000, 0x059e0000, 0x05c10000)
 tenured generation   total 45400K, used 38548K [0x09d50000, 0x0c9a6000, 0x14800000)
   the space 45400K,  84% used [0x09d50000, 0x0c2f5280, 0x0c2f5400, 0x0c9a6000)
 Metaspace       used 7700K, capacity 7956K, committed 8064K, reserved 8576K
Event: 542.224 GC heap after
Heap after GC invocations=1164 (full 581):
 def new generation   total 20544K, used 0K [0x04800000, 0x05e40000, 0x09d50000)
  eden space 18304K,   0% used [0x04800000, 0x04800000, 0x059e0000)
  from space 2240K,   0% used [0x059e0000, 0x059e0000, 0x05c10000)
  to   space 2240K,   0% used [0x05c10000, 0x05c10000, 0x05e40000)
 tenured generation   total 45400K, used 10268K [0x09d50000, 0x0c9a6000, 0x14800000)
   the space 45400K,  22% used [0x09d50000, 0x0a757178, 0x0a757200, 0x0c9a6000)
 Metaspace       used 7700K, capacity 7956K, committed 8064K, reserved 8576K
}
Event: 542.294 GC heap before
{Heap before GC invocations=1164 (full 581):
 def new generation   total 20544K, used 17208K [0x04800000, 0x05e40000, 0x09d50000)
  eden space 18304K,  94% used [0x04800000, 0x058ce358, 0x059e0000)
  from space 2240K,   0% used [0x059e0000, 0x059e0000, 0x05c10000)
  to   space 2240K,   0% used [0x05c10000, 0x05c10000, 0x05e40000)
 tenured generation   total 45400K, used 10268K [0x09d50000, 0x0c9a6000, 0x14800000)
   the space 45400K,  22% used [0x09d50000, 0x0a757178, 0x0a757200, 0x0c9a6000)
 Metaspace       used 7700K, capacity 7956K, committed 8064K, reserved 8576K
Event: 542.302 GC heap after
Heap after GC invocations=1165 (full 581):
 def new generation   total 20544K, used 0K [0x04800000, 0x05e40000, 0x09d50000)
  eden space 18304K,   0% used [0x04800000, 0x04800000, 0x059e0000)
  from space 2240K,   0% used [0x05c10000, 0x05c10258, 0x05e40000)
  to   space 2240K,   0% used [0x059e0000, 0x059e0000, 0x05c10000)
 tenured generation   total 45400K, used 18750K [0x09d50000, 0x0c9a6000, 0x14800000)
   the space 45400K,  41% used [0x09d50000, 0x0af9fb98, 0x0af9fc00, 0x0c9a6000)
 Metaspace       used 7700K, capacity 7956K, committed 8064K, reserved 8576K
}
Event: 542.581 GC heap before
{Heap before GC invocations=1165 (full 581):
 def new generation   total 20544K, used 17404K [0x04800000, 0x05e40000, 0x09d50000)
  eden space 18304K,  95% used [0x04800000, 0x058fef70, 0x059e0000)
  from space 2240K,   0% used [0x05c10000, 0x05c10258, 0x05e40000)
  to   space 2240K,   0% used [0x059e0000, 0x059e0000, 0x05c10000)
 tenured generation   total 45400K, used 18750K [0x09d50000, 0x0c9a6000, 0x14800000)
   the space 45400K,  41% used [0x09d50000, 0x0af9fb98, 0x0af9fc00, 0x0c9a6000)
 Metaspace       used 7700K, capacity 7956K, committed 8064K, reserved 8576K
Event: 542.584 GC heap after
Heap after GC invocations=1166 (full 581):
 def new generation   total 20544K, used 2K [0x04800000, 0x05e40000, 0x09d50000)
  eden space 18304K,   0% used [0x04800000, 0x04800000, 0x059e0000)
  from space 2240K,   0% used [0x059e0000, 0x059e0838, 0x05c10000)
  to   space 2240K,   0% used [0x05c10000, 0x05c10000, 0x05e40000)
 tenured generation   total 45400K, used 21578K [0x09d50000, 0x0c9a6000, 0x14800000)
   the space 45400K,  47% used [0x09d50000, 0x0b2629a8, 0x0b262a00, 0x0c9a6000)
 Metaspace       used 7700K, capacity 7956K, committed 8064K, reserved 8576K
}

Deoptimization events (0 events):
No events

Internal exceptions (10 events):
Event: 4.705 Thread 0x18492c00 Exception <a 'java/io/IOException'> (0x04b504a8) thrown at [C:\re\workspace\8-2-build-windows-i586-cygwin\jdk8u102\7268\hotspot\src\share\vm\prims\jni.cpp, line 709]
Event: 4.705 Thread 0x18492c00 Exception <a 'java/io/IOException'> (0x04b50740) thrown at [C:\re\workspace\8-2-build-windows-i586-cygwin\jdk8u102\7268\hotspot\src\share\vm\prims\jni.cpp, line 709]
Event: 4.705 Thread 0x18492c00 Exception <a 'java/io/IOException'> (0x04b509a8) thrown at [C:\re\workspace\8-2-build-windows-i586-cygwin\jdk8u102\7268\hotspot\src\share\vm\prims\jni.cpp, line 709]
Event: 4.705 Thread 0x18492c00 Exception <a 'java/io/IOException'> (0x04b50f58) thrown at [C:\re\workspace\8-2-build-windows-i586-cygwin\jdk8u102\7268\hotspot\src\share\vm\prims\jni.cpp, line 709]
Event: 4.705 Thread 0x18492c00 Exception <a 'java/io/IOException'> (0x04b511f0) thrown at [C:\re\workspace\8-2-build-windows-i586-cygwin\jdk8u102\7268\hotspot\src\share\vm\prims\jni.cpp, line 709]
Event: 4.705 Thread 0x18492c00 Exception <a 'java/io/IOException'> (0x04b51458) thrown at [C:\re\workspace\8-2-build-windows-i586-cygwin\jdk8u102\7268\hotspot\src\share\vm\prims\jni.cpp, line 709]
Event: 4.705 Thread 0x18492c00 Exception <a 'java/io/IOException'> (0x04b519d8) thrown at [C:\re\workspace\8-2-build-windows-i586-cygwin\jdk8u102\7268\hotspot\src\share\vm\prims\jni.cpp, line 709]
Event: 4.705 Thread 0x18492c00 Exception <a 'java/io/IOException'> (0x04b51c70) thrown at [C:\re\workspace\8-2-build-windows-i586-cygwin\jdk8u102\7268\hotspot\src\share\vm\prims\jni.cpp, line 709]
Event: 4.705 Thread 0x18492c00 Exception <a 'java/io/IOException'> (0x04b51ed8) thrown at [C:\re\workspace\8-2-build-windows-i586-cygwin\jdk8u102\7268\hotspot\src\share\vm\prims\jni.cpp, line 709]
Event: 4.706 Thread 0x187ae000 Exception <a 'java/net/BindException': Address already in use: bind> (0x04b2fd80) thrown at [C:\re\workspace\8-2-build-windows-i586-cygwin\jdk8u102\7268\hotspot\src\share\vm\prims\jni.cpp, line 735]

Events (10 events):
Event: 542.294 Executing VM operation: GenCollectForAllocation
Event: 542.302 Executing VM operation: GenCollectForAllocation done
Event: 542.581 Executing VM operation: GenCollectForAllocation
Event: 542.584 Executing VM operation: GenCollectForAllocation done
Event: 543.853 Thread 0x187ae800 Thread added: 0x187ae800
Event: 543.853 Thread 0x187af000 Thread added: 0x187af000
Event: 543.854 Thread 0x187af000 Thread exited: 0x187af000
Event: 543.854 Thread 0x18518800 Thread exited: 0x18518800
Event: 543.854 loading class sun/java2d/pipe/hw/AccelDeviceEventNotifier
Event: 543.855 loading class sun/java2d/pipe/hw/AccelDeviceEventNotifier done


Dynamic libraries:
0x00350000 - 0x00383000 	C:\Program Files (x86)\Java\jre1.8.0_102\bin\javaw.exe
0x77ad0000 - 0x77c50000 	C:\Windows\SysWOW64\ntdll.dll
0x76410000 - 0x76520000 	C:\Windows\syswow64\kernel32.dll
0x75c40000 - 0x75c87000 	C:\Windows\syswow64\KERNELBASE.dll
0x76630000 - 0x766d1000 	C:\Windows\syswow64\ADVAPI32.dll
0x75ee0000 - 0x75f8c000 	C:\Windows\syswow64\msvcrt.dll
0x776b0000 - 0x776c9000 	C:\Windows\SysWOW64\sechost.dll
0x755c0000 - 0x756b0000 	C:\Windows\syswow64\RPCRT4.dll
0x753c0000 - 0x75420000 	C:\Windows\syswow64\SspiCli.dll
0x753b0000 - 0x753bc000 	C:\Windows\syswow64\CRYPTBASE.dll
0x76520000 - 0x76620000 	C:\Windows\syswow64\USER32.dll
0x774e0000 - 0x77570000 	C:\Windows\syswow64\GDI32.dll
0x75d00000 - 0x75d0a000 	C:\Windows\syswow64\LPK.dll
0x77580000 - 0x7761d000 	C:\Windows\syswow64\USP10.dll
0x70df0000 - 0x70f8e000 	C:\Windows\WinSxS\x86_microsoft.windows.common-controls_6595b64144ccf1df_6.0.7601.18837_none_41e855142bd5705d\COMCTL32.dll
0x75d20000 - 0x75d77000 	C:\Windows\syswow64\SHLWAPI.dll
0x77480000 - 0x774e0000 	C:\Windows\system32\IMM32.DLL
0x75d80000 - 0x75e4d000 	C:\Windows\syswow64\MSCTF.dll
0x601f0000 - 0x602af000 	C:\Program Files (x86)\Java\jre1.8.0_102\bin\msvcr100.dll
0x5fe20000 - 0x601ed000 	C:\Program Files (x86)\Java\jre1.8.0_102\bin\client\jvm.dll
0x71870000 - 0x71877000 	C:\Windows\system32\WSOCK32.dll
0x75f90000 - 0x75fc5000 	C:\Windows\syswow64\WS2_32.dll
0x75d10000 - 0x75d16000 	C:\Windows\syswow64\NSI.dll
0x714a0000 - 0x714d2000 	C:\Windows\system32\WINMM.dll
0x752e0000 - 0x752e9000 	C:\Windows\system32\VERSION.dll
0x77470000 - 0x77475000 	C:\Windows\syswow64\PSAPI.DLL
0x65f00000 - 0x65f0c000 	C:\Program Files (x86)\Java\jre1.8.0_102\bin\verify.dll
0x65ed0000 - 0x65ef1000 	C:\Program Files (x86)\Java\jre1.8.0_102\bin\java.dll
0x627b0000 - 0x627c3000 	C:\Program Files (x86)\Java\jre1.8.0_102\bin\zip.dll
0x76780000 - 0x773cc000 	C:\Windows\syswow64\SHELL32.dll
0x75800000 - 0x7595d000 	C:\Windows\syswow64\ole32.dll
0x77570000 - 0x7757b000 	C:\Windows\syswow64\profapi.dll
0x73820000 - 0x73837000 	C:\Windows\system32\CRYPTSP.dll
0x737e0000 - 0x7381b000 	C:\Windows\system32\rsaenh.dll
0x762b0000 - 0x762c7000 	C:\Windows\syswow64\USERENV.dll
0x62790000 - 0x627a6000 	C:\Program Files (x86)\Java\jre1.8.0_102\bin\net.dll
0x71d50000 - 0x71d8c000 	C:\Windows\system32\mswsock.dll
0x71d30000 - 0x71d36000 	C:\Windows\System32\wship6.dll
0x71bc0000 - 0x71bdc000 	C:\Windows\system32\IPHLPAPI.DLL
0x71bb0000 - 0x71bb7000 	C:\Windows\system32\WINNSI.DLL
0x715f0000 - 0x715fd000 	C:\Windows\system32\dhcpcsvc6.DLL
0x715d0000 - 0x715e2000 	C:\Windows\system32\dhcpcsvc.DLL
0x66e50000 - 0x66e5f000 	C:\Program Files (x86)\Java\jre1.8.0_102\bin\nio.dll
0x150e0000 - 0x1512c000 	C:\Users\mpdlab\Desktop\CameraSoftware\VideoScanCamera\JavaVS\VsIj_Native.dll
0x5fcd0000 - 0x5fe15000 	C:\Program Files (x86)\Java\jre1.8.0_102\bin\awt.dll
0x75ba0000 - 0x75c31000 	C:\Windows\syswow64\OLEAUT32.dll
0x67d00000 - 0x67d13000 	C:\Windows\system32\DWMAPI.DLL
0x6d3b0000 - 0x6d430000 	C:\Windows\system32\uxtheme.dll
0x69790000 - 0x697d1000 	C:\Program Files (x86)\TeamViewer\tv_w32.dll
0x75420000 - 0x755bd000 	C:\Windows\syswow64\SETUPAPI.dll
0x75c90000 - 0x75cb7000 	C:\Windows\syswow64\CFGMGR32.dll
0x77450000 - 0x77462000 	C:\Windows\syswow64\DEVOBJ.dll
0x5f160000 - 0x5f29a000 	C:\Program Files (x86)\NVIDIA Corporation\3D Vision\nvSCPAPI.dll
0x5f3e0000 - 0x5f6b5000 	C:\Windows\system32\nvapi.dll
0x75cc0000 - 0x75cef000 	C:\Windows\syswow64\WINTRUST.dll
0x762d0000 - 0x763f1000 	C:\Windows\syswow64\CRYPT32.dll
0x75e50000 - 0x75e5c000 	C:\Windows\syswow64\MSASN1.dll
0x5fbe0000 - 0x5fccf000 	C:\Users\mpdlab\Desktop\CameraSoftware\VideoScanCamera\JavaVS\vscorelib_v4.dll
0x62750000 - 0x62789000 	C:\Program Files (x86)\Java\jre1.8.0_102\bin\fontmanager.dll
0x62710000 - 0x62742000 	C:\Program Files (x86)\Java\jre1.8.0_102\bin\t2k.dll
0x77620000 - 0x776a3000 	C:\Windows\syswow64\CLBCatQ.DLL
0x69ec0000 - 0x69ff1000 	C:\Windows\system32\WindowsCodecs.dll
0x70210000 - 0x7025c000 	C:\Windows\system32\apphelp.dll
0x621f0000 - 0x62221000 	C:\Windows\system32\EhStorShell.dll
0x70cf0000 - 0x70de5000 	C:\Windows\system32\PROPSYS.dll
0x5e940000 - 0x5ed46000 	C:\PROGRA~2\MICROS~2\Office14\GROOVEEX.DLL
0x71be0000 - 0x71c83000 	C:\Windows\WinSxS\x86_microsoft.vc90.crt_1fc8b3b9a1e18e3b_9.0.30729.6161_none_50934f2ebcb7eb57\MSVCR90.dll
0x71630000 - 0x716be000 	C:\Windows\WinSxS\x86_microsoft.vc90.crt_1fc8b3b9a1e18e3b_9.0.30729.6161_none_50934f2ebcb7eb57\MSVCP90.dll
0x626e0000 - 0x6270b000 	C:\Windows\WinSxS\x86_microsoft.vc90.atl_1fc8b3b9a1e18e3b_9.0.30729.6161_none_51cd0a7abbe4e19b\ATL90.DLL
0x5e520000 - 0x5e93a000 	C:\PROGRA~2\COMMON~1\MICROS~1\OFFICE14\Cultures\office.odf
0x5bd40000 - 0x5c5b8000 	C:\PROGRA~2\MICROS~2\Office14\1049\GrooveIntlResource.dll
0x5c8f0000 - 0x5c960000 	C:\Windows\system32\ntshrui.dll
0x709e0000 - 0x709f9000 	C:\Windows\system32\srvcli.dll
0x6b910000 - 0x6b91b000 	C:\Windows\system32\cscapi.dll
0x6f590000 - 0x6f59a000 	C:\Windows\system32\slc.dll
0x714e0000 - 0x715cb000 	C:\Windows\system32\dbghelp.dll

VM Arguments:
java_command: C:\Users\mpdlab\Desktop\CameraSoftware\VideoScanCamera\JavaVS\VS.jar
java_class_path (initial): C:\Users\mpdlab\Desktop\CameraSoftware\VideoScanCamera\JavaVS\VS.jar
Launcher Type: SUN_STANDARD

Environment Variables:
PATH=C:\ProgramData\Oracle\Java\javapath;C:\Windows\system32;C:\Windows;C:\Windows\System32\Wbem;C:\Windows\System32\WindowsPowerShell\v1.0\;D:\Program Files (x86)\IVI Foundation\VISA\WinNT\Bin\;C:\Program Files\IVI Foundation\VISA\Win64\Bin\;D:\Program Files (x86)\IVI Foundation\VISA\WinNT\Bin;C:\Program Files (x86)\Windows Kits\8.1\Windows Performance Toolkit\;C:\Program Files\Microsoft SQL Server\110\Tools\Binn\;C:\Program Files (x86)\Microsoft SDKs\TypeScript\1.0\;C:\Program Files\Microsoft SQL Server\120\Tools\Binn\;C:\Program Files\Agilent\IO Libraries Suite\bin;C:\Program Files\IVI Foundation\VISA\Win64\agvisa;C:\Program Files (x86)\Agilent\IO Libraries Suite\bin;D:\Program Files (x86)\IVI Foundation\VISA\WinNT\agvisa;C:\Program Files (x86)\IVI Foundation\IVI\bin;C:\Program Files\IVI Foundation\IVI\bin;C:\Program Files (x86)\Common Files\Acronis\SnapAPI\
USERNAME=mpdlab
OS=Windows_NT
PROCESSOR_IDENTIFIER=Intel64 Family 6 Model 15 Stepping 11, GenuineIntel



---------------  S Y S T E M  ---------------

OS: Windows 7 , 64 bit Build 7601 (6.1.7601.23572)

CPU:total 4 (4 cores per cpu, 1 threads per core) family 6 model 15 stepping 11, cmov, cx8, fxsr, mmx, sse, sse2, sse3, ssse3, tsc

Memory: 4k page, physical 6289912k(2842984k free), swap 19233964k(15733316k free)

vm_info: Java HotSpot(TM) Client VM (25.102-b14) for windows-x86 JRE (1.8.0_102-b14), built on Jun 22 2016 13:13:29 by "java_re" with MS VC++ 10.0 (VS2010)

time: Wed Jan 25 15:14:05 2017
elapsed time: 543 seconds (0d 0h 9m 3s)

