#
# A fatal error has been detected by the Java Runtime Environment:
#
#  EXCEPTION_ACCESS_VIOLATION (0xc0000005) at pc=0x1512700d, pid=6380, tid=0x00001a2c
#
# JRE version: Java(TM) SE Runtime Environment (8.0_102-b14) (build 1.8.0_102-b14)
# Java VM: Java HotSpot(TM) Client VM (25.102-b14 mixed mode windows-x86 )
# Problematic frame:
# C  [VsIj_Native.dll+0x1700d]
#
# Failed to write core dump. Minidumps are not enabled by default on client versions of Windows
#
# If you would like to submit a bug report, please visit:
#   http://bugreport.java.com/bugreport/crash.jsp
# The crash happened outside the Java Virtual Machine in native code.
# See problematic frame for where to report the bug.
#

---------------  T H R E A D  ---------------

Current thread (0x17a68800):  JavaThread "Ext Image grabber" [_thread_in_native, id=6700, stack(0x191c0000,0x19210000)]

siginfo: ExceptionCode=0xc0000005, reading address 0xdddddde1

Registers:
EAX=0x189607f8, EBX=0x18ede568, ECX=0xdddddddd, EDX=0x189607f8
ESP=0x1920f64c, EBP=0x1920f7c8, ESI=0x1920f650, EDI=0x1920f7c8
EIP=0x1512700d, EFLAGS=0x00010246

Top of Stack: (sp=0x1920f64c)
0x1920f64c:   189607f8 17a68800 09e478c0 18ede568
0x1920f65c:   00dba8e8 cccccccc cccccccc cccccccc
0x1920f66c:   cccccccc cccccccc cccccccc cccccccc
0x1920f67c:   cccccccc cccccccc cccccccc cccccccc
0x1920f68c:   cccccccc cccccccc cccccccc cccccccc
0x1920f69c:   cccccccc cccccccc cccccccc cccccccc
0x1920f6ac:   cccccccc cccccccc cccccccc cccccccc
0x1920f6bc:   cccccccc cccccccc cccccccc cccccccc 

Instructions: (pc=0x1512700d)
0x15126fed:   f4 8b 85 94 fe ff ff 50 ff 52 10 3b f4 e8 ad d8
0x15126ffd:   ff ff 89 45 c8 8b 45 c8 8b 08 8b f4 8b 55 c8 52
0x1512700d:   ff 51 04 3b f4 e8 95 d8 ff ff 89 45 bc 83 7d bc
0x1512701d:   00 0f 84 41 01 00 00 8b f4 8d 45 e0 50 8d 4d ec 


Register to memory mapping:

EAX=0x189607f8 is an unknown value
EBX={method} {0x18ede56c} 'invoke' '(Ljava/lang/Object;[Ljava/lang/Object;)Ljava/lang/Object;' in 'sun/reflect/GeneratedMethodAccessor8'
ECX=0xdddddddd is an unknown value
EDX=0x189607f8 is an unknown value
ESP=0x1920f64c is pointing into the stack for thread: 0x17a68800
EBP=0x1920f7c8 is pointing into the stack for thread: 0x17a68800
ESI=0x1920f650 is pointing into the stack for thread: 0x17a68800
EDI=0x1920f7c8 is pointing into the stack for thread: 0x17a68800


Stack: [0x191c0000,0x19210000],  sp=0x1920f64c,  free space=317k
Native frames: (J=compiled Java code, j=interpreted, Vv=VM code, C=native code)
C  [VsIj_Native.dll+0x1700d]
J 737  Camera.getFrame(I)LFrame; (0 bytes) @ 0x0291bad7 [0x0291ba50+0x87]
J 736 C1 sun.reflect.GeneratedMethodAccessor8.invoke(Ljava/lang/Object;[Ljava/lang/Object;)Ljava/lang/Object; (139 bytes) @ 0x0291bf30 [0x0291bd70+0x1c0]
J 614 C1 sun.reflect.DelegatingMethodAccessorImpl.invoke(Ljava/lang/Object;[Ljava/lang/Object;)Ljava/lang/Object; (10 bytes) @ 0x028dec00 [0x028debd0+0x30]
J 738 C1 java.lang.reflect.Method.invoke(Ljava/lang/Object;[Ljava/lang/Object;)Ljava/lang/Object; (62 bytes) @ 0x0291ca94 [0x0291c9c0+0xd4]
J 739 C1 CameraWrapper.getFrame()LExtFrame; (146 bytes) @ 0x0291cf18 [0x0291cdf0+0x128]
j  ExtImagePanel.run()V+7
j  java.lang.Thread.run()V+11
v  ~StubRoutines::call_stub
V  [jvm.dll+0x15a6e5]
V  [jvm.dll+0x2204fe]
V  [jvm.dll+0x15a77e]
V  [jvm.dll+0x15a906]
V  [jvm.dll+0x15a977]
V  [jvm.dll+0xfed1f]
V  [jvm.dll+0x17d210]
V  [jvm.dll+0x17da8a]
V  [jvm.dll+0x1c2506]
C  [msvcr100.dll+0x5c556]
C  [msvcr100.dll+0x5c600]
C  [kernel32.dll+0x1336a]
C  [ntdll.dll+0x39902]
C  [ntdll.dll+0x398d5]
C  0x00000000

Java frames: (J=compiled Java code, j=interpreted, Vv=VM code)
J 737  Camera.getFrame(I)LFrame; (0 bytes) @ 0x0291ba93 [0x0291ba50+0x43]
J 736 C1 sun.reflect.GeneratedMethodAccessor8.invoke(Ljava/lang/Object;[Ljava/lang/Object;)Ljava/lang/Object; (139 bytes) @ 0x0291bf30 [0x0291bd70+0x1c0]
J 614 C1 sun.reflect.DelegatingMethodAccessorImpl.invoke(Ljava/lang/Object;[Ljava/lang/Object;)Ljava/lang/Object; (10 bytes) @ 0x028dec00 [0x028debd0+0x30]
J 738 C1 java.lang.reflect.Method.invoke(Ljava/lang/Object;[Ljava/lang/Object;)Ljava/lang/Object; (62 bytes) @ 0x0291ca94 [0x0291c9c0+0xd4]
J 739 C1 CameraWrapper.getFrame()LExtFrame; (146 bytes) @ 0x0291cf18 [0x0291cdf0+0x128]
j  ExtImagePanel.run()V+7
j  java.lang.Thread.run()V+11
v  ~StubRoutines::call_stub

---------------  P R O C E S S  ---------------

Java Threads: ( => current thread )
  0x19dea000 JavaThread "Thread-0" daemon [_thread_in_native, id=8008, stack(0x15be0000,0x15c30000)]
  0x19de9000 JavaThread "DestroyJavaVM" [_thread_blocked, id=6304, stack(0x00dc0000,0x00e10000)]
  0x19de8800 JavaThread "TimerQueue" daemon [_thread_blocked, id=6864, stack(0x1a800000,0x1a850000)]
  0x19de8400 JavaThread "WebsocketSelector23" [_thread_in_native, id=6876, stack(0x1a8c0000,0x1a910000)]
  0x17c52800 JavaThread "WebSocketWorker-22" [_thread_blocked, id=4564, stack(0x18c00000,0x18c50000)]
  0x17ca3000 JavaThread "WebSocketWorker-21" [_thread_blocked, id=6168, stack(0x1a700000,0x1a750000)]
  0x17ca1000 JavaThread "WebSocketWorker-20" [_thread_blocked, id=6848, stack(0x1a760000,0x1a7b0000)]
  0x17cd5000 JavaThread "WebSocketWorker-19" [_thread_blocked, id=6860, stack(0x1a6b0000,0x1a700000)]
=>0x17a68800 JavaThread "Ext Image grabber" [_thread_in_native, id=6700, stack(0x191c0000,0x19210000)]
  0x17a08c00 JavaThread "AWT-EventQueue-0" [_thread_blocked, id=6020, stack(0x18d90000,0x18de0000)]
  0x17a08400 JavaThread "AWT-Shutdown" [_thread_blocked, id=4872, stack(0x18c70000,0x18cc0000)]
  0x14e2c000 JavaThread "AWT-Windows" daemon [_thread_in_native, id=6812, stack(0x15c30000,0x15c80000)]
  0x14e28800 JavaThread "Java2D Disposer" daemon [_thread_blocked, id=6352, stack(0x154a0000,0x154f0000)]
  0x14cdfc00 JavaThread "Service Thread" daemon [_thread_blocked, id=4072, stack(0x155f0000,0x15640000)]
  0x14cb8c00 JavaThread "C1 CompilerThread0" daemon [_thread_blocked, id=6420, stack(0x15450000,0x154a0000)]
  0x14cb7800 JavaThread "Attach Listener" daemon [_thread_blocked, id=6236, stack(0x152d0000,0x15320000)]
  0x14cb4800 JavaThread "Signal Dispatcher" daemon [_thread_blocked, id=6348, stack(0x15160000,0x151b0000)]
  0x14ca6000 JavaThread "Finalizer" daemon [_thread_blocked, id=1512, stack(0x150c0000,0x15110000)]
  0x14c81000 JavaThread "Reference Handler" daemon [_thread_blocked, id=6336, stack(0x14f60000,0x14fb0000)]

Other Threads:
  0x14c7ac00 VMThread [stack: 0x04770000,0x047c0000] [id=6308]
  0x14ce3000 WatcherThread [stack: 0x157c0000,0x15810000] [id=6424]

VM state:not at safepoint (normal execution)

VM Mutex/Monitor currently owned by a thread: None

Heap:
 def new generation   total 54528K, used 40864K [0x04800000, 0x08320000, 0x09d50000)
  eden space 48512K,  72% used [0x04800000, 0x06a61f90, 0x07760000)
  from space 6016K,  94% used [0x07d40000, 0x082c6070, 0x08320000)
  to   space 6016K,   0% used [0x07760000, 0x07760000, 0x07d40000)
 tenured generation   total 120972K, used 112168K [0x09d50000, 0x11373000, 0x14800000)
   the space 120972K,  92% used [0x09d50000, 0x10ada098, 0x10ada200, 0x11373000)
 Metaspace       used 8151K, capacity 8407K, committed 8448K, reserved 8576K

Card table byte_map: [0x01210000,0x012a0000] byte_map_base: 0x011ec000

Polling page: 0x00110000

CodeCache: size=32768Kb used=1785Kb max_used=1785Kb free=30982Kb
 bounds [0x02760000, 0x02920000, 0x04760000]
 total_blobs=979 nmethods=735 adapters=175
 compilation: enabled

Compilation events (10 events):
Event: 1673.277 Thread 0x14cb8c00  735             sun.util.locale.provider.RuleBasedBreakIterator::getInt (38 bytes)
Event: 1673.277 Thread 0x14cb8c00 nmethod 735 0x0291b688 code [0x0291b780, 0x0291b850]
Event: 1675.414 Thread 0x14cb8c00  736   !         sun.reflect.GeneratedMethodAccessor8::invoke (139 bytes)
Event: 1675.415 Thread 0x14cb8c00 nmethod 736 0x0291bbc8 code [0x0291bd70, 0x0291c1f4]
Event: 1675.415 Thread 0x14cb8c00  738             java.lang.reflect.Method::invoke (62 bytes)
Event: 1675.415 Thread 0x14cb8c00 nmethod 738 0x0291c888 code [0x0291c9c0, 0x0291cb2c]
Event: 1675.415 Thread 0x14cb8c00  739   !         CameraWrapper::getFrame (146 bytes)
Event: 1675.416 Thread 0x14cb8c00 nmethod 739 0x0291cc48 code [0x0291cdf0, 0x0291d470]
Event: 2543.107 Thread 0x14cb8c00  740 % !         ExtImagePanel::run @ 3 (120 bytes)
Event: 2543.108 Thread 0x14cb8c00 nmethod 740% 0x0291de08 code [0x0291df70, 0x0291e434]

GC Heap History (10 events):
Event: 3622.302 GC heap before
{Heap before GC invocations=33266 (full 7068):
 def new generation   total 54528K, used 46188K [0x04800000, 0x08320000, 0x09d50000)
  eden space 48512K,  95% used [0x04800000, 0x0751b280, 0x07760000)
  from space 6016K,   0% used [0x07760000, 0x07760000, 0x07d40000)
  to   space 6016K,   0% used [0x07d40000, 0x07d40000, 0x08320000)
 tenured generation   total 120972K, used 69753K [0x09d50000, 0x11373000, 0x14800000)
   the space 120972K,  57% used [0x09d50000, 0x0e16e5d8, 0x0e16e600, 0x11373000)
 Metaspace       used 8149K, capacity 8407K, committed 8448K, reserved 8576K
Event: 3622.316 GC heap after
Heap after GC invocations=33267 (full 7068):
 def new generation   total 54528K, used 5656K [0x04800000, 0x08320000, 0x09d50000)
  eden space 48512K,   0% used [0x04800000, 0x04800000, 0x07760000)
  from space 6016K,  94% used [0x07d40000, 0x082c6398, 0x08320000)
  to   space 6016K,   0% used [0x07760000, 0x07760000, 0x07d40000)
 tenured generation   total 120972K, used 81063K [0x09d50000, 0x11373000, 0x14800000)
   the space 120972K,  67% used [0x09d50000, 0x0ec79df8, 0x0ec79e00, 0x11373000)
 Metaspace       used 8149K, capacity 8407K, committed 8448K, reserved 8576K
}
Event: 3622.568 GC heap before
{Heap before GC invocations=33267 (full 7068):
 def new generation   total 54528K, used 51847K [0x04800000, 0x08320000, 0x09d50000)
  eden space 48512K,  95% used [0x04800000, 0x0751b880, 0x07760000)
  from space 6016K,  94% used [0x07d40000, 0x082c6398, 0x08320000)
  to   space 6016K,   0% used [0x07760000, 0x07760000, 0x07d40000)
 tenured generation   total 120972K, used 81063K [0x09d50000, 0x11373000, 0x14800000)
   the space 120972K,  67% used [0x09d50000, 0x0ec79df8, 0x0ec79e00, 0x11373000)
 Metaspace       used 8149K, capacity 8407K, committed 8448K, reserved 8576K
Event: 3622.580 GC heap after
Heap after GC invocations=33268 (full 7068):
 def new generation   total 54528K, used 5656K [0x04800000, 0x08320000, 0x09d50000)
  eden space 48512K,   0% used [0x04800000, 0x04800000, 0x07760000)
  from space 6016K,  94% used [0x07760000, 0x07ce6070, 0x07d40000)
  to   space 6016K,   0% used [0x07d40000, 0x07d40000, 0x08320000)
 tenured generation   total 120972K, used 89546K [0x09d50000, 0x11373000, 0x14800000)
   the space 120972K,  74% used [0x09d50000, 0x0f4c2ae8, 0x0f4c2c00, 0x11373000)
 Metaspace       used 8149K, capacity 8407K, committed 8448K, reserved 8576K
}
Event: 3623.051 GC heap before
{Heap before GC invocations=33268 (full 7068):
 def new generation   total 54528K, used 49019K [0x04800000, 0x08320000, 0x09d50000)
  eden space 48512K,  89% used [0x04800000, 0x07258f28, 0x07760000)
  from space 6016K,  94% used [0x07760000, 0x07ce6070, 0x07d40000)
  to   space 6016K,   0% used [0x07d40000, 0x07d40000, 0x08320000)
 tenured generation   total 120972K, used 89546K [0x09d50000, 0x11373000, 0x14800000)
   the space 120972K,  74% used [0x09d50000, 0x0f4c2ae8, 0x0f4c2c00, 0x11373000)
 Metaspace       used 8149K, capacity 8407K, committed 8448K, reserved 8576K
Event: 3623.064 GC heap after
Heap after GC invocations=33269 (full 7068):
 def new generation   total 54528K, used 5656K [0x04800000, 0x08320000, 0x09d50000)
  eden space 48512K,   0% used [0x04800000, 0x04800000, 0x07760000)
  from space 6016K,  94% used [0x07d40000, 0x082c6388, 0x08320000)
  to   space 6016K,   0% used [0x07760000, 0x07760000, 0x07d40000)
 tenured generation   total 120972K, used 98029K [0x09d50000, 0x11373000, 0x14800000)
   the space 120972K,  81% used [0x09d50000, 0x0fd0b508, 0x0fd0b600, 0x11373000)
 Metaspace       used 8149K, capacity 8407K, committed 8448K, reserved 8576K
}
Event: 3623.548 GC heap before
{Heap before GC invocations=33269 (full 7068):
 def new generation   total 54528K, used 51848K [0x04800000, 0x08320000, 0x09d50000)
  eden space 48512K,  95% used [0x04800000, 0x0751bd70, 0x07760000)
  from space 6016K,  94% used [0x07d40000, 0x082c6388, 0x08320000)
  to   space 6016K,   0% used [0x07760000, 0x07760000, 0x07d40000)
 tenured generation   total 120972K, used 98029K [0x09d50000, 0x11373000, 0x14800000)
   the space 120972K,  81% used [0x09d50000, 0x0fd0b508, 0x0fd0b600, 0x11373000)
 Metaspace       used 8149K, capacity 8407K, committed 8448K, reserved 8576K
Event: 3623.558 GC heap after
Heap after GC invocations=33270 (full 7068):
 def new generation   total 54528K, used 5656K [0x04800000, 0x08320000, 0x09d50000)
  eden space 48512K,   0% used [0x04800000, 0x04800000, 0x07760000)
  from space 6016K,  94% used [0x07760000, 0x07ce6378, 0x07d40000)
  to   space 6016K,   0% used [0x07d40000, 0x07d40000, 0x08320000)
 tenured generation   total 120972K, used 103684K [0x09d50000, 0x11373000, 0x14800000)
   the space 120972K,  85% used [0x09d50000, 0x102913c8, 0x10291400, 0x11373000)
 Metaspace       used 8149K, capacity 8407K, committed 8448K, reserved 8576K
}
Event: 3623.827 GC heap before
{Heap before GC invocations=33270 (full 7068):
 def new generation   total 54528K, used 51848K [0x04800000, 0x08320000, 0x09d50000)
  eden space 48512K,  95% used [0x04800000, 0x0751bf98, 0x07760000)
  from space 6016K,  94% used [0x07760000, 0x07ce6378, 0x07d40000)
  to   space 6016K,   0% used [0x07d40000, 0x07d40000, 0x08320000)
 tenured generation   total 120972K, used 103684K [0x09d50000, 0x11373000, 0x14800000)
   the space 120972K,  85% used [0x09d50000, 0x102913c8, 0x10291400, 0x11373000)
 Metaspace       used 8149K, capacity 8407K, committed 8448K, reserved 8576K
Event: 3623.838 GC heap after
Heap after GC invocations=33271 (full 7068):
 def new generation   total 54528K, used 5656K [0x04800000, 0x08320000, 0x09d50000)
  eden space 48512K,   0% used [0x04800000, 0x04800000, 0x07760000)
  from space 6016K,  94% used [0x07d40000, 0x082c6070, 0x08320000)
  to   space 6016K,   0% used [0x07760000, 0x07760000, 0x07d40000)
 tenured generation   total 120972K, used 112168K [0x09d50000, 0x11373000, 0x14800000)
   the space 120972K,  92% used [0x09d50000, 0x10ada098, 0x10ada200, 0x11373000)
 Metaspace       used 8149K, capacity 8407K, committed 8448K, reserved 8576K
}

Deoptimization events (0 events):
No events

Internal exceptions (10 events):
Event: 3615.430 Thread 0x17ca3000 Exception <a 'java/io/IOException'> (0x05c5f228) thrown at [C:\re\workspace\8-2-build-windows-i586-cygwin\jdk8u102\7268\hotspot\src\share\vm\prims\jni.cpp, line 709]
Event: 3615.430 Thread 0x17ca3000 Exception <a 'java/io/IOException'> (0x05c5f4c0) thrown at [C:\re\workspace\8-2-build-windows-i586-cygwin\jdk8u102\7268\hotspot\src\share\vm\prims\jni.cpp, line 709]
Event: 3615.430 Thread 0x17ca3000 Exception <a 'java/io/IOException'> (0x05c5f728) thrown at [C:\re\workspace\8-2-build-windows-i586-cygwin\jdk8u102\7268\hotspot\src\share\vm\prims\jni.cpp, line 709]
Event: 3615.430 Thread 0x17ca3000 Exception <a 'java/io/IOException'> (0x05c5fbc8) thrown at [C:\re\workspace\8-2-build-windows-i586-cygwin\jdk8u102\7268\hotspot\src\share\vm\prims\jni.cpp, line 709]
Event: 3615.430 Thread 0x17ca3000 Exception <a 'java/io/IOException'> (0x05c5fe60) thrown at [C:\re\workspace\8-2-build-windows-i586-cygwin\jdk8u102\7268\hotspot\src\share\vm\prims\jni.cpp, line 709]
Event: 3615.430 Thread 0x17ca3000 Exception <a 'java/io/IOException'> (0x05c600c8) thrown at [C:\re\workspace\8-2-build-windows-i586-cygwin\jdk8u102\7268\hotspot\src\share\vm\prims\jni.cpp, line 709]
Event: 3615.430 Thread 0x19de8400 Exception <a 'java/io/IOException'> (0x0734d0e8) thrown at [C:\re\workspace\8-2-build-windows-i586-cygwin\jdk8u102\7268\hotspot\src\share\vm\prims\jni.cpp, line 709]
Event: 3616.431 Thread 0x17ca3000 Exception <a 'java/io/IOException'> (0x04d85e68) thrown at [C:\re\workspace\8-2-build-windows-i586-cygwin\jdk8u102\7268\hotspot\src\share\vm\prims\jni.cpp, line 709]
Event: 3616.431 Thread 0x17ca3000 Exception <a 'java/io/IOException'> (0x04d86100) thrown at [C:\re\workspace\8-2-build-windows-i586-cygwin\jdk8u102\7268\hotspot\src\share\vm\prims\jni.cpp, line 709]
Event: 3616.431 Thread 0x17ca3000 Exception <a 'java/io/IOException'> (0x04d86368) thrown at [C:\re\workspace\8-2-build-windows-i586-cygwin\jdk8u102\7268\hotspot\src\share\vm\prims\jni.cpp, line 709]

Events (10 events):
Event: 3622.580 Executing VM operation: GenCollectForAllocation done
Event: 3623.051 Executing VM operation: GenCollectForAllocation
Event: 3623.064 Executing VM operation: GenCollectForAllocation done
Event: 3623.548 Executing VM operation: GenCollectForAllocation
Event: 3623.558 Executing VM operation: GenCollectForAllocation done
Event: 3623.827 Executing VM operation: GenCollectForAllocation
Event: 3623.838 Executing VM operation: GenCollectForAllocation done
Event: 3624.285 Thread 0x19dea000 Thread added: 0x19dea000
Event: 3624.286 Thread 0x19dea800 Thread added: 0x19dea800
Event: 3624.286 Thread 0x19dea800 Thread exited: 0x19dea800


Dynamic libraries:
0x01320000 - 0x01353000 	C:\Program Files (x86)\Java\jre1.8.0_102\bin\javaw.exe
0x77c30000 - 0x77db0000 	C:\Windows\SysWOW64\ntdll.dll
0x768a0000 - 0x769b0000 	C:\Windows\syswow64\kernel32.dll
0x762a0000 - 0x762e7000 	C:\Windows\syswow64\KERNELBASE.dll
0x75900000 - 0x759a1000 	C:\Windows\syswow64\ADVAPI32.dll
0x759b0000 - 0x75a5c000 	C:\Windows\syswow64\msvcrt.dll
0x76b30000 - 0x76b49000 	C:\Windows\SysWOW64\sechost.dll
0x76110000 - 0x76200000 	C:\Windows\syswow64\RPCRT4.dll
0x75520000 - 0x75580000 	C:\Windows\syswow64\SspiCli.dll
0x75510000 - 0x7551c000 	C:\Windows\syswow64\CRYPTBASE.dll
0x76000000 - 0x76100000 	C:\Windows\syswow64\USER32.dll
0x76210000 - 0x762a0000 	C:\Windows\syswow64\GDI32.dll
0x762f0000 - 0x762fa000 	C:\Windows\syswow64\LPK.dll
0x75d70000 - 0x75e0d000 	C:\Windows\syswow64\USP10.dll
0x72e60000 - 0x72ffe000 	C:\Windows\WinSxS\x86_microsoft.windows.common-controls_6595b64144ccf1df_6.0.7601.18837_none_41e855142bd5705d\COMCTL32.dll
0x758a0000 - 0x758f7000 	C:\Windows\syswow64\SHLWAPI.dll
0x75f70000 - 0x75fd0000 	C:\Windows\system32\IMM32.DLL
0x76570000 - 0x7663c000 	C:\Windows\syswow64\MSCTF.dll
0x6e570000 - 0x6e62f000 	C:\Program Files (x86)\Java\jre1.8.0_102\bin\msvcr100.dll
0x6c950000 - 0x6cd1d000 	C:\Program Files (x86)\Java\jre1.8.0_102\bin\client\jvm.dll
0x6e2b0000 - 0x6e2b7000 	C:\Windows\system32\WSOCK32.dll
0x75f30000 - 0x75f65000 	C:\Windows\syswow64\WS2_32.dll
0x75ff0000 - 0x75ff6000 	C:\Windows\syswow64\NSI.dll
0x6dee0000 - 0x6df12000 	C:\Windows\system32\WINMM.dll
0x75440000 - 0x75449000 	C:\Windows\system32\VERSION.dll
0x75f00000 - 0x75f05000 	C:\Windows\syswow64\PSAPI.DLL
0x6e560000 - 0x6e56c000 	C:\Program Files (x86)\Java\jre1.8.0_102\bin\verify.dll
0x6e530000 - 0x6e551000 	C:\Program Files (x86)\Java\jre1.8.0_102\bin\java.dll
0x6e510000 - 0x6e523000 	C:\Program Files (x86)\Java\jre1.8.0_102\bin\zip.dll
0x76be0000 - 0x7782b000 	C:\Windows\syswow64\SHELL32.dll
0x769d0000 - 0x76b2d000 	C:\Windows\syswow64\ole32.dll
0x75e50000 - 0x75e5b000 	C:\Windows\syswow64\profapi.dll
0x74370000 - 0x74387000 	C:\Windows\system32\CRYPTSP.dll
0x74330000 - 0x7436b000 	C:\Windows\system32\rsaenh.dll
0x75fd0000 - 0x75fe7000 	C:\Windows\syswow64\USERENV.dll
0x6e4f0000 - 0x6e506000 	C:\Program Files (x86)\Java\jre1.8.0_102\bin\net.dll
0x6fab0000 - 0x6faec000 	C:\Windows\system32\mswsock.dll
0x6fa90000 - 0x6fa96000 	C:\Windows\System32\wship6.dll
0x6f920000 - 0x6f93c000 	C:\Windows\system32\IPHLPAPI.DLL
0x6f910000 - 0x6f917000 	C:\Windows\system32\WINNSI.DLL
0x6e030000 - 0x6e03d000 	C:\Windows\system32\dhcpcsvc6.DLL
0x6e010000 - 0x6e022000 	C:\Windows\system32\dhcpcsvc.DLL
0x6e4e0000 - 0x6e4ef000 	C:\Program Files (x86)\Java\jre1.8.0_102\bin\nio.dll
0x15110000 - 0x1515c000 	C:\Users\mpdlab\Desktop\CameraSoftware\VideoScanCamera\JavaVS\VsIj_Native.dll
0x6ce50000 - 0x6cf95000 	C:\Program Files (x86)\Java\jre1.8.0_102\bin\awt.dll
0x76300000 - 0x76391000 	C:\Windows\syswow64\OLEAUT32.dll
0x74290000 - 0x742a3000 	C:\Windows\system32\DWMAPI.DLL
0x742b0000 - 0x74330000 	C:\Windows\system32\uxtheme.dll
0x620e0000 - 0x622a3000 	C:\Windows\system32\d3d9.dll
0x620d0000 - 0x620d6000 	C:\Windows\system32\d3d8thk.dll
0x5bdc0000 - 0x5cb8e000 	C:\Windows\system32\nvd3dum.dll
0x73d80000 - 0x73da5000 	C:\Windows\system32\powrprof.dll
0x75700000 - 0x7589d000 	C:\Windows\syswow64\SETUPAPI.dll
0x75580000 - 0x755a7000 	C:\Windows\syswow64\CFGMGR32.dll
0x75f10000 - 0x75f22000 	C:\Windows\syswow64\DEVOBJ.dll
0x67b40000 - 0x67c7a000 	C:\Program Files (x86)\NVIDIA Corporation\3D Vision\nvSCPAPI.dll
0x67860000 - 0x67b35000 	C:\Windows\system32\nvapi.dll
0x764d0000 - 0x764ff000 	C:\Windows\syswow64\WINTRUST.dll
0x763a0000 - 0x764c1000 	C:\Windows\syswow64\CRYPT32.dll
0x76560000 - 0x7656c000 	C:\Windows\syswow64\MSASN1.dll
0x6d000000 - 0x6d0ef000 	C:\Users\mpdlab\Desktop\CameraSoftware\VideoScanCamera\JavaVS\vscorelib_v4.dll
0x6e4a0000 - 0x6e4d9000 	C:\Program Files (x86)\Java\jre1.8.0_102\bin\fontmanager.dll
0x6e460000 - 0x6e492000 	C:\Program Files (x86)\Java\jre1.8.0_102\bin\t2k.dll
0x75e60000 - 0x75ee3000 	C:\Windows\syswow64\CLBCatQ.DLL
0x662c0000 - 0x663f1000 	C:\Windows\system32\WindowsCodecs.dll
0x734c0000 - 0x7350c000 	C:\Windows\system32\apphelp.dll
0x6ce10000 - 0x6ce41000 	C:\Windows\system32\EhStorShell.dll
0x672e0000 - 0x673d5000 	C:\Windows\system32\PROPSYS.dll
0x5d140000 - 0x5d546000 	C:\PROGRA~2\MICROS~2\Office14\GROOVEEX.DLL
0x6f940000 - 0x6f9e3000 	C:\Windows\WinSxS\x86_microsoft.vc90.crt_1fc8b3b9a1e18e3b_9.0.30729.6161_none_50934f2ebcb7eb57\MSVCR90.dll
0x6e1d0000 - 0x6e25e000 	C:\Windows\WinSxS\x86_microsoft.vc90.crt_1fc8b3b9a1e18e3b_9.0.30729.6161_none_50934f2ebcb7eb57\MSVCP90.dll
0x6cfd0000 - 0x6cffb000 	C:\Windows\WinSxS\x86_microsoft.vc90.atl_1fc8b3b9a1e18e3b_9.0.30729.6161_none_51cd0a7abbe4e19b\ATL90.DLL
0x5cd20000 - 0x5d13a000 	C:\PROGRA~2\COMMON~1\MICROS~1\OFFICE14\Cultures\office.odf
0x5b540000 - 0x5bdb8000 	C:\PROGRA~2\MICROS~2\Office14\1049\GrooveIntlResource.dll
0x6cd30000 - 0x6cda0000 	C:\Windows\system32\ntshrui.dll
0x73dc0000 - 0x73dd9000 	C:\Windows\system32\srvcli.dll
0x6f620000 - 0x6f62b000 	C:\Windows\system32\cscapi.dll
0x6cfc0000 - 0x6cfca000 	C:\Windows\system32\slc.dll
0x6cfb0000 - 0x6cfb6000 	C:\Windows\system32\IconCodecService.dll
0x6df20000 - 0x6e00b000 	C:\Windows\system32\dbghelp.dll

VM Arguments:
java_command: C:\Users\mpdlab\Desktop\CameraSoftware\VideoScanCamera\JavaVS\VS.jar
java_class_path (initial): C:\Users\mpdlab\Desktop\CameraSoftware\VideoScanCamera\JavaVS\VS.jar
Launcher Type: SUN_STANDARD

Environment Variables:
PATH=C:\ProgramData\Oracle\Java\javapath;C:\Windows\system32;C:\Windows;C:\Windows\System32\Wbem;C:\Windows\System32\WindowsPowerShell\v1.0\;D:\Program Files (x86)\IVI Foundation\VISA\WinNT\Bin\;C:\Program Files\IVI Foundation\VISA\Win64\Bin\;D:\Program Files (x86)\IVI Foundation\VISA\WinNT\Bin;C:\Program Files (x86)\Windows Kits\8.1\Windows Performance Toolkit\;C:\Program Files\Microsoft SQL Server\110\Tools\Binn\;C:\Program Files (x86)\Microsoft SDKs\TypeScript\1.0\;C:\Program Files\Microsoft SQL Server\120\Tools\Binn\;C:\Program Files\Agilent\IO Libraries Suite\bin;C:\Program Files\IVI Foundation\VISA\Win64\agvisa;C:\Program Files (x86)\Agilent\IO Libraries Suite\bin;D:\Program Files (x86)\IVI Foundation\VISA\WinNT\agvisa;C:\Program Files (x86)\IVI Foundation\IVI\bin;C:\Program Files\IVI Foundation\IVI\bin;C:\Program Files (x86)\Common Files\Acronis\SnapAPI\
USERNAME=mpdlab
OS=Windows_NT
PROCESSOR_IDENTIFIER=Intel64 Family 6 Model 15 Stepping 11, GenuineIntel



---------------  S Y S T E M  ---------------

OS: Windows 7 , 64 bit Build 7601 (6.1.7601.23539)

CPU:total 4 (4 cores per cpu, 1 threads per core) family 6 model 15 stepping 11, cmov, cx8, fxsr, mmx, sse, sse2, sse3, ssse3, tsc

Memory: 4k page, physical 6289912k(3859424k free), swap 19233964k(16620848k free)

vm_info: Java HotSpot(TM) Client VM (25.102-b14) for windows-x86 JRE (1.8.0_102-b14), built on Jun 22 2016 13:13:29 by "java_re" with MS VC++ 10.0 (VS2010)

time: Wed Oct 05 15:07:07 2016
elapsed time: 3624 seconds (0d 1h 0m 24s)

