#
# A fatal error has been detected by the Java Runtime Environment:
#
#  EXCEPTION_ACCESS_VIOLATION (0xc0000005) at pc=0x048b700d, pid=9016, tid=0x00001638
#
# JRE version: Java(TM) SE Runtime Environment (8.0_102-b14) (build 1.8.0_102-b14)
# Java VM: Java HotSpot(TM) Client VM (25.102-b14 mixed mode windows-x86 )
# Problematic frame:
# C  [VsIj_Native.dll+0x1700d]
#
# Failed to write core dump. Minidumps are not enabled by default on client versions of Windows
#
# If you would like to submit a bug report, please visit:
#   http://bugreport.java.com/bugreport/crash.jsp
# The crash happened outside the Java Virtual Machine in native code.
# See problematic frame for where to report the bug.
#

---------------  T H R E A D  ---------------

Current thread (0x185cb000):  JavaThread "Ext Image grabber" [_thread_in_native, id=5688, stack(0x193d0000,0x19420000)]

siginfo: ExceptionCode=0xc0000005, reading address 0xdddddde1

Registers:
EAX=0x189607f8, EBX=0x14c9abd8, ECX=0xdddddddd, EDX=0x189607f8
ESP=0x1941f3ac, EBP=0x1941f528, ESI=0x1941f3b0, EDI=0x1941f528
EIP=0x048b700d, EFLAGS=0x00010246

Top of Stack: (sp=0x1941f3ac)
0x1941f3ac:   189607f8 185cb000 14c9abd8 14c9abd8
0x1941f3bc:   151ca8e8 cccccccc cccccccc cccccccc
0x1941f3cc:   cccccccc cccccccc cccccccc cccccccc
0x1941f3dc:   cccccccc cccccccc cccccccc cccccccc
0x1941f3ec:   cccccccc cccccccc cccccccc cccccccc
0x1941f3fc:   cccccccc cccccccc cccccccc cccccccc
0x1941f40c:   cccccccc cccccccc cccccccc cccccccc
0x1941f41c:   cccccccc cccccccc cccccccc cccccccc 

Instructions: (pc=0x048b700d)
0x048b6fed:   f4 8b 85 94 fe ff ff 50 ff 52 10 3b f4 e8 ad d8
0x048b6ffd:   ff ff 89 45 c8 8b 45 c8 8b 08 8b f4 8b 55 c8 52
0x048b700d:   ff 51 04 3b f4 e8 95 d8 ff ff 89 45 bc 83 7d bc
0x048b701d:   00 0f 84 41 01 00 00 8b f4 8d 45 e0 50 8d 4d ec 


Register to memory mapping:

EAX=0x189607f8 is an unknown value
EBX={method} {0x14c9abdc} 'getFrame' '(I)LFrame;' in 'Camera'
ECX=0xdddddddd is an unknown value
EDX=0x189607f8 is an unknown value
ESP=0x1941f3ac is pointing into the stack for thread: 0x185cb000
EBP=0x1941f528 is pointing into the stack for thread: 0x185cb000
ESI=0x1941f3b0 is pointing into the stack for thread: 0x185cb000
EDI=0x1941f528 is pointing into the stack for thread: 0x185cb000


Stack: [0x193d0000,0x19420000],  sp=0x1941f3ac,  free space=316k
Native frames: (J=compiled Java code, j=interpreted, Vv=VM code, C=native code)
C  [VsIj_Native.dll+0x1700d]
j  Camera.getFrame(I)LFrame;+0
j  sun.reflect.GeneratedMethodAccessor8.invoke(Ljava/lang/Object;[Ljava/lang/Object;)Ljava/lang/Object;+114
j  sun.reflect.DelegatingMethodAccessorImpl.invoke(Ljava/lang/Object;[Ljava/lang/Object;)Ljava/lang/Object;+6
j  java.lang.reflect.Method.invoke(Ljava/lang/Object;[Ljava/lang/Object;)Ljava/lang/Object;+56
j  CameraWrapper.getFrame()LExtFrame;+31
j  ExtImagePanel.run()V+7
j  java.lang.Thread.run()V+11
v  ~StubRoutines::call_stub
V  [jvm.dll+0x15a6e5]
V  [jvm.dll+0x2204fe]
V  [jvm.dll+0x15a77e]
V  [jvm.dll+0x15a906]
V  [jvm.dll+0x15a977]
V  [jvm.dll+0xfed1f]
V  [jvm.dll+0x17d210]
V  [jvm.dll+0x17da8a]
V  [jvm.dll+0x1c2506]
C  [msvcr100.dll+0x5c556]
C  [msvcr100.dll+0x5c600]
C  [kernel32.dll+0x1336a]
C  [ntdll.dll+0x39902]
C  [ntdll.dll+0x398d5]
C  0x00000000

Java frames: (J=compiled Java code, j=interpreted, Vv=VM code)
j  Camera.getFrame(I)LFrame;+0
j  sun.reflect.GeneratedMethodAccessor8.invoke(Ljava/lang/Object;[Ljava/lang/Object;)Ljava/lang/Object;+114
j  sun.reflect.DelegatingMethodAccessorImpl.invoke(Ljava/lang/Object;[Ljava/lang/Object;)Ljava/lang/Object;+6
j  java.lang.reflect.Method.invoke(Ljava/lang/Object;[Ljava/lang/Object;)Ljava/lang/Object;+56
j  CameraWrapper.getFrame()LExtFrame;+31
j  ExtImagePanel.run()V+7
j  java.lang.Thread.run()V+11
v  ~StubRoutines::call_stub

---------------  P R O C E S S  ---------------

Java Threads: ( => current thread )
  0x1887c000 JavaThread "Thread-0" daemon [_thread_in_native, id=9116, stack(0x19990000,0x199e0000)]
  0x1887b800 JavaThread "TimerQueue" daemon [_thread_blocked, id=8392, stack(0x198e0000,0x19930000)]
  0x1887b400 JavaThread "DestroyJavaVM" [_thread_blocked, id=6228, stack(0x004c0000,0x00510000)]
  0x187b1c00 JavaThread "WebSocketWorker-22" [_thread_blocked, id=4576, stack(0x19650000,0x196a0000)]
  0x187b1400 JavaThread "WebSocketWorker-21" [_thread_blocked, id=4384, stack(0x19930000,0x19980000)]
  0x1881ec00 JavaThread "WebSocketWorker-20" [_thread_blocked, id=7140, stack(0x19720000,0x19770000)]
  0x1876ac00 JavaThread "WebSocketWorker-19" [_thread_blocked, id=5252, stack(0x19460000,0x194b0000)]
=>0x185cb000 JavaThread "Ext Image grabber" [_thread_in_native, id=5688, stack(0x193d0000,0x19420000)]
  0x18617000 JavaThread "D3D Screen Updater" daemon [_thread_in_native, id=4608, stack(0x194f0000,0x19540000)]
  0x18563c00 JavaThread "AWT-EventQueue-0" [_thread_blocked, id=7392, stack(0x18bc0000,0x18c10000)]
  0x18562c00 JavaThread "AWT-Shutdown" [_thread_blocked, id=7368, stack(0x18c90000,0x18ce0000)]
  0x1500cc00 JavaThread "AWT-Windows" daemon [_thread_in_native, id=8800, stack(0x15af0000,0x15b40000)]
  0x15009800 JavaThread "Java2D Disposer" daemon [_thread_blocked, id=4844, stack(0x15970000,0x159c0000)]
  0x14edfc00 JavaThread "Service Thread" daemon [_thread_blocked, id=8248, stack(0x15250000,0x152a0000)]
  0x14eb7800 JavaThread "C1 CompilerThread0" daemon [_thread_blocked, id=9052, stack(0x153a0000,0x153f0000)]
  0x14eb6400 JavaThread "Attach Listener" daemon [_thread_blocked, id=8892, stack(0x152f0000,0x15340000)]
  0x14eb3400 JavaThread "Signal Dispatcher" daemon [_thread_blocked, id=4264, stack(0x15080000,0x150d0000)]
  0x14ea6000 JavaThread "Finalizer" daemon [_thread_blocked, id=8292, stack(0x15150000,0x151a0000)]
  0x14e81000 JavaThread "Reference Handler" daemon [_thread_blocked, id=4320, stack(0x049b0000,0x04a00000)]

Other Threads:
  0x14e7ac00 VMThread [stack: 0x04910000,0x04960000] [id=9168]
  0x14ee3000 WatcherThread [stack: 0x15730000,0x15780000] [id=8388]

VM state:not at safepoint (normal execution)

VM Mutex/Monitor currently owned by a thread: None

Heap:
 def new generation   total 12096K, used 3359K [0x04a00000, 0x05720000, 0x09f50000)
  eden space 10752K,  31% used [0x04a00000, 0x04d47cc0, 0x05480000)
  from space 1344K,   0% used [0x05480000, 0x05480000, 0x055d0000)
  to   space 1344K,   0% used [0x055d0000, 0x055d0000, 0x05720000)
 tenured generation   total 26788K, used 16072K [0x09f50000, 0x0b979000, 0x14a00000)
   the space 26788K,  59% used [0x09f50000, 0x0af02250, 0x0af02400, 0x0b979000)
 Metaspace       used 7751K, capacity 8025K, committed 8064K, reserved 8576K

Card table byte_map: [0x022f0000,0x02380000] byte_map_base: 0x022cb000

Polling page: 0x00100000

CodeCache: size=32768Kb used=1250Kb max_used=1250Kb free=31517Kb
 bounds [0x028a0000, 0x029e0000, 0x048a0000]
 total_blobs=700 nmethods=458 adapters=174
 compilation: enabled

Compilation events (10 events):
Event: 11.038 Thread 0x14eb7800  456             java.awt.EventQueue::eventToCacheIndex (80 bytes)
Event: 11.038 Thread 0x14eb7800 nmethod 456 0x029d7c08 code [0x029d7d00, 0x029d7e50]
Event: 11.358 Thread 0x14eb7800  457  s          java.awt.Toolkit::getDefaultToolkit (24 bytes)
Event: 11.358 Thread 0x14eb7800 nmethod 457 0x029d7ec8 code [0x029d7fe0, 0x029d8208]
Event: 11.602 Thread 0x14eb7800  458             java.awt.image.PackedColorModel::countBits (44 bytes)
Event: 11.602 Thread 0x14eb7800 nmethod 458 0x029d82c8 code [0x029d83c0, 0x029d8490]
Event: 15.285 Thread 0x14eb7800  459             java.lang.String::toString (2 bytes)
Event: 15.285 Thread 0x14eb7800 nmethod 459 0x029d8508 code [0x029d8600, 0x029d8680]
Event: 15.796 Thread 0x14eb7800  460             sun.awt.SunToolkit::flushPendingEvents (19 bytes)
Event: 15.796 Thread 0x14eb7800 nmethod 460 0x029d86c8 code [0x029d87e0, 0x029d88b8]

GC Heap History (10 events):
Event: 13.564 GC heap before
{Heap before GC invocations=25 (full 11):
 def new generation   total 12096K, used 8628K [0x04a00000, 0x05720000, 0x09f50000)
  eden space 10752K,  80% used [0x04a00000, 0x0526d1c8, 0x05480000)
  from space 1344K,   0% used [0x055d0000, 0x055d0018, 0x05720000)
  to   space 1344K,   0% used [0x05480000, 0x05480000, 0x055d0000)
 tenured generation   total 26788K, used 18899K [0x09f50000, 0x0b979000, 0x14a00000)
   the space 26788K,  70% used [0x09f50000, 0x0b1c4f18, 0x0b1c5000, 0x0b979000)
 Metaspace       used 7725K, capacity 7993K, committed 8064K, reserved 8576K
Event: 13.589 GC heap after
Heap after GC invocations=26 (full 12):
 def new generation   total 12096K, used 0K [0x04a00000, 0x05720000, 0x09f50000)
  eden space 10752K,   0% used [0x04a00000, 0x04a00000, 0x05480000)
  from space 1344K,   0% used [0x05480000, 0x05480000, 0x055d0000)
  to   space 1344K,   0% used [0x055d0000, 0x055d0000, 0x05720000)
 tenured generation   total 26788K, used 16070K [0x09f50000, 0x0b979000, 0x14a00000)
   the space 26788K,  59% used [0x09f50000, 0x0af01850, 0x0af01a00, 0x0b979000)
 Metaspace       used 7725K, capacity 7993K, committed 8064K, reserved 8576K
}
Event: 13.693 GC heap before
{Heap before GC invocations=26 (full 12):
 def new generation   total 12096K, used 8757K [0x04a00000, 0x05720000, 0x09f50000)
  eden space 10752K,  81% used [0x04a00000, 0x0528d470, 0x05480000)
  from space 1344K,   0% used [0x05480000, 0x05480000, 0x055d0000)
  to   space 1344K,   0% used [0x055d0000, 0x055d0000, 0x05720000)
 tenured generation   total 26788K, used 16070K [0x09f50000, 0x0b979000, 0x14a00000)
   the space 26788K,  59% used [0x09f50000, 0x0af01850, 0x0af01a00, 0x0b979000)
 Metaspace       used 7725K, capacity 7993K, committed 8064K, reserved 8576K
Event: 13.698 GC heap after
Heap after GC invocations=27 (full 12):
 def new generation   total 12096K, used 3K [0x04a00000, 0x05720000, 0x09f50000)
  eden space 10752K,   0% used [0x04a00000, 0x04a00000, 0x05480000)
  from space 1344K,   0% used [0x055d0000, 0x055d0cf0, 0x05720000)
  to   space 1344K,   0% used [0x05480000, 0x05480000, 0x055d0000)
 tenured generation   total 26788K, used 24552K [0x09f50000, 0x0b979000, 0x14a00000)
   the space 26788K,  91% used [0x09f50000, 0x0b74a270, 0x0b74a400, 0x0b979000)
 Metaspace       used 7725K, capacity 7993K, committed 8064K, reserved 8576K
}
Event: 15.601 GC heap before
{Heap before GC invocations=27 (full 12):
 def new generation   total 12096K, used 8739K [0x04a00000, 0x05720000, 0x09f50000)
  eden space 10752K,  81% used [0x04a00000, 0x052882e0, 0x05480000)
  from space 1344K,   0% used [0x055d0000, 0x055d0cf0, 0x05720000)
  to   space 1344K,   0% used [0x05480000, 0x05480000, 0x055d0000)
 tenured generation   total 26788K, used 24552K [0x09f50000, 0x0b979000, 0x14a00000)
   the space 26788K,  91% used [0x09f50000, 0x0b74a270, 0x0b74a400, 0x0b979000)
 Metaspace       used 7747K, capacity 8025K, committed 8064K, reserved 8576K
Event: 15.622 GC heap after
Heap after GC invocations=28 (full 13):
 def new generation   total 12096K, used 0K [0x04a00000, 0x05720000, 0x09f50000)
  eden space 10752K,   0% used [0x04a00000, 0x04a00000, 0x05480000)
  from space 1344K,   0% used [0x05480000, 0x05480000, 0x055d0000)
  to   space 1344K,   0% used [0x055d0000, 0x055d0000, 0x05720000)
 tenured generation   total 26788K, used 13245K [0x09f50000, 0x0b979000, 0x14a00000)
   the space 26788K,  49% used [0x09f50000, 0x0ac3f710, 0x0ac3f800, 0x0b979000)
 Metaspace       used 7747K, capacity 8025K, committed 8064K, reserved 8576K
}
Event: 15.627 GC heap before
{Heap before GC invocations=28 (full 13):
 def new generation   total 12096K, used 5766K [0x04a00000, 0x05720000, 0x09f50000)
  eden space 10752K,  53% used [0x04a00000, 0x04fa1a50, 0x05480000)
  from space 1344K,   0% used [0x05480000, 0x05480000, 0x055d0000)
  to   space 1344K,   0% used [0x055d0000, 0x055d0000, 0x05720000)
 tenured generation   total 26788K, used 13245K [0x09f50000, 0x0b979000, 0x14a00000)
   the space 26788K,  49% used [0x09f50000, 0x0ac3f710, 0x0ac3f800, 0x0b979000)
 Metaspace       used 7747K, capacity 8025K, committed 8064K, reserved 8576K
Event: 15.631 GC heap after
Heap after GC invocations=29 (full 13):
 def new generation   total 12096K, used 0K [0x04a00000, 0x05720000, 0x09f50000)
  eden space 10752K,   0% used [0x04a00000, 0x04a00000, 0x05480000)
  from space 1344K,   0% used [0x055d0000, 0x055d0018, 0x05720000)
  to   space 1344K,   0% used [0x05480000, 0x05480000, 0x055d0000)
 tenured generation   total 26788K, used 18900K [0x09f50000, 0x0b979000, 0x14a00000)
   the space 26788K,  70% used [0x09f50000, 0x0b1c5320, 0x0b1c5400, 0x0b979000)
 Metaspace       used 7747K, capacity 8025K, committed 8064K, reserved 8576K
}
Event: 15.637 GC heap before
{Heap before GC invocations=29 (full 13):
 def new generation   total 12096K, used 8628K [0x04a00000, 0x05720000, 0x09f50000)
  eden space 10752K,  80% used [0x04a00000, 0x0526d3a0, 0x05480000)
  from space 1344K,   0% used [0x055d0000, 0x055d0018, 0x05720000)
  to   space 1344K,   0% used [0x05480000, 0x05480000, 0x055d0000)
 tenured generation   total 26788K, used 18900K [0x09f50000, 0x0b979000, 0x14a00000)
   the space 26788K,  70% used [0x09f50000, 0x0b1c5320, 0x0b1c5400, 0x0b979000)
 Metaspace       used 7747K, capacity 8025K, committed 8064K, reserved 8576K
Event: 15.660 GC heap after
Heap after GC invocations=30 (full 14):
 def new generation   total 12096K, used 0K [0x04a00000, 0x05720000, 0x09f50000)
  eden space 10752K,   0% used [0x04a00000, 0x04a00000, 0x05480000)
  from space 1344K,   0% used [0x05480000, 0x05480000, 0x055d0000)
  to   space 1344K,   0% used [0x055d0000, 0x055d0000, 0x05720000)
 tenured generation   total 26788K, used 16072K [0x09f50000, 0x0b979000, 0x14a00000)
   the space 26788K,  59% used [0x09f50000, 0x0af02250, 0x0af02400, 0x0b979000)
 Metaspace       used 7747K, capacity 8025K, committed 8064K, reserved 8576K
}

Deoptimization events (0 events):
No events

Internal exceptions (10 events):
Event: 0.301 Thread 0x023cc400 Exception <a 'java/lang/NoSuchFieldError': method resolution failed> (0x04c530e0) thrown at [C:\re\workspace\8-2-build-windows-i586-cygwin\jdk8u102\7268\hotspot\src\share\vm\prims\methodHandles.cpp, line 1146]
Event: 0.303 Thread 0x023cc400 Exception <a 'java/lang/NoSuchFieldError': method resolution failed> (0x04c5f5f8) thrown at [C:\re\workspace\8-2-build-windows-i586-cygwin\jdk8u102\7268\hotspot\src\share\vm\prims\methodHandles.cpp, line 1146]
Event: 0.345 Thread 0x023cc400 Exception <a 'java/io/FileNotFoundException'> (0x04ce48c0) thrown at [C:\re\workspace\8-2-build-windows-i586-cygwin\jdk8u102\7268\hotspot\src\share\vm\prims\jni.cpp, line 709]
Event: 3.544 Thread 0x023cc400 Exception <a 'java/io/IOException'> (0x04bd1548) thrown at [C:\re\workspace\8-2-build-windows-i586-cygwin\jdk8u102\7268\hotspot\src\share\vm\prims\jni.cpp, line 709]
Event: 3.544 Thread 0x023cc400 Exception <a 'java/io/IOException'> (0x04bd1808) thrown at [C:\re\workspace\8-2-build-windows-i586-cygwin\jdk8u102\7268\hotspot\src\share\vm\prims\jni.cpp, line 709]
Event: 3.544 Thread 0x023cc400 Exception <a 'java/io/IOException'> (0x04bd1a70) thrown at [C:\re\workspace\8-2-build-windows-i586-cygwin\jdk8u102\7268\hotspot\src\share\vm\prims\jni.cpp, line 709]
Event: 3.580 Thread 0x023cc400 Exception <a 'java/io/IOException'> (0x04c2d030) thrown at [C:\re\workspace\8-2-build-windows-i586-cygwin\jdk8u102\7268\hotspot\src\share\vm\prims\jni.cpp, line 709]
Event: 3.580 Thread 0x023cc400 Exception <a 'java/io/IOException'> (0x04c2d2c8) thrown at [C:\re\workspace\8-2-build-windows-i586-cygwin\jdk8u102\7268\hotspot\src\share\vm\prims\jni.cpp, line 709]
Event: 3.580 Thread 0x023cc400 Exception <a 'java/io/IOException'> (0x04c2d530) thrown at [C:\re\workspace\8-2-build-windows-i586-cygwin\jdk8u102\7268\hotspot\src\share\vm\prims\jni.cpp, line 709]
Event: 3.609 Thread 0x1887b400 Exception <a 'java/net/BindException': Address already in use: bind> (0x04cc4f38) thrown at [C:\re\workspace\8-2-build-windows-i586-cygwin\jdk8u102\7268\hotspot\src\share\vm\prims\jni.cpp, line 735]

Events (10 events):
Event: 15.631 Executing VM operation: GenCollectForAllocation done
Event: 15.637 Executing VM operation: GenCollectForAllocation
Event: 15.660 Executing VM operation: GenCollectForAllocation done
Event: 15.783 loading class javax/swing/Timer$1
Event: 15.795 loading class javax/swing/Timer$1 done
Event: 17.558 Thread 0x1887c000 Thread added: 0x1887c000
Event: 17.559 loading class sun/java2d/pipe/hw/AccelDeviceEventNotifier
Event: 17.560 loading class sun/java2d/pipe/hw/AccelDeviceEventNotifier done
Event: 17.560 Thread 0x1887c800 Thread added: 0x1887c800
Event: 17.561 Thread 0x1887c800 Thread exited: 0x1887c800


Dynamic libraries:
0x00350000 - 0x00383000 	C:\Program Files (x86)\Java\jre1.8.0_102\bin\javaw.exe
0x77ad0000 - 0x77c50000 	C:\Windows\SysWOW64\ntdll.dll
0x76410000 - 0x76520000 	C:\Windows\syswow64\kernel32.dll
0x75c40000 - 0x75c87000 	C:\Windows\syswow64\KERNELBASE.dll
0x76630000 - 0x766d1000 	C:\Windows\syswow64\ADVAPI32.dll
0x75ee0000 - 0x75f8c000 	C:\Windows\syswow64\msvcrt.dll
0x776b0000 - 0x776c9000 	C:\Windows\SysWOW64\sechost.dll
0x755c0000 - 0x756b0000 	C:\Windows\syswow64\RPCRT4.dll
0x753c0000 - 0x75420000 	C:\Windows\syswow64\SspiCli.dll
0x753b0000 - 0x753bc000 	C:\Windows\syswow64\CRYPTBASE.dll
0x76520000 - 0x76620000 	C:\Windows\syswow64\USER32.dll
0x774e0000 - 0x77570000 	C:\Windows\syswow64\GDI32.dll
0x75d00000 - 0x75d0a000 	C:\Windows\syswow64\LPK.dll
0x77580000 - 0x7761d000 	C:\Windows\syswow64\USP10.dll
0x70df0000 - 0x70f8e000 	C:\Windows\WinSxS\x86_microsoft.windows.common-controls_6595b64144ccf1df_6.0.7601.18837_none_41e855142bd5705d\COMCTL32.dll
0x75d20000 - 0x75d77000 	C:\Windows\syswow64\SHLWAPI.dll
0x77480000 - 0x774e0000 	C:\Windows\system32\IMM32.DLL
0x75d80000 - 0x75e4d000 	C:\Windows\syswow64\MSCTF.dll
0x601f0000 - 0x602af000 	C:\Program Files (x86)\Java\jre1.8.0_102\bin\msvcr100.dll
0x5fe20000 - 0x601ed000 	C:\Program Files (x86)\Java\jre1.8.0_102\bin\client\jvm.dll
0x71870000 - 0x71877000 	C:\Windows\system32\WSOCK32.dll
0x75f90000 - 0x75fc5000 	C:\Windows\syswow64\WS2_32.dll
0x75d10000 - 0x75d16000 	C:\Windows\syswow64\NSI.dll
0x714a0000 - 0x714d2000 	C:\Windows\system32\WINMM.dll
0x752e0000 - 0x752e9000 	C:\Windows\system32\VERSION.dll
0x77470000 - 0x77475000 	C:\Windows\syswow64\PSAPI.DLL
0x65f00000 - 0x65f0c000 	C:\Program Files (x86)\Java\jre1.8.0_102\bin\verify.dll
0x65ed0000 - 0x65ef1000 	C:\Program Files (x86)\Java\jre1.8.0_102\bin\java.dll
0x627b0000 - 0x627c3000 	C:\Program Files (x86)\Java\jre1.8.0_102\bin\zip.dll
0x76780000 - 0x773cc000 	C:\Windows\syswow64\SHELL32.dll
0x75800000 - 0x7595d000 	C:\Windows\syswow64\ole32.dll
0x77570000 - 0x7757b000 	C:\Windows\syswow64\profapi.dll
0x73820000 - 0x73837000 	C:\Windows\system32\CRYPTSP.dll
0x737e0000 - 0x7381b000 	C:\Windows\system32\rsaenh.dll
0x762b0000 - 0x762c7000 	C:\Windows\syswow64\USERENV.dll
0x62790000 - 0x627a6000 	C:\Program Files (x86)\Java\jre1.8.0_102\bin\net.dll
0x71d50000 - 0x71d8c000 	C:\Windows\system32\mswsock.dll
0x71d30000 - 0x71d36000 	C:\Windows\System32\wship6.dll
0x71bc0000 - 0x71bdc000 	C:\Windows\system32\IPHLPAPI.DLL
0x71bb0000 - 0x71bb7000 	C:\Windows\system32\WINNSI.DLL
0x715f0000 - 0x715fd000 	C:\Windows\system32\dhcpcsvc6.DLL
0x715d0000 - 0x715e2000 	C:\Windows\system32\dhcpcsvc.DLL
0x66e50000 - 0x66e5f000 	C:\Program Files (x86)\Java\jre1.8.0_102\bin\nio.dll
0x048a0000 - 0x048ec000 	C:\Users\mpdlab\Desktop\CameraSoftware\VideoScanCamera\JavaVS\VsIj_Native.dll
0x5fcd0000 - 0x5fe15000 	C:\Program Files (x86)\Java\jre1.8.0_102\bin\awt.dll
0x75ba0000 - 0x75c31000 	C:\Windows\syswow64\OLEAUT32.dll
0x67d00000 - 0x67d13000 	C:\Windows\system32\DWMAPI.DLL
0x6d3b0000 - 0x6d430000 	C:\Windows\system32\uxtheme.dll
0x69790000 - 0x697d1000 	C:\Program Files (x86)\TeamViewer\tv_w32.dll
0x67b30000 - 0x67cf3000 	C:\Windows\system32\d3d9.dll
0x67b20000 - 0x67b26000 	C:\Windows\system32\d3d8thk.dll
0x50130000 - 0x50efe000 	C:\Windows\system32\nvd3dum.dll
0x70930000 - 0x70955000 	C:\Windows\system32\powrprof.dll
0x75420000 - 0x755bd000 	C:\Windows\syswow64\SETUPAPI.dll
0x75c90000 - 0x75cb7000 	C:\Windows\syswow64\CFGMGR32.dll
0x77450000 - 0x77462000 	C:\Windows\syswow64\DEVOBJ.dll
0x5f160000 - 0x5f29a000 	C:\Program Files (x86)\NVIDIA Corporation\3D Vision\nvSCPAPI.dll
0x5f3e0000 - 0x5f6b5000 	C:\Windows\system32\nvapi.dll
0x75cc0000 - 0x75cef000 	C:\Windows\syswow64\WINTRUST.dll
0x762d0000 - 0x763f1000 	C:\Windows\syswow64\CRYPT32.dll
0x75e50000 - 0x75e5c000 	C:\Windows\syswow64\MSASN1.dll
0x5fbe0000 - 0x5fccf000 	C:\Users\mpdlab\Desktop\CameraSoftware\VideoScanCamera\JavaVS\vscorelib_v4.dll
0x62750000 - 0x62789000 	C:\Program Files (x86)\Java\jre1.8.0_102\bin\fontmanager.dll
0x62710000 - 0x62742000 	C:\Program Files (x86)\Java\jre1.8.0_102\bin\t2k.dll
0x77620000 - 0x776a3000 	C:\Windows\syswow64\CLBCatQ.DLL
0x69ec0000 - 0x69ff1000 	C:\Windows\system32\WindowsCodecs.dll
0x70210000 - 0x7025c000 	C:\Windows\system32\apphelp.dll
0x621f0000 - 0x62221000 	C:\Windows\system32\EhStorShell.dll
0x70cf0000 - 0x70de5000 	C:\Windows\system32\PROPSYS.dll
0x5e940000 - 0x5ed46000 	C:\PROGRA~2\MICROS~2\Office14\GROOVEEX.DLL
0x71be0000 - 0x71c83000 	C:\Windows\WinSxS\x86_microsoft.vc90.crt_1fc8b3b9a1e18e3b_9.0.30729.6161_none_50934f2ebcb7eb57\MSVCR90.dll
0x71630000 - 0x716be000 	C:\Windows\WinSxS\x86_microsoft.vc90.crt_1fc8b3b9a1e18e3b_9.0.30729.6161_none_50934f2ebcb7eb57\MSVCP90.dll
0x626e0000 - 0x6270b000 	C:\Windows\WinSxS\x86_microsoft.vc90.atl_1fc8b3b9a1e18e3b_9.0.30729.6161_none_51cd0a7abbe4e19b\ATL90.DLL
0x5e520000 - 0x5e93a000 	C:\PROGRA~2\COMMON~1\MICROS~1\OFFICE14\Cultures\office.odf
0x5bd40000 - 0x5c5b8000 	C:\PROGRA~2\MICROS~2\Office14\1049\GrooveIntlResource.dll
0x5c8f0000 - 0x5c960000 	C:\Windows\system32\ntshrui.dll
0x709e0000 - 0x709f9000 	C:\Windows\system32\srvcli.dll
0x6b910000 - 0x6b91b000 	C:\Windows\system32\cscapi.dll
0x6f590000 - 0x6f59a000 	C:\Windows\system32\slc.dll
0x714e0000 - 0x715cb000 	C:\Windows\system32\dbghelp.dll

VM Arguments:
java_command: C:\Users\mpdlab\Desktop\CameraSoftware\VideoScanCamera\JavaVS\VS.jar
java_class_path (initial): C:\Users\mpdlab\Desktop\CameraSoftware\VideoScanCamera\JavaVS\VS.jar
Launcher Type: SUN_STANDARD

Environment Variables:
PATH=C:\ProgramData\Oracle\Java\javapath;C:\Windows\system32;C:\Windows;C:\Windows\System32\Wbem;C:\Windows\System32\WindowsPowerShell\v1.0\;D:\Program Files (x86)\IVI Foundation\VISA\WinNT\Bin\;C:\Program Files\IVI Foundation\VISA\Win64\Bin\;D:\Program Files (x86)\IVI Foundation\VISA\WinNT\Bin;C:\Program Files (x86)\Windows Kits\8.1\Windows Performance Toolkit\;C:\Program Files\Microsoft SQL Server\110\Tools\Binn\;C:\Program Files (x86)\Microsoft SDKs\TypeScript\1.0\;C:\Program Files\Microsoft SQL Server\120\Tools\Binn\;C:\Program Files\Agilent\IO Libraries Suite\bin;C:\Program Files\IVI Foundation\VISA\Win64\agvisa;C:\Program Files (x86)\Agilent\IO Libraries Suite\bin;D:\Program Files (x86)\IVI Foundation\VISA\WinNT\agvisa;C:\Program Files (x86)\IVI Foundation\IVI\bin;C:\Program Files\IVI Foundation\IVI\bin;C:\Program Files (x86)\Common Files\Acronis\SnapAPI\
USERNAME=mpdlab
OS=Windows_NT
PROCESSOR_IDENTIFIER=Intel64 Family 6 Model 15 Stepping 11, GenuineIntel



---------------  S Y S T E M  ---------------

OS: Windows 7 , 64 bit Build 7601 (6.1.7601.23572)

CPU:total 4 (4 cores per cpu, 1 threads per core) family 6 model 15 stepping 11, cmov, cx8, fxsr, mmx, sse, sse2, sse3, ssse3, tsc

Memory: 4k page, physical 6289912k(3093936k free), swap 19233964k(15893924k free)

vm_info: Java HotSpot(TM) Client VM (25.102-b14) for windows-x86 JRE (1.8.0_102-b14), built on Jun 22 2016 13:13:29 by "java_re" with MS VC++ 10.0 (VS2010)

time: Wed Jan 25 15:14:28 2017
elapsed time: 17 seconds (0d 0h 0m 17s)

